11-Dec-2021 08:11:24.922 INFORMAZIONI [main] org.apache.catalina.startup.VersionLoggerListener.log Server version name:   Apache Tomcat/10.0.13
11-Dec-2021 08:11:24.926 INFORMAZIONI [main] org.apache.catalina.startup.VersionLoggerListener.log Server built:          Nov 9 2021 22:12:58 UTC
11-Dec-2021 08:11:24.927 INFORMAZIONI [main] org.apache.catalina.startup.VersionLoggerListener.log Server version number: 10.0.13.0
11-Dec-2021 08:11:24.927 INFORMAZIONI [main] org.apache.catalina.startup.VersionLoggerListener.log OS Name:               Windows 10
11-Dec-2021 08:11:24.927 INFORMAZIONI [main] org.apache.catalina.startup.VersionLoggerListener.log OS Version:            10.0
11-Dec-2021 08:11:24.927 INFORMAZIONI [main] org.apache.catalina.startup.VersionLoggerListener.log Architecture:          amd64
11-Dec-2021 08:11:24.927 INFORMAZIONI [main] org.apache.catalina.startup.VersionLoggerListener.log Java Home:             C:\Users\Mazzoleni.17108\Desktop\BlueJ\bluej\jdk
11-Dec-2021 08:11:24.928 INFORMAZIONI [main] org.apache.catalina.startup.VersionLoggerListener.log JVM Version:           11.0.10+9
11-Dec-2021 08:11:24.928 INFORMAZIONI [main] org.apache.catalina.startup.VersionLoggerListener.log JVM Vendor:            AdoptOpenJDK
11-Dec-2021 08:11:24.928 INFORMAZIONI [main] org.apache.catalina.startup.VersionLoggerListener.log CATALINA_BASE:         C:\Users\Mazzoleni.17108\Desktop\apache-tomcat-10.0.13\apache-tomcat-10.0.13
11-Dec-2021 08:11:24.928 INFORMAZIONI [main] org.apache.catalina.startup.VersionLoggerListener.log CATALINA_HOME:         C:\Users\Mazzoleni.17108\Desktop\apache-tomcat-10.0.13\apache-tomcat-10.0.13
11-Dec-2021 08:11:24.946 INFORMAZIONI [main] org.apache.catalina.startup.VersionLoggerListener.log Command line argument: --add-opens=java.base/java.lang=ALL-UNNAMED
11-Dec-2021 08:11:24.946 INFORMAZIONI [main] org.apache.catalina.startup.VersionLoggerListener.log Command line argument: --add-opens=java.base/java.io=ALL-UNNAMED
11-Dec-2021 08:11:24.947 INFORMAZIONI [main] org.apache.catalina.startup.VersionLoggerListener.log Command line argument: --add-opens=java.base/java.util=ALL-UNNAMED
11-Dec-2021 08:11:24.947 INFORMAZIONI [main] org.apache.catalina.startup.VersionLoggerListener.log Command line argument: --add-opens=java.base/java.util.concurrent=ALL-UNNAMED
11-Dec-2021 08:11:24.947 INFORMAZIONI [main] org.apache.catalina.startup.VersionLoggerListener.log Command line argument: --add-opens=java.rmi/sun.rmi.transport=ALL-UNNAMED
11-Dec-2021 08:11:24.948 INFORMAZIONI [main] org.apache.catalina.startup.VersionLoggerListener.log Command line argument: -Djava.util.logging.config.file=C:\Users\Mazzoleni.17108\Desktop\apache-tomcat-10.0.13\apache-tomcat-10.0.13\conf\logging.properties
11-Dec-2021 08:11:24.948 INFORMAZIONI [main] org.apache.catalina.startup.VersionLoggerListener.log Command line argument: -Djava.util.logging.manager=org.apache.juli.ClassLoaderLogManager
11-Dec-2021 08:11:24.948 INFORMAZIONI [main] org.apache.catalina.startup.VersionLoggerListener.log Command line argument: -Djdk.tls.ephemeralDHKeySize=2048
11-Dec-2021 08:11:24.949 INFORMAZIONI [main] org.apache.catalina.startup.VersionLoggerListener.log Command line argument: -Djava.protocol.handler.pkgs=org.apache.catalina.webresources
11-Dec-2021 08:11:24.949 INFORMAZIONI [main] org.apache.catalina.startup.VersionLoggerListener.log Command line argument: -Dignore.endorsed.dirs=
11-Dec-2021 08:11:24.949 INFORMAZIONI [main] org.apache.catalina.startup.VersionLoggerListener.log Command line argument: -Dcatalina.base=C:\Users\Mazzoleni.17108\Desktop\apache-tomcat-10.0.13\apache-tomcat-10.0.13
11-Dec-2021 08:11:24.950 INFORMAZIONI [main] org.apache.catalina.startup.VersionLoggerListener.log Command line argument: -Dcatalina.home=C:\Users\Mazzoleni.17108\Desktop\apache-tomcat-10.0.13\apache-tomcat-10.0.13
11-Dec-2021 08:11:24.950 INFORMAZIONI [main] org.apache.catalina.startup.VersionLoggerListener.log Command line argument: -Djava.io.tmpdir=C:\Users\Mazzoleni.17108\Desktop\apache-tomcat-10.0.13\apache-tomcat-10.0.13\temp
11-Dec-2021 08:11:24.957 INFORMAZIONI [main] org.apache.catalina.core.AprLifecycleListener.lifecycleEvent The Apache Tomcat Native library which allows using OpenSSL was not found on the java.library.path: [C:\Users\Mazzoleni.17108\Desktop\BlueJ\bluej\jdk\bin;C:\WINDOWS\Sun\Java\bin;C:\WINDOWS\system32;C:\WINDOWS;C:\Program Files (x86)\Common Files\Oracle\Java\javapath;C:\Program Files (x86)\Intel\Intel(R) Management Engine Components\iCLS\;C:\Program Files\Intel\Intel(R) Management Engine Components\iCLS\;C:\WINDOWS\system32;C:\WINDOWS;C:\WINDOWS\System32\Wbem;C:\WINDOWS\System32\WindowsPowerShell\v1.0\;C:\WINDOWS\System32\OpenSSH\;C:\Program Files (x86)\Intel\Intel(R) Management Engine Components\DAL;C:\Program Files\Intel\Intel(R) Management Engine Components\DAL;C:\Program Files (x86)\Intel\Intel(R) Management Engine Components\IPT;C:\Program Files\Intel\Intel(R) Management Engine Components\IPT;C:\Program Files (x86)\ATI Technologies\ATI.ACE\Core-Static;C:\Program Files (x86)\IVI Foundation\IVI\bin;C:\Program Files\IVI Foundation\IVI\bin;C:\Program Files\IVI Foundation\VISA\Win64\Bin\;C:\Program Files (x86)\IVI Foundation\VISA\WinNT\Bin\;C:\Program Files (x86)\IVI Foundation\VISA\WinNT\Bin;C:\Program Files (x86)\National Instruments\Motion Assistant\bin\mxwplugins;C:\Program Files (x86)\National Instruments\Shared\System\;c:\Program Files (x86)\Microsoft SQL Server\90\Tools\binn\;C:\Program Files (x86)\Microchip\MPLAB C32 Suite\bin;C:\Program Files\dotnet\;C:\Program Files\Microsoft SQL Server\130\Tools\Binn\;C:\Program Files\Microsoft SQL Server\Client SDK\ODBC\170\Tools\Binn\;C:\Program Files (x86)\dotnet\;C:\Program Files (x86)\Schneider Electric\EcoStruxure Machine Expert - Basic\;C:\Program Files\nodejs\;C:\xampp\php;C:\ProgramData\ComposerSetup\bin;C:\Program Files\Git\cmd;C:\Program Files\Docker\Docker\resources\bin;C:\ProgramData\DockerDesktop\version-bin;C:\Users\Mazzoleni.17108\AppData\Local\Microsoft\WindowsApps;;.]
11-Dec-2021 08:11:25.212 INFORMAZIONI [main] org.apache.coyote.AbstractProtocol.init Initializing ProtocolHandler ["http-nio-8000"]
11-Dec-2021 08:11:25.236 INFORMAZIONI [main] org.apache.catalina.startup.Catalina.load Server initialization in [532] milliseconds
11-Dec-2021 08:11:25.287 INFORMAZIONI [main] org.apache.catalina.core.StandardService.startInternal Starting service [Catalina]
11-Dec-2021 08:11:25.287 INFORMAZIONI [main] org.apache.catalina.core.StandardEngine.startInternal Starting Servlet engine: [Apache Tomcat/10.0.13]
11-Dec-2021 08:11:25.297 INFORMAZIONI [main] org.apache.catalina.startup.HostConfig.deployDirectory Deploying web application directory [C:\Users\Mazzoleni.17108\Desktop\apache-tomcat-10.0.13\apache-tomcat-10.0.13\webapps\app]
11-Dec-2021 08:11:25.654 AVVERTENZA [main] org.apache.catalina.util.SessionIdGeneratorBase.createSecureRandom Creation of SecureRandom instance for session ID generation using [SHA1PRNG] took [141] milliseconds.
11-Dec-2021 08:11:25.683 INFORMAZIONI [main] org.apache.catalina.startup.HostConfig.deployDirectory Deployment of web application directory [C:\Users\Mazzoleni.17108\Desktop\apache-tomcat-10.0.13\apache-tomcat-10.0.13\webapps\app] has finished in [386] ms
11-Dec-2021 08:11:25.683 INFORMAZIONI [main] org.apache.catalina.startup.HostConfig.deployDirectory Deploying web application directory [C:\Users\Mazzoleni.17108\Desktop\apache-tomcat-10.0.13\apache-tomcat-10.0.13\webapps\docs]
11-Dec-2021 08:11:25.708 INFORMAZIONI [main] org.apache.catalina.startup.HostConfig.deployDirectory Deployment of web application directory [C:\Users\Mazzoleni.17108\Desktop\apache-tomcat-10.0.13\apache-tomcat-10.0.13\webapps\docs] has finished in [25] ms
11-Dec-2021 08:11:25.709 INFORMAZIONI [main] org.apache.catalina.startup.HostConfig.deployDirectory Deploying web application directory [C:\Users\Mazzoleni.17108\Desktop\apache-tomcat-10.0.13\apache-tomcat-10.0.13\webapps\examples]
11-Dec-2021 08:11:26.539 INFORMAZIONI [main] org.apache.catalina.startup.HostConfig.deployDirectory Deployment of web application directory [C:\Users\Mazzoleni.17108\Desktop\apache-tomcat-10.0.13\apache-tomcat-10.0.13\webapps\examples] has finished in [830] ms
11-Dec-2021 08:11:26.539 INFORMAZIONI [main] org.apache.catalina.startup.HostConfig.deployDirectory Deploying web application directory [C:\Users\Mazzoleni.17108\Desktop\apache-tomcat-10.0.13\apache-tomcat-10.0.13\webapps\host-manager]
11-Dec-2021 08:11:26.581 INFORMAZIONI [main] org.apache.catalina.startup.HostConfig.deployDirectory Deployment of web application directory [C:\Users\Mazzoleni.17108\Desktop\apache-tomcat-10.0.13\apache-tomcat-10.0.13\webapps\host-manager] has finished in [42] ms
11-Dec-2021 08:11:26.581 INFORMAZIONI [main] org.apache.catalina.startup.HostConfig.deployDirectory Deploying web application directory [C:\Users\Mazzoleni.17108\Desktop\apache-tomcat-10.0.13\apache-tomcat-10.0.13\webapps\manager]
11-Dec-2021 08:11:26.618 INFORMAZIONI [main] org.apache.catalina.startup.HostConfig.deployDirectory Deployment of web application directory [C:\Users\Mazzoleni.17108\Desktop\apache-tomcat-10.0.13\apache-tomcat-10.0.13\webapps\manager] has finished in [37] ms
11-Dec-2021 08:11:26.618 INFORMAZIONI [main] org.apache.catalina.startup.HostConfig.deployDirectory Deploying web application directory [C:\Users\Mazzoleni.17108\Desktop\apache-tomcat-10.0.13\apache-tomcat-10.0.13\webapps\miapplicazione]
11-Dec-2021 08:11:26.659 INFORMAZIONI [main] org.apache.catalina.startup.HostConfig.deployDirectory Deployment of web application directory [C:\Users\Mazzoleni.17108\Desktop\apache-tomcat-10.0.13\apache-tomcat-10.0.13\webapps\miapplicazione] has finished in [41] ms
11-Dec-2021 08:11:26.659 INFORMAZIONI [main] org.apache.catalina.startup.HostConfig.deployDirectory Deploying web application directory [C:\Users\Mazzoleni.17108\Desktop\apache-tomcat-10.0.13\apache-tomcat-10.0.13\webapps\ROOT]
11-Dec-2021 08:11:26.683 INFORMAZIONI [main] org.apache.catalina.startup.HostConfig.deployDirectory Deployment of web application directory [C:\Users\Mazzoleni.17108\Desktop\apache-tomcat-10.0.13\apache-tomcat-10.0.13\webapps\ROOT] has finished in [24] ms
11-Dec-2021 08:11:26.687 INFORMAZIONI [main] org.apache.coyote.AbstractProtocol.start Starting ProtocolHandler ["http-nio-8000"]
11-Dec-2021 08:11:26.828 INFORMAZIONI [main] org.apache.catalina.startup.Catalina.start Server startup in [1591] milliseconds
11-Dec-2021 08:21:20.872 INFORMAZIONI [main] org.apache.catalina.startup.VersionLoggerListener.log Server version name:   Apache Tomcat/10.0.13
11-Dec-2021 08:21:20.876 INFORMAZIONI [main] org.apache.catalina.startup.VersionLoggerListener.log Server built:          Nov 9 2021 22:12:58 UTC
11-Dec-2021 08:21:20.876 INFORMAZIONI [main] org.apache.catalina.startup.VersionLoggerListener.log Server version number: 10.0.13.0
11-Dec-2021 08:21:20.876 INFORMAZIONI [main] org.apache.catalina.startup.VersionLoggerListener.log OS Name:               Windows 10
11-Dec-2021 08:21:20.876 INFORMAZIONI [main] org.apache.catalina.startup.VersionLoggerListener.log OS Version:            10.0
11-Dec-2021 08:21:20.877 INFORMAZIONI [main] org.apache.catalina.startup.VersionLoggerListener.log Architecture:          amd64
11-Dec-2021 08:21:20.877 INFORMAZIONI [main] org.apache.catalina.startup.VersionLoggerListener.log Java Home:             C:\Users\Mazzoleni.17108\Desktop\BlueJ\bluej\jdk
11-Dec-2021 08:21:20.877 INFORMAZIONI [main] org.apache.catalina.startup.VersionLoggerListener.log JVM Version:           11.0.10+9
11-Dec-2021 08:21:20.877 INFORMAZIONI [main] org.apache.catalina.startup.VersionLoggerListener.log JVM Vendor:            AdoptOpenJDK
11-Dec-2021 08:21:20.877 INFORMAZIONI [main] org.apache.catalina.startup.VersionLoggerListener.log CATALINA_BASE:         C:\Users\Mazzoleni.17108\Desktop\apache-tomcat-10.0.13\apache-tomcat-10.0.13
11-Dec-2021 08:21:20.877 INFORMAZIONI [main] org.apache.catalina.startup.VersionLoggerListener.log CATALINA_HOME:         C:\Users\Mazzoleni.17108\Desktop\apache-tomcat-10.0.13\apache-tomcat-10.0.13
11-Dec-2021 08:21:20.886 INFORMAZIONI [main] org.apache.catalina.startup.VersionLoggerListener.log Command line argument: --add-opens=java.base/java.lang=ALL-UNNAMED
11-Dec-2021 08:21:20.886 INFORMAZIONI [main] org.apache.catalina.startup.VersionLoggerListener.log Command line argument: --add-opens=java.base/java.io=ALL-UNNAMED
11-Dec-2021 08:21:20.887 INFORMAZIONI [main] org.apache.catalina.startup.VersionLoggerListener.log Command line argument: --add-opens=java.base/java.util=ALL-UNNAMED
11-Dec-2021 08:21:20.887 INFORMAZIONI [main] org.apache.catalina.startup.VersionLoggerListener.log Command line argument: --add-opens=java.base/java.util.concurrent=ALL-UNNAMED
11-Dec-2021 08:21:20.887 INFORMAZIONI [main] org.apache.catalina.startup.VersionLoggerListener.log Command line argument: --add-opens=java.rmi/sun.rmi.transport=ALL-UNNAMED
11-Dec-2021 08:21:20.888 INFORMAZIONI [main] org.apache.catalina.startup.VersionLoggerListener.log Command line argument: -Djava.util.logging.config.file=C:\Users\Mazzoleni.17108\Desktop\apache-tomcat-10.0.13\apache-tomcat-10.0.13\conf\logging.properties
11-Dec-2021 08:21:20.888 INFORMAZIONI [main] org.apache.catalina.startup.VersionLoggerListener.log Command line argument: -Djava.util.logging.manager=org.apache.juli.ClassLoaderLogManager
11-Dec-2021 08:21:20.888 INFORMAZIONI [main] org.apache.catalina.startup.VersionLoggerListener.log Command line argument: -Djdk.tls.ephemeralDHKeySize=2048
11-Dec-2021 08:21:20.889 INFORMAZIONI [main] org.apache.catalina.startup.VersionLoggerListener.log Command line argument: -Djava.protocol.handler.pkgs=org.apache.catalina.webresources
11-Dec-2021 08:21:20.889 INFORMAZIONI [main] org.apache.catalina.startup.VersionLoggerListener.log Command line argument: -Dignore.endorsed.dirs=
11-Dec-2021 08:21:20.889 INFORMAZIONI [main] org.apache.catalina.startup.VersionLoggerListener.log Command line argument: -Dcatalina.base=C:\Users\Mazzoleni.17108\Desktop\apache-tomcat-10.0.13\apache-tomcat-10.0.13
11-Dec-2021 08:21:20.890 INFORMAZIONI [main] org.apache.catalina.startup.VersionLoggerListener.log Command line argument: -Dcatalina.home=C:\Users\Mazzoleni.17108\Desktop\apache-tomcat-10.0.13\apache-tomcat-10.0.13
11-Dec-2021 08:21:20.890 INFORMAZIONI [main] org.apache.catalina.startup.VersionLoggerListener.log Command line argument: -Djava.io.tmpdir=C:\Users\Mazzoleni.17108\Desktop\apache-tomcat-10.0.13\apache-tomcat-10.0.13\temp
11-Dec-2021 08:21:20.896 INFORMAZIONI [main] org.apache.catalina.core.AprLifecycleListener.lifecycleEvent The Apache Tomcat Native library which allows using OpenSSL was not found on the java.library.path: [C:\Users\Mazzoleni.17108\Desktop\BlueJ\bluej\jdk\bin;C:\WINDOWS\Sun\Java\bin;C:\WINDOWS\system32;C:\WINDOWS;C:\Program Files (x86)\Common Files\Oracle\Java\javapath;C:\Program Files (x86)\Intel\Intel(R) Management Engine Components\iCLS\;C:\Program Files\Intel\Intel(R) Management Engine Components\iCLS\;C:\WINDOWS\system32;C:\WINDOWS;C:\WINDOWS\System32\Wbem;C:\WINDOWS\System32\WindowsPowerShell\v1.0\;C:\WINDOWS\System32\OpenSSH\;C:\Program Files (x86)\Intel\Intel(R) Management Engine Components\DAL;C:\Program Files\Intel\Intel(R) Management Engine Components\DAL;C:\Program Files (x86)\Intel\Intel(R) Management Engine Components\IPT;C:\Program Files\Intel\Intel(R) Management Engine Components\IPT;C:\Program Files (x86)\ATI Technologies\ATI.ACE\Core-Static;C:\Program Files (x86)\IVI Foundation\IVI\bin;C:\Program Files\IVI Foundation\IVI\bin;C:\Program Files\IVI Foundation\VISA\Win64\Bin\;C:\Program Files (x86)\IVI Foundation\VISA\WinNT\Bin\;C:\Program Files (x86)\IVI Foundation\VISA\WinNT\Bin;C:\Program Files (x86)\National Instruments\Motion Assistant\bin\mxwplugins;C:\Program Files (x86)\National Instruments\Shared\System\;c:\Program Files (x86)\Microsoft SQL Server\90\Tools\binn\;C:\Program Files (x86)\Microchip\MPLAB C32 Suite\bin;C:\Program Files\dotnet\;C:\Program Files\Microsoft SQL Server\130\Tools\Binn\;C:\Program Files\Microsoft SQL Server\Client SDK\ODBC\170\Tools\Binn\;C:\Program Files (x86)\dotnet\;C:\Program Files (x86)\Schneider Electric\EcoStruxure Machine Expert - Basic\;C:\Program Files\nodejs\;C:\xampp\php;C:\ProgramData\ComposerSetup\bin;C:\Program Files\Git\cmd;C:\Program Files\Docker\Docker\resources\bin;C:\ProgramData\DockerDesktop\version-bin;C:\Users\Mazzoleni.17108\AppData\Local\Microsoft\WindowsApps;;.]
11-Dec-2021 08:21:21.126 INFORMAZIONI [main] org.apache.coyote.AbstractProtocol.init Initializing ProtocolHandler ["http-nio-8000"]
11-Dec-2021 08:21:21.147 INFORMAZIONI [main] org.apache.catalina.startup.Catalina.load Server initialization in [434] milliseconds
11-Dec-2021 08:21:21.190 INFORMAZIONI [main] org.apache.catalina.core.StandardService.startInternal Starting service [Catalina]
11-Dec-2021 08:21:21.190 INFORMAZIONI [main] org.apache.catalina.core.StandardEngine.startInternal Starting Servlet engine: [Apache Tomcat/10.0.13]
11-Dec-2021 08:21:21.199 INFORMAZIONI [main] org.apache.catalina.startup.HostConfig.deployDirectory Deploying web application directory [C:\Users\Mazzoleni.17108\Desktop\apache-tomcat-10.0.13\apache-tomcat-10.0.13\webapps\app]
11-Dec-2021 08:21:21.515 AVVERTENZA [main] org.apache.catalina.util.SessionIdGeneratorBase.createSecureRandom Creation of SecureRandom instance for session ID generation using [SHA1PRNG] took [135] milliseconds.
11-Dec-2021 08:21:21.542 INFORMAZIONI [main] org.apache.catalina.startup.HostConfig.deployDirectory Deployment of web application directory [C:\Users\Mazzoleni.17108\Desktop\apache-tomcat-10.0.13\apache-tomcat-10.0.13\webapps\app] has finished in [343] ms
11-Dec-2021 08:21:21.542 INFORMAZIONI [main] org.apache.catalina.startup.HostConfig.deployDirectory Deploying web application directory [C:\Users\Mazzoleni.17108\Desktop\apache-tomcat-10.0.13\apache-tomcat-10.0.13\webapps\docs]
11-Dec-2021 08:21:21.564 INFORMAZIONI [main] org.apache.catalina.startup.HostConfig.deployDirectory Deployment of web application directory [C:\Users\Mazzoleni.17108\Desktop\apache-tomcat-10.0.13\apache-tomcat-10.0.13\webapps\docs] has finished in [22] ms
11-Dec-2021 08:21:21.565 INFORMAZIONI [main] org.apache.catalina.startup.HostConfig.deployDirectory Deploying web application directory [C:\Users\Mazzoleni.17108\Desktop\apache-tomcat-10.0.13\apache-tomcat-10.0.13\webapps\examples]
11-Dec-2021 08:21:21.846 INFORMAZIONI [main] org.apache.catalina.startup.HostConfig.deployDirectory Deployment of web application directory [C:\Users\Mazzoleni.17108\Desktop\apache-tomcat-10.0.13\apache-tomcat-10.0.13\webapps\examples] has finished in [281] ms
11-Dec-2021 08:21:21.847 INFORMAZIONI [main] org.apache.catalina.startup.HostConfig.deployDirectory Deploying web application directory [C:\Users\Mazzoleni.17108\Desktop\apache-tomcat-10.0.13\apache-tomcat-10.0.13\webapps\host-manager]
11-Dec-2021 08:21:21.878 INFORMAZIONI [main] org.apache.catalina.startup.HostConfig.deployDirectory Deployment of web application directory [C:\Users\Mazzoleni.17108\Desktop\apache-tomcat-10.0.13\apache-tomcat-10.0.13\webapps\host-manager] has finished in [32] ms
11-Dec-2021 08:21:21.878 INFORMAZIONI [main] org.apache.catalina.startup.HostConfig.deployDirectory Deploying web application directory [C:\Users\Mazzoleni.17108\Desktop\apache-tomcat-10.0.13\apache-tomcat-10.0.13\webapps\manager]
11-Dec-2021 08:21:21.906 INFORMAZIONI [main] org.apache.catalina.startup.HostConfig.deployDirectory Deployment of web application directory [C:\Users\Mazzoleni.17108\Desktop\apache-tomcat-10.0.13\apache-tomcat-10.0.13\webapps\manager] has finished in [28] ms
11-Dec-2021 08:21:21.906 INFORMAZIONI [main] org.apache.catalina.startup.HostConfig.deployDirectory Deploying web application directory [C:\Users\Mazzoleni.17108\Desktop\apache-tomcat-10.0.13\apache-tomcat-10.0.13\webapps\miapplicazione]
11-Dec-2021 08:21:21.932 INFORMAZIONI [main] org.apache.catalina.startup.HostConfig.deployDirectory Deployment of web application directory [C:\Users\Mazzoleni.17108\Desktop\apache-tomcat-10.0.13\apache-tomcat-10.0.13\webapps\miapplicazione] has finished in [26] ms
11-Dec-2021 08:21:21.933 INFORMAZIONI [main] org.apache.catalina.startup.HostConfig.deployDirectory Deploying web application directory [C:\Users\Mazzoleni.17108\Desktop\apache-tomcat-10.0.13\apache-tomcat-10.0.13\webapps\nomeutentepassword]
11-Dec-2021 08:21:21.960 INFORMAZIONI [main] org.apache.catalina.startup.HostConfig.deployDirectory Deployment of web application directory [C:\Users\Mazzoleni.17108\Desktop\apache-tomcat-10.0.13\apache-tomcat-10.0.13\webapps\nomeutentepassword] has finished in [27] ms
11-Dec-2021 08:21:21.960 INFORMAZIONI [main] org.apache.catalina.startup.HostConfig.deployDirectory Deploying web application directory [C:\Users\Mazzoleni.17108\Desktop\apache-tomcat-10.0.13\apache-tomcat-10.0.13\webapps\ROOT]
11-Dec-2021 08:21:21.978 INFORMAZIONI [main] org.apache.catalina.startup.HostConfig.deployDirectory Deployment of web application directory [C:\Users\Mazzoleni.17108\Desktop\apache-tomcat-10.0.13\apache-tomcat-10.0.13\webapps\ROOT] has finished in [18] ms
11-Dec-2021 08:21:21.982 INFORMAZIONI [main] org.apache.coyote.AbstractProtocol.start Starting ProtocolHandler ["http-nio-8000"]
11-Dec-2021 08:21:22.119 INFORMAZIONI [main] org.apache.catalina.startup.Catalina.start Server startup in [971] milliseconds
11-Dec-2021 08:24:58.253 INFORMAZIONI [main] org.apache.catalina.startup.VersionLoggerListener.log Server version name:   Apache Tomcat/10.0.13
11-Dec-2021 08:24:58.256 INFORMAZIONI [main] org.apache.catalina.startup.VersionLoggerListener.log Server built:          Nov 9 2021 22:12:58 UTC
11-Dec-2021 08:24:58.256 INFORMAZIONI [main] org.apache.catalina.startup.VersionLoggerListener.log Server version number: 10.0.13.0
11-Dec-2021 08:24:58.257 INFORMAZIONI [main] org.apache.catalina.startup.VersionLoggerListener.log OS Name:               Windows 10
11-Dec-2021 08:24:58.257 INFORMAZIONI [main] org.apache.catalina.startup.VersionLoggerListener.log OS Version:            10.0
11-Dec-2021 08:24:58.257 INFORMAZIONI [main] org.apache.catalina.startup.VersionLoggerListener.log Architecture:          amd64
11-Dec-2021 08:24:58.257 INFORMAZIONI [main] org.apache.catalina.startup.VersionLoggerListener.log Java Home:             C:\Users\Mazzoleni.17108\Desktop\BlueJ\bluej\jdk
11-Dec-2021 08:24:58.257 INFORMAZIONI [main] org.apache.catalina.startup.VersionLoggerListener.log JVM Version:           11.0.10+9
11-Dec-2021 08:24:58.257 INFORMAZIONI [main] org.apache.catalina.startup.VersionLoggerListener.log JVM Vendor:            AdoptOpenJDK
11-Dec-2021 08:24:58.258 INFORMAZIONI [main] org.apache.catalina.startup.VersionLoggerListener.log CATALINA_BASE:         C:\Users\Mazzoleni.17108\Desktop\apache-tomcat-10.0.13\apache-tomcat-10.0.13
11-Dec-2021 08:24:58.258 INFORMAZIONI [main] org.apache.catalina.startup.VersionLoggerListener.log CATALINA_HOME:         C:\Users\Mazzoleni.17108\Desktop\apache-tomcat-10.0.13\apache-tomcat-10.0.13
11-Dec-2021 08:24:58.268 INFORMAZIONI [main] org.apache.catalina.startup.VersionLoggerListener.log Command line argument: --add-opens=java.base/java.lang=ALL-UNNAMED
11-Dec-2021 08:24:58.269 INFORMAZIONI [main] org.apache.catalina.startup.VersionLoggerListener.log Command line argument: --add-opens=java.base/java.io=ALL-UNNAMED
11-Dec-2021 08:24:58.269 INFORMAZIONI [main] org.apache.catalina.startup.VersionLoggerListener.log Command line argument: --add-opens=java.base/java.util=ALL-UNNAMED
11-Dec-2021 08:24:58.269 INFORMAZIONI [main] org.apache.catalina.startup.VersionLoggerListener.log Command line argument: --add-opens=java.base/java.util.concurrent=ALL-UNNAMED
11-Dec-2021 08:24:58.269 INFORMAZIONI [main] org.apache.catalina.startup.VersionLoggerListener.log Command line argument: --add-opens=java.rmi/sun.rmi.transport=ALL-UNNAMED
11-Dec-2021 08:24:58.270 INFORMAZIONI [main] org.apache.catalina.startup.VersionLoggerListener.log Command line argument: -Djava.util.logging.config.file=C:\Users\Mazzoleni.17108\Desktop\apache-tomcat-10.0.13\apache-tomcat-10.0.13\conf\logging.properties
11-Dec-2021 08:24:58.270 INFORMAZIONI [main] org.apache.catalina.startup.VersionLoggerListener.log Command line argument: -Djava.util.logging.manager=org.apache.juli.ClassLoaderLogManager
11-Dec-2021 08:24:58.270 INFORMAZIONI [main] org.apache.catalina.startup.VersionLoggerListener.log Command line argument: -Djdk.tls.ephemeralDHKeySize=2048
11-Dec-2021 08:24:58.271 INFORMAZIONI [main] org.apache.catalina.startup.VersionLoggerListener.log Command line argument: -Djava.protocol.handler.pkgs=org.apache.catalina.webresources
11-Dec-2021 08:24:58.271 INFORMAZIONI [main] org.apache.catalina.startup.VersionLoggerListener.log Command line argument: -Dignore.endorsed.dirs=
11-Dec-2021 08:24:58.271 INFORMAZIONI [main] org.apache.catalina.startup.VersionLoggerListener.log Command line argument: -Dcatalina.base=C:\Users\Mazzoleni.17108\Desktop\apache-tomcat-10.0.13\apache-tomcat-10.0.13
11-Dec-2021 08:24:58.272 INFORMAZIONI [main] org.apache.catalina.startup.VersionLoggerListener.log Command line argument: -Dcatalina.home=C:\Users\Mazzoleni.17108\Desktop\apache-tomcat-10.0.13\apache-tomcat-10.0.13
11-Dec-2021 08:24:58.272 INFORMAZIONI [main] org.apache.catalina.startup.VersionLoggerListener.log Command line argument: -Djava.io.tmpdir=C:\Users\Mazzoleni.17108\Desktop\apache-tomcat-10.0.13\apache-tomcat-10.0.13\temp
11-Dec-2021 08:24:58.278 INFORMAZIONI [main] org.apache.catalina.core.AprLifecycleListener.lifecycleEvent The Apache Tomcat Native library which allows using OpenSSL was not found on the java.library.path: [C:\Users\Mazzoleni.17108\Desktop\BlueJ\bluej\jdk\bin;C:\WINDOWS\Sun\Java\bin;C:\WINDOWS\system32;C:\WINDOWS;C:\Program Files (x86)\Common Files\Oracle\Java\javapath;C:\Program Files (x86)\Intel\Intel(R) Management Engine Components\iCLS\;C:\Program Files\Intel\Intel(R) Management Engine Components\iCLS\;C:\WINDOWS\system32;C:\WINDOWS;C:\WINDOWS\System32\Wbem;C:\WINDOWS\System32\WindowsPowerShell\v1.0\;C:\WINDOWS\System32\OpenSSH\;C:\Program Files (x86)\Intel\Intel(R) Management Engine Components\DAL;C:\Program Files\Intel\Intel(R) Management Engine Components\DAL;C:\Program Files (x86)\Intel\Intel(R) Management Engine Components\IPT;C:\Program Files\Intel\Intel(R) Management Engine Components\IPT;C:\Program Files (x86)\ATI Technologies\ATI.ACE\Core-Static;C:\Program Files (x86)\IVI Foundation\IVI\bin;C:\Program Files\IVI Foundation\IVI\bin;C:\Program Files\IVI Foundation\VISA\Win64\Bin\;C:\Program Files (x86)\IVI Foundation\VISA\WinNT\Bin\;C:\Program Files (x86)\IVI Foundation\VISA\WinNT\Bin;C:\Program Files (x86)\National Instruments\Motion Assistant\bin\mxwplugins;C:\Program Files (x86)\National Instruments\Shared\System\;c:\Program Files (x86)\Microsoft SQL Server\90\Tools\binn\;C:\Program Files (x86)\Microchip\MPLAB C32 Suite\bin;C:\Program Files\dotnet\;C:\Program Files\Microsoft SQL Server\130\Tools\Binn\;C:\Program Files\Microsoft SQL Server\Client SDK\ODBC\170\Tools\Binn\;C:\Program Files (x86)\dotnet\;C:\Program Files (x86)\Schneider Electric\EcoStruxure Machine Expert - Basic\;C:\Program Files\nodejs\;C:\xampp\php;C:\ProgramData\ComposerSetup\bin;C:\Program Files\Git\cmd;C:\Program Files\Docker\Docker\resources\bin;C:\ProgramData\DockerDesktop\version-bin;C:\Users\Mazzoleni.17108\AppData\Local\Microsoft\WindowsApps;;.]
11-Dec-2021 08:24:58.508 INFORMAZIONI [main] org.apache.coyote.AbstractProtocol.init Initializing ProtocolHandler ["http-nio-8000"]
11-Dec-2021 08:24:58.528 INFORMAZIONI [main] org.apache.catalina.startup.Catalina.load Server initialization in [433] milliseconds
11-Dec-2021 08:24:58.569 INFORMAZIONI [main] org.apache.catalina.core.StandardService.startInternal Starting service [Catalina]
11-Dec-2021 08:24:58.569 INFORMAZIONI [main] org.apache.catalina.core.StandardEngine.startInternal Starting Servlet engine: [Apache Tomcat/10.0.13]
11-Dec-2021 08:24:58.577 INFORMAZIONI [main] org.apache.catalina.startup.HostConfig.deployDirectory Deploying web application directory [C:\Users\Mazzoleni.17108\Desktop\apache-tomcat-10.0.13\apache-tomcat-10.0.13\webapps\app]
11-Dec-2021 08:24:58.895 AVVERTENZA [main] org.apache.catalina.util.SessionIdGeneratorBase.createSecureRandom Creation of SecureRandom instance for session ID generation using [SHA1PRNG] took [134] milliseconds.
11-Dec-2021 08:24:58.921 INFORMAZIONI [main] org.apache.catalina.startup.HostConfig.deployDirectory Deployment of web application directory [C:\Users\Mazzoleni.17108\Desktop\apache-tomcat-10.0.13\apache-tomcat-10.0.13\webapps\app] has finished in [343] ms
11-Dec-2021 08:24:58.921 INFORMAZIONI [main] org.apache.catalina.startup.HostConfig.deployDirectory Deploying web application directory [C:\Users\Mazzoleni.17108\Desktop\apache-tomcat-10.0.13\apache-tomcat-10.0.13\webapps\docs]
11-Dec-2021 08:24:58.942 INFORMAZIONI [main] org.apache.catalina.startup.HostConfig.deployDirectory Deployment of web application directory [C:\Users\Mazzoleni.17108\Desktop\apache-tomcat-10.0.13\apache-tomcat-10.0.13\webapps\docs] has finished in [21] ms
11-Dec-2021 08:24:58.943 INFORMAZIONI [main] org.apache.catalina.startup.HostConfig.deployDirectory Deploying web application directory [C:\Users\Mazzoleni.17108\Desktop\apache-tomcat-10.0.13\apache-tomcat-10.0.13\webapps\examples]
11-Dec-2021 08:24:59.221 INFORMAZIONI [main] org.apache.catalina.startup.HostConfig.deployDirectory Deployment of web application directory [C:\Users\Mazzoleni.17108\Desktop\apache-tomcat-10.0.13\apache-tomcat-10.0.13\webapps\examples] has finished in [278] ms
11-Dec-2021 08:24:59.221 INFORMAZIONI [main] org.apache.catalina.startup.HostConfig.deployDirectory Deploying web application directory [C:\Users\Mazzoleni.17108\Desktop\apache-tomcat-10.0.13\apache-tomcat-10.0.13\webapps\host-manager]
11-Dec-2021 08:24:59.250 INFORMAZIONI [main] org.apache.catalina.startup.HostConfig.deployDirectory Deployment of web application directory [C:\Users\Mazzoleni.17108\Desktop\apache-tomcat-10.0.13\apache-tomcat-10.0.13\webapps\host-manager] has finished in [29] ms
11-Dec-2021 08:24:59.250 INFORMAZIONI [main] org.apache.catalina.startup.HostConfig.deployDirectory Deploying web application directory [C:\Users\Mazzoleni.17108\Desktop\apache-tomcat-10.0.13\apache-tomcat-10.0.13\webapps\manager]
11-Dec-2021 08:24:59.276 INFORMAZIONI [main] org.apache.catalina.startup.HostConfig.deployDirectory Deployment of web application directory [C:\Users\Mazzoleni.17108\Desktop\apache-tomcat-10.0.13\apache-tomcat-10.0.13\webapps\manager] has finished in [26] ms
11-Dec-2021 08:24:59.276 INFORMAZIONI [main] org.apache.catalina.startup.HostConfig.deployDirectory Deploying web application directory [C:\Users\Mazzoleni.17108\Desktop\apache-tomcat-10.0.13\apache-tomcat-10.0.13\webapps\miapplicazione]
11-Dec-2021 08:24:59.305 INFORMAZIONI [main] org.apache.catalina.startup.HostConfig.deployDirectory Deployment of web application directory [C:\Users\Mazzoleni.17108\Desktop\apache-tomcat-10.0.13\apache-tomcat-10.0.13\webapps\miapplicazione] has finished in [29] ms
11-Dec-2021 08:24:59.306 INFORMAZIONI [main] org.apache.catalina.startup.HostConfig.deployDirectory Deploying web application directory [C:\Users\Mazzoleni.17108\Desktop\apache-tomcat-10.0.13\apache-tomcat-10.0.13\webapps\nomeutentepassword]
11-Dec-2021 08:24:59.333 INFORMAZIONI [main] org.apache.catalina.startup.HostConfig.deployDirectory Deployment of web application directory [C:\Users\Mazzoleni.17108\Desktop\apache-tomcat-10.0.13\apache-tomcat-10.0.13\webapps\nomeutentepassword] has finished in [27] ms
11-Dec-2021 08:24:59.333 INFORMAZIONI [main] org.apache.catalina.startup.HostConfig.deployDirectory Deploying web application directory [C:\Users\Mazzoleni.17108\Desktop\apache-tomcat-10.0.13\apache-tomcat-10.0.13\webapps\ROOT]
11-Dec-2021 08:24:59.354 INFORMAZIONI [main] org.apache.catalina.startup.HostConfig.deployDirectory Deployment of web application directory [C:\Users\Mazzoleni.17108\Desktop\apache-tomcat-10.0.13\apache-tomcat-10.0.13\webapps\ROOT] has finished in [21] ms
11-Dec-2021 08:24:59.359 INFORMAZIONI [main] org.apache.coyote.AbstractProtocol.start Starting ProtocolHandler ["http-nio-8000"]
11-Dec-2021 08:24:59.496 INFORMAZIONI [main] org.apache.catalina.startup.Catalina.start Server startup in [967] milliseconds
11-Dec-2021 08:26:38.489 INFORMAZIONI [main] org.apache.catalina.startup.VersionLoggerListener.log Server version name:   Apache Tomcat/10.0.13
11-Dec-2021 08:26:38.492 INFORMAZIONI [main] org.apache.catalina.startup.VersionLoggerListener.log Server built:          Nov 9 2021 22:12:58 UTC
11-Dec-2021 08:26:38.492 INFORMAZIONI [main] org.apache.catalina.startup.VersionLoggerListener.log Server version number: 10.0.13.0
11-Dec-2021 08:26:38.492 INFORMAZIONI [main] org.apache.catalina.startup.VersionLoggerListener.log OS Name:               Windows 10
11-Dec-2021 08:26:38.493 INFORMAZIONI [main] org.apache.catalina.startup.VersionLoggerListener.log OS Version:            10.0
11-Dec-2021 08:26:38.493 INFORMAZIONI [main] org.apache.catalina.startup.VersionLoggerListener.log Architecture:          amd64
11-Dec-2021 08:26:38.493 INFORMAZIONI [main] org.apache.catalina.startup.VersionLoggerListener.log Java Home:             C:\Users\Mazzoleni.17108\Desktop\BlueJ\bluej\jdk
11-Dec-2021 08:26:38.493 INFORMAZIONI [main] org.apache.catalina.startup.VersionLoggerListener.log JVM Version:           11.0.10+9
11-Dec-2021 08:26:38.493 INFORMAZIONI [main] org.apache.catalina.startup.VersionLoggerListener.log JVM Vendor:            AdoptOpenJDK
11-Dec-2021 08:26:38.493 INFORMAZIONI [main] org.apache.catalina.startup.VersionLoggerListener.log CATALINA_BASE:         C:\Users\Mazzoleni.17108\Desktop\apache-tomcat-10.0.13\apache-tomcat-10.0.13
11-Dec-2021 08:26:38.493 INFORMAZIONI [main] org.apache.catalina.startup.VersionLoggerListener.log CATALINA_HOME:         C:\Users\Mazzoleni.17108\Desktop\apache-tomcat-10.0.13\apache-tomcat-10.0.13
11-Dec-2021 08:26:38.503 INFORMAZIONI [main] org.apache.catalina.startup.VersionLoggerListener.log Command line argument: --add-opens=java.base/java.lang=ALL-UNNAMED
11-Dec-2021 08:26:38.504 INFORMAZIONI [main] org.apache.catalina.startup.VersionLoggerListener.log Command line argument: --add-opens=java.base/java.io=ALL-UNNAMED
11-Dec-2021 08:26:38.504 INFORMAZIONI [main] org.apache.catalina.startup.VersionLoggerListener.log Command line argument: --add-opens=java.base/java.util=ALL-UNNAMED
11-Dec-2021 08:26:38.504 INFORMAZIONI [main] org.apache.catalina.startup.VersionLoggerListener.log Command line argument: --add-opens=java.base/java.util.concurrent=ALL-UNNAMED
11-Dec-2021 08:26:38.505 INFORMAZIONI [main] org.apache.catalina.startup.VersionLoggerListener.log Command line argument: --add-opens=java.rmi/sun.rmi.transport=ALL-UNNAMED
11-Dec-2021 08:26:38.505 INFORMAZIONI [main] org.apache.catalina.startup.VersionLoggerListener.log Command line argument: -Djava.util.logging.config.file=C:\Users\Mazzoleni.17108\Desktop\apache-tomcat-10.0.13\apache-tomcat-10.0.13\conf\logging.properties
11-Dec-2021 08:26:38.505 INFORMAZIONI [main] org.apache.catalina.startup.VersionLoggerListener.log Command line argument: -Djava.util.logging.manager=org.apache.juli.ClassLoaderLogManager
11-Dec-2021 08:26:38.506 INFORMAZIONI [main] org.apache.catalina.startup.VersionLoggerListener.log Command line argument: -Djdk.tls.ephemeralDHKeySize=2048
11-Dec-2021 08:26:38.508 INFORMAZIONI [main] org.apache.catalina.startup.VersionLoggerListener.log Command line argument: -Djava.protocol.handler.pkgs=org.apache.catalina.webresources
11-Dec-2021 08:26:38.508 INFORMAZIONI [main] org.apache.catalina.startup.VersionLoggerListener.log Command line argument: -Dignore.endorsed.dirs=
11-Dec-2021 08:26:38.509 INFORMAZIONI [main] org.apache.catalina.startup.VersionLoggerListener.log Command line argument: -Dcatalina.base=C:\Users\Mazzoleni.17108\Desktop\apache-tomcat-10.0.13\apache-tomcat-10.0.13
11-Dec-2021 08:26:38.509 INFORMAZIONI [main] org.apache.catalina.startup.VersionLoggerListener.log Command line argument: -Dcatalina.home=C:\Users\Mazzoleni.17108\Desktop\apache-tomcat-10.0.13\apache-tomcat-10.0.13
11-Dec-2021 08:26:38.509 INFORMAZIONI [main] org.apache.catalina.startup.VersionLoggerListener.log Command line argument: -Djava.io.tmpdir=C:\Users\Mazzoleni.17108\Desktop\apache-tomcat-10.0.13\apache-tomcat-10.0.13\temp
11-Dec-2021 08:26:38.516 INFORMAZIONI [main] org.apache.catalina.core.AprLifecycleListener.lifecycleEvent The Apache Tomcat Native library which allows using OpenSSL was not found on the java.library.path: [C:\Users\Mazzoleni.17108\Desktop\BlueJ\bluej\jdk\bin;C:\WINDOWS\Sun\Java\bin;C:\WINDOWS\system32;C:\WINDOWS;C:\Program Files (x86)\Common Files\Oracle\Java\javapath;C:\Program Files (x86)\Intel\Intel(R) Management Engine Components\iCLS\;C:\Program Files\Intel\Intel(R) Management Engine Components\iCLS\;C:\WINDOWS\system32;C:\WINDOWS;C:\WINDOWS\System32\Wbem;C:\WINDOWS\System32\WindowsPowerShell\v1.0\;C:\WINDOWS\System32\OpenSSH\;C:\Program Files (x86)\Intel\Intel(R) Management Engine Components\DAL;C:\Program Files\Intel\Intel(R) Management Engine Components\DAL;C:\Program Files (x86)\Intel\Intel(R) Management Engine Components\IPT;C:\Program Files\Intel\Intel(R) Management Engine Components\IPT;C:\Program Files (x86)\ATI Technologies\ATI.ACE\Core-Static;C:\Program Files (x86)\IVI Foundation\IVI\bin;C:\Program Files\IVI Foundation\IVI\bin;C:\Program Files\IVI Foundation\VISA\Win64\Bin\;C:\Program Files (x86)\IVI Foundation\VISA\WinNT\Bin\;C:\Program Files (x86)\IVI Foundation\VISA\WinNT\Bin;C:\Program Files (x86)\National Instruments\Motion Assistant\bin\mxwplugins;C:\Program Files (x86)\National Instruments\Shared\System\;c:\Program Files (x86)\Microsoft SQL Server\90\Tools\binn\;C:\Program Files (x86)\Microchip\MPLAB C32 Suite\bin;C:\Program Files\dotnet\;C:\Program Files\Microsoft SQL Server\130\Tools\Binn\;C:\Program Files\Microsoft SQL Server\Client SDK\ODBC\170\Tools\Binn\;C:\Program Files (x86)\dotnet\;C:\Program Files (x86)\Schneider Electric\EcoStruxure Machine Expert - Basic\;C:\Program Files\nodejs\;C:\xampp\php;C:\ProgramData\ComposerSetup\bin;C:\Program Files\Git\cmd;C:\Program Files\Docker\Docker\resources\bin;C:\ProgramData\DockerDesktop\version-bin;C:\Users\Mazzoleni.17108\AppData\Local\Microsoft\WindowsApps;;.]
11-Dec-2021 08:26:38.761 INFORMAZIONI [main] org.apache.coyote.AbstractProtocol.init Initializing ProtocolHandler ["http-nio-8000"]
11-Dec-2021 08:26:38.781 INFORMAZIONI [main] org.apache.catalina.startup.Catalina.load Server initialization in [460] milliseconds
11-Dec-2021 08:26:38.828 INFORMAZIONI [main] org.apache.catalina.core.StandardService.startInternal Starting service [Catalina]
11-Dec-2021 08:26:38.828 INFORMAZIONI [main] org.apache.catalina.core.StandardEngine.startInternal Starting Servlet engine: [Apache Tomcat/10.0.13]
11-Dec-2021 08:26:38.842 INFORMAZIONI [main] org.apache.catalina.startup.HostConfig.deployDirectory Deploying web application directory [C:\Users\Mazzoleni.17108\Desktop\apache-tomcat-10.0.13\apache-tomcat-10.0.13\webapps\app]
11-Dec-2021 08:26:39.168 AVVERTENZA [main] org.apache.catalina.util.SessionIdGeneratorBase.createSecureRandom Creation of SecureRandom instance for session ID generation using [SHA1PRNG] took [139] milliseconds.
11-Dec-2021 08:26:39.196 INFORMAZIONI [main] org.apache.catalina.startup.HostConfig.deployDirectory Deployment of web application directory [C:\Users\Mazzoleni.17108\Desktop\apache-tomcat-10.0.13\apache-tomcat-10.0.13\webapps\app] has finished in [354] ms
11-Dec-2021 08:26:39.197 INFORMAZIONI [main] org.apache.catalina.startup.HostConfig.deployDirectory Deploying web application directory [C:\Users\Mazzoleni.17108\Desktop\apache-tomcat-10.0.13\apache-tomcat-10.0.13\webapps\docs]
11-Dec-2021 08:26:39.220 INFORMAZIONI [main] org.apache.catalina.startup.HostConfig.deployDirectory Deployment of web application directory [C:\Users\Mazzoleni.17108\Desktop\apache-tomcat-10.0.13\apache-tomcat-10.0.13\webapps\docs] has finished in [23] ms
11-Dec-2021 08:26:39.221 INFORMAZIONI [main] org.apache.catalina.startup.HostConfig.deployDirectory Deploying web application directory [C:\Users\Mazzoleni.17108\Desktop\apache-tomcat-10.0.13\apache-tomcat-10.0.13\webapps\examples]
11-Dec-2021 08:26:39.510 INFORMAZIONI [main] org.apache.catalina.startup.HostConfig.deployDirectory Deployment of web application directory [C:\Users\Mazzoleni.17108\Desktop\apache-tomcat-10.0.13\apache-tomcat-10.0.13\webapps\examples] has finished in [289] ms
11-Dec-2021 08:26:39.510 INFORMAZIONI [main] org.apache.catalina.startup.HostConfig.deployDirectory Deploying web application directory [C:\Users\Mazzoleni.17108\Desktop\apache-tomcat-10.0.13\apache-tomcat-10.0.13\webapps\host-manager]
11-Dec-2021 08:26:39.544 INFORMAZIONI [main] org.apache.catalina.startup.HostConfig.deployDirectory Deployment of web application directory [C:\Users\Mazzoleni.17108\Desktop\apache-tomcat-10.0.13\apache-tomcat-10.0.13\webapps\host-manager] has finished in [34] ms
11-Dec-2021 08:26:39.544 INFORMAZIONI [main] org.apache.catalina.startup.HostConfig.deployDirectory Deploying web application directory [C:\Users\Mazzoleni.17108\Desktop\apache-tomcat-10.0.13\apache-tomcat-10.0.13\webapps\manager]
11-Dec-2021 08:26:39.573 INFORMAZIONI [main] org.apache.catalina.startup.HostConfig.deployDirectory Deployment of web application directory [C:\Users\Mazzoleni.17108\Desktop\apache-tomcat-10.0.13\apache-tomcat-10.0.13\webapps\manager] has finished in [28] ms
11-Dec-2021 08:26:39.573 INFORMAZIONI [main] org.apache.catalina.startup.HostConfig.deployDirectory Deploying web application directory [C:\Users\Mazzoleni.17108\Desktop\apache-tomcat-10.0.13\apache-tomcat-10.0.13\webapps\miapplicazione]
11-Dec-2021 08:26:39.604 INFORMAZIONI [main] org.apache.catalina.startup.HostConfig.deployDirectory Deployment of web application directory [C:\Users\Mazzoleni.17108\Desktop\apache-tomcat-10.0.13\apache-tomcat-10.0.13\webapps\miapplicazione] has finished in [31] ms
11-Dec-2021 08:26:39.605 INFORMAZIONI [main] org.apache.catalina.startup.HostConfig.deployDirectory Deploying web application directory [C:\Users\Mazzoleni.17108\Desktop\apache-tomcat-10.0.13\apache-tomcat-10.0.13\webapps\nomeutentepassword]
11-Dec-2021 08:26:39.634 INFORMAZIONI [main] org.apache.catalina.startup.HostConfig.deployDirectory Deployment of web application directory [C:\Users\Mazzoleni.17108\Desktop\apache-tomcat-10.0.13\apache-tomcat-10.0.13\webapps\nomeutentepassword] has finished in [29] ms
11-Dec-2021 08:26:39.634 INFORMAZIONI [main] org.apache.catalina.startup.HostConfig.deployDirectory Deploying web application directory [C:\Users\Mazzoleni.17108\Desktop\apache-tomcat-10.0.13\apache-tomcat-10.0.13\webapps\ROOT]
11-Dec-2021 08:26:39.655 INFORMAZIONI [main] org.apache.catalina.startup.HostConfig.deployDirectory Deployment of web application directory [C:\Users\Mazzoleni.17108\Desktop\apache-tomcat-10.0.13\apache-tomcat-10.0.13\webapps\ROOT] has finished in [21] ms
11-Dec-2021 08:26:39.659 INFORMAZIONI [main] org.apache.coyote.AbstractProtocol.start Starting ProtocolHandler ["http-nio-8000"]
11-Dec-2021 08:26:39.799 INFORMAZIONI [main] org.apache.catalina.startup.Catalina.start Server startup in [1017] milliseconds
11-Dec-2021 08:29:38.570 INFORMAZIONI [main] org.apache.catalina.startup.VersionLoggerListener.log Server version name:   Apache Tomcat/10.0.13
11-Dec-2021 08:29:38.573 INFORMAZIONI [main] org.apache.catalina.startup.VersionLoggerListener.log Server built:          Nov 9 2021 22:12:58 UTC
11-Dec-2021 08:29:38.573 INFORMAZIONI [main] org.apache.catalina.startup.VersionLoggerListener.log Server version number: 10.0.13.0
11-Dec-2021 08:29:38.574 INFORMAZIONI [main] org.apache.catalina.startup.VersionLoggerListener.log OS Name:               Windows 10
11-Dec-2021 08:29:38.574 INFORMAZIONI [main] org.apache.catalina.startup.VersionLoggerListener.log OS Version:            10.0
11-Dec-2021 08:29:38.574 INFORMAZIONI [main] org.apache.catalina.startup.VersionLoggerListener.log Architecture:          amd64
11-Dec-2021 08:29:38.574 INFORMAZIONI [main] org.apache.catalina.startup.VersionLoggerListener.log Java Home:             C:\Users\Mazzoleni.17108\Desktop\BlueJ\bluej\jdk
11-Dec-2021 08:29:38.574 INFORMAZIONI [main] org.apache.catalina.startup.VersionLoggerListener.log JVM Version:           11.0.10+9
11-Dec-2021 08:29:38.574 INFORMAZIONI [main] org.apache.catalina.startup.VersionLoggerListener.log JVM Vendor:            AdoptOpenJDK
11-Dec-2021 08:29:38.574 INFORMAZIONI [main] org.apache.catalina.startup.VersionLoggerListener.log CATALINA_BASE:         C:\Users\Mazzoleni.17108\Desktop\apache-tomcat-10.0.13\apache-tomcat-10.0.13
11-Dec-2021 08:29:38.575 INFORMAZIONI [main] org.apache.catalina.startup.VersionLoggerListener.log CATALINA_HOME:         C:\Users\Mazzoleni.17108\Desktop\apache-tomcat-10.0.13\apache-tomcat-10.0.13
11-Dec-2021 08:29:38.584 INFORMAZIONI [main] org.apache.catalina.startup.VersionLoggerListener.log Command line argument: --add-opens=java.base/java.lang=ALL-UNNAMED
11-Dec-2021 08:29:38.584 INFORMAZIONI [main] org.apache.catalina.startup.VersionLoggerListener.log Command line argument: --add-opens=java.base/java.io=ALL-UNNAMED
11-Dec-2021 08:29:38.585 INFORMAZIONI [main] org.apache.catalina.startup.VersionLoggerListener.log Command line argument: --add-opens=java.base/java.util=ALL-UNNAMED
11-Dec-2021 08:29:38.585 INFORMAZIONI [main] org.apache.catalina.startup.VersionLoggerListener.log Command line argument: --add-opens=java.base/java.util.concurrent=ALL-UNNAMED
11-Dec-2021 08:29:38.585 INFORMAZIONI [main] org.apache.catalina.startup.VersionLoggerListener.log Command line argument: --add-opens=java.rmi/sun.rmi.transport=ALL-UNNAMED
11-Dec-2021 08:29:38.585 INFORMAZIONI [main] org.apache.catalina.startup.VersionLoggerListener.log Command line argument: -Djava.util.logging.config.file=C:\Users\Mazzoleni.17108\Desktop\apache-tomcat-10.0.13\apache-tomcat-10.0.13\conf\logging.properties
11-Dec-2021 08:29:38.586 INFORMAZIONI [main] org.apache.catalina.startup.VersionLoggerListener.log Command line argument: -Djava.util.logging.manager=org.apache.juli.ClassLoaderLogManager
11-Dec-2021 08:29:38.586 INFORMAZIONI [main] org.apache.catalina.startup.VersionLoggerListener.log Command line argument: -Djdk.tls.ephemeralDHKeySize=2048
11-Dec-2021 08:29:38.586 INFORMAZIONI [main] org.apache.catalina.startup.VersionLoggerListener.log Command line argument: -Djava.protocol.handler.pkgs=org.apache.catalina.webresources
11-Dec-2021 08:29:38.587 INFORMAZIONI [main] org.apache.catalina.startup.VersionLoggerListener.log Command line argument: -Dignore.endorsed.dirs=
11-Dec-2021 08:29:38.587 INFORMAZIONI [main] org.apache.catalina.startup.VersionLoggerListener.log Command line argument: -Dcatalina.base=C:\Users\Mazzoleni.17108\Desktop\apache-tomcat-10.0.13\apache-tomcat-10.0.13
11-Dec-2021 08:29:38.588 INFORMAZIONI [main] org.apache.catalina.startup.VersionLoggerListener.log Command line argument: -Dcatalina.home=C:\Users\Mazzoleni.17108\Desktop\apache-tomcat-10.0.13\apache-tomcat-10.0.13
11-Dec-2021 08:29:38.588 INFORMAZIONI [main] org.apache.catalina.startup.VersionLoggerListener.log Command line argument: -Djava.io.tmpdir=C:\Users\Mazzoleni.17108\Desktop\apache-tomcat-10.0.13\apache-tomcat-10.0.13\temp
11-Dec-2021 08:29:38.594 INFORMAZIONI [main] org.apache.catalina.core.AprLifecycleListener.lifecycleEvent The Apache Tomcat Native library which allows using OpenSSL was not found on the java.library.path: [C:\Users\Mazzoleni.17108\Desktop\BlueJ\bluej\jdk\bin;C:\WINDOWS\Sun\Java\bin;C:\WINDOWS\system32;C:\WINDOWS;C:\Program Files (x86)\Common Files\Oracle\Java\javapath;C:\Program Files (x86)\Intel\Intel(R) Management Engine Components\iCLS\;C:\Program Files\Intel\Intel(R) Management Engine Components\iCLS\;C:\WINDOWS\system32;C:\WINDOWS;C:\WINDOWS\System32\Wbem;C:\WINDOWS\System32\WindowsPowerShell\v1.0\;C:\WINDOWS\System32\OpenSSH\;C:\Program Files (x86)\Intel\Intel(R) Management Engine Components\DAL;C:\Program Files\Intel\Intel(R) Management Engine Components\DAL;C:\Program Files (x86)\Intel\Intel(R) Management Engine Components\IPT;C:\Program Files\Intel\Intel(R) Management Engine Components\IPT;C:\Program Files (x86)\ATI Technologies\ATI.ACE\Core-Static;C:\Program Files (x86)\IVI Foundation\IVI\bin;C:\Program Files\IVI Foundation\IVI\bin;C:\Program Files\IVI Foundation\VISA\Win64\Bin\;C:\Program Files (x86)\IVI Foundation\VISA\WinNT\Bin\;C:\Program Files (x86)\IVI Foundation\VISA\WinNT\Bin;C:\Program Files (x86)\National Instruments\Motion Assistant\bin\mxwplugins;C:\Program Files (x86)\National Instruments\Shared\System\;c:\Program Files (x86)\Microsoft SQL Server\90\Tools\binn\;C:\Program Files (x86)\Microchip\MPLAB C32 Suite\bin;C:\Program Files\dotnet\;C:\Program Files\Microsoft SQL Server\130\Tools\Binn\;C:\Program Files\Microsoft SQL Server\Client SDK\ODBC\170\Tools\Binn\;C:\Program Files (x86)\dotnet\;C:\Program Files (x86)\Schneider Electric\EcoStruxure Machine Expert - Basic\;C:\Program Files\nodejs\;C:\xampp\php;C:\ProgramData\ComposerSetup\bin;C:\Program Files\Git\cmd;C:\Program Files\Docker\Docker\resources\bin;C:\ProgramData\DockerDesktop\version-bin;C:\Users\Mazzoleni.17108\AppData\Local\Microsoft\WindowsApps;;.]
11-Dec-2021 08:29:38.826 INFORMAZIONI [main] org.apache.coyote.AbstractProtocol.init Initializing ProtocolHandler ["http-nio-8000"]
11-Dec-2021 08:29:38.846 INFORMAZIONI [main] org.apache.catalina.startup.Catalina.load Server initialization in [442] milliseconds
11-Dec-2021 08:29:38.891 INFORMAZIONI [main] org.apache.catalina.core.StandardService.startInternal Starting service [Catalina]
11-Dec-2021 08:29:38.891 INFORMAZIONI [main] org.apache.catalina.core.StandardEngine.startInternal Starting Servlet engine: [Apache Tomcat/10.0.13]
11-Dec-2021 08:29:38.900 INFORMAZIONI [main] org.apache.catalina.startup.HostConfig.deployDirectory Deploying web application directory [C:\Users\Mazzoleni.17108\Desktop\apache-tomcat-10.0.13\apache-tomcat-10.0.13\webapps\app]
11-Dec-2021 08:29:39.227 AVVERTENZA [main] org.apache.catalina.util.SessionIdGeneratorBase.createSecureRandom Creation of SecureRandom instance for session ID generation using [SHA1PRNG] took [144] milliseconds.
11-Dec-2021 08:29:39.260 INFORMAZIONI [main] org.apache.catalina.startup.HostConfig.deployDirectory Deployment of web application directory [C:\Users\Mazzoleni.17108\Desktop\apache-tomcat-10.0.13\apache-tomcat-10.0.13\webapps\app] has finished in [360] ms
11-Dec-2021 08:29:39.262 INFORMAZIONI [main] org.apache.catalina.startup.HostConfig.deployDirectory Deploying web application directory [C:\Users\Mazzoleni.17108\Desktop\apache-tomcat-10.0.13\apache-tomcat-10.0.13\webapps\docs]
11-Dec-2021 08:29:39.294 INFORMAZIONI [main] org.apache.catalina.startup.HostConfig.deployDirectory Deployment of web application directory [C:\Users\Mazzoleni.17108\Desktop\apache-tomcat-10.0.13\apache-tomcat-10.0.13\webapps\docs] has finished in [32] ms
11-Dec-2021 08:29:39.302 INFORMAZIONI [main] org.apache.catalina.startup.HostConfig.deployDirectory Deploying web application directory [C:\Users\Mazzoleni.17108\Desktop\apache-tomcat-10.0.13\apache-tomcat-10.0.13\webapps\examples]
11-Dec-2021 08:29:39.918 INFORMAZIONI [main] org.apache.catalina.startup.HostConfig.deployDirectory Deployment of web application directory [C:\Users\Mazzoleni.17108\Desktop\apache-tomcat-10.0.13\apache-tomcat-10.0.13\webapps\examples] has finished in [616] ms
11-Dec-2021 08:29:39.919 INFORMAZIONI [main] org.apache.catalina.startup.HostConfig.deployDirectory Deploying web application directory [C:\Users\Mazzoleni.17108\Desktop\apache-tomcat-10.0.13\apache-tomcat-10.0.13\webapps\host-manager]
11-Dec-2021 08:29:39.975 INFORMAZIONI [main] org.apache.catalina.startup.HostConfig.deployDirectory Deployment of web application directory [C:\Users\Mazzoleni.17108\Desktop\apache-tomcat-10.0.13\apache-tomcat-10.0.13\webapps\host-manager] has finished in [56] ms
11-Dec-2021 08:29:39.976 INFORMAZIONI [main] org.apache.catalina.startup.HostConfig.deployDirectory Deploying web application directory [C:\Users\Mazzoleni.17108\Desktop\apache-tomcat-10.0.13\apache-tomcat-10.0.13\webapps\manager]
11-Dec-2021 08:29:40.016 INFORMAZIONI [main] org.apache.catalina.startup.HostConfig.deployDirectory Deployment of web application directory [C:\Users\Mazzoleni.17108\Desktop\apache-tomcat-10.0.13\apache-tomcat-10.0.13\webapps\manager] has finished in [39] ms
11-Dec-2021 08:29:40.018 INFORMAZIONI [main] org.apache.catalina.startup.HostConfig.deployDirectory Deploying web application directory [C:\Users\Mazzoleni.17108\Desktop\apache-tomcat-10.0.13\apache-tomcat-10.0.13\webapps\miapplicazione]
11-Dec-2021 08:29:40.050 INFORMAZIONI [main] org.apache.catalina.startup.HostConfig.deployDirectory Deployment of web application directory [C:\Users\Mazzoleni.17108\Desktop\apache-tomcat-10.0.13\apache-tomcat-10.0.13\webapps\miapplicazione] has finished in [32] ms
11-Dec-2021 08:29:40.051 INFORMAZIONI [main] org.apache.catalina.startup.HostConfig.deployDirectory Deploying web application directory [C:\Users\Mazzoleni.17108\Desktop\apache-tomcat-10.0.13\apache-tomcat-10.0.13\webapps\nomeutentepassword]
11-Dec-2021 08:29:40.080 INFORMAZIONI [main] org.apache.catalina.startup.HostConfig.deployDirectory Deployment of web application directory [C:\Users\Mazzoleni.17108\Desktop\apache-tomcat-10.0.13\apache-tomcat-10.0.13\webapps\nomeutentepassword] has finished in [28] ms
11-Dec-2021 08:29:40.080 INFORMAZIONI [main] org.apache.catalina.startup.HostConfig.deployDirectory Deploying web application directory [C:\Users\Mazzoleni.17108\Desktop\apache-tomcat-10.0.13\apache-tomcat-10.0.13\webapps\ROOT]
11-Dec-2021 08:29:40.103 INFORMAZIONI [main] org.apache.catalina.startup.HostConfig.deployDirectory Deployment of web application directory [C:\Users\Mazzoleni.17108\Desktop\apache-tomcat-10.0.13\apache-tomcat-10.0.13\webapps\ROOT] has finished in [23] ms
11-Dec-2021 08:29:40.108 INFORMAZIONI [main] org.apache.coyote.AbstractProtocol.start Starting ProtocolHandler ["http-nio-8000"]
11-Dec-2021 08:29:40.251 INFORMAZIONI [main] org.apache.catalina.startup.Catalina.start Server startup in [1404] milliseconds
11-Dec-2021 08:31:23.418 INFORMAZIONI [main] org.apache.catalina.startup.VersionLoggerListener.log Server version name:   Apache Tomcat/10.0.13
11-Dec-2021 08:31:23.422 INFORMAZIONI [main] org.apache.catalina.startup.VersionLoggerListener.log Server built:          Nov 9 2021 22:12:58 UTC
11-Dec-2021 08:31:23.423 INFORMAZIONI [main] org.apache.catalina.startup.VersionLoggerListener.log Server version number: 10.0.13.0
11-Dec-2021 08:31:23.423 INFORMAZIONI [main] org.apache.catalina.startup.VersionLoggerListener.log OS Name:               Windows 10
11-Dec-2021 08:31:23.423 INFORMAZIONI [main] org.apache.catalina.startup.VersionLoggerListener.log OS Version:            10.0
11-Dec-2021 08:31:23.423 INFORMAZIONI [main] org.apache.catalina.startup.VersionLoggerListener.log Architecture:          amd64
11-Dec-2021 08:31:23.423 INFORMAZIONI [main] org.apache.catalina.startup.VersionLoggerListener.log Java Home:             C:\Users\Mazzoleni.17108\Desktop\BlueJ\bluej\jdk
11-Dec-2021 08:31:23.423 INFORMAZIONI [main] org.apache.catalina.startup.VersionLoggerListener.log JVM Version:           11.0.10+9
11-Dec-2021 08:31:23.424 INFORMAZIONI [main] org.apache.catalina.startup.VersionLoggerListener.log JVM Vendor:            AdoptOpenJDK
11-Dec-2021 08:31:23.424 INFORMAZIONI [main] org.apache.catalina.startup.VersionLoggerListener.log CATALINA_BASE:         C:\Users\Mazzoleni.17108\Desktop\apache-tomcat-10.0.13\apache-tomcat-10.0.13
11-Dec-2021 08:31:23.424 INFORMAZIONI [main] org.apache.catalina.startup.VersionLoggerListener.log CATALINA_HOME:         C:\Users\Mazzoleni.17108\Desktop\apache-tomcat-10.0.13\apache-tomcat-10.0.13
11-Dec-2021 08:31:23.437 INFORMAZIONI [main] org.apache.catalina.startup.VersionLoggerListener.log Command line argument: --add-opens=java.base/java.lang=ALL-UNNAMED
11-Dec-2021 08:31:23.438 INFORMAZIONI [main] org.apache.catalina.startup.VersionLoggerListener.log Command line argument: --add-opens=java.base/java.io=ALL-UNNAMED
11-Dec-2021 08:31:23.438 INFORMAZIONI [main] org.apache.catalina.startup.VersionLoggerListener.log Command line argument: --add-opens=java.base/java.util=ALL-UNNAMED
11-Dec-2021 08:31:23.438 INFORMAZIONI [main] org.apache.catalina.startup.VersionLoggerListener.log Command line argument: --add-opens=java.base/java.util.concurrent=ALL-UNNAMED
11-Dec-2021 08:31:23.439 INFORMAZIONI [main] org.apache.catalina.startup.VersionLoggerListener.log Command line argument: --add-opens=java.rmi/sun.rmi.transport=ALL-UNNAMED
11-Dec-2021 08:31:23.439 INFORMAZIONI [main] org.apache.catalina.startup.VersionLoggerListener.log Command line argument: -Djava.util.logging.config.file=C:\Users\Mazzoleni.17108\Desktop\apache-tomcat-10.0.13\apache-tomcat-10.0.13\conf\logging.properties
11-Dec-2021 08:31:23.439 INFORMAZIONI [main] org.apache.catalina.startup.VersionLoggerListener.log Command line argument: -Djava.util.logging.manager=org.apache.juli.ClassLoaderLogManager
11-Dec-2021 08:31:23.440 INFORMAZIONI [main] org.apache.catalina.startup.VersionLoggerListener.log Command line argument: -Djdk.tls.ephemeralDHKeySize=2048
11-Dec-2021 08:31:23.440 INFORMAZIONI [main] org.apache.catalina.startup.VersionLoggerListener.log Command line argument: -Djava.protocol.handler.pkgs=org.apache.catalina.webresources
11-Dec-2021 08:31:23.440 INFORMAZIONI [main] org.apache.catalina.startup.VersionLoggerListener.log Command line argument: -Dignore.endorsed.dirs=
11-Dec-2021 08:31:23.441 INFORMAZIONI [main] org.apache.catalina.startup.VersionLoggerListener.log Command line argument: -Dcatalina.base=C:\Users\Mazzoleni.17108\Desktop\apache-tomcat-10.0.13\apache-tomcat-10.0.13
11-Dec-2021 08:31:23.441 INFORMAZIONI [main] org.apache.catalina.startup.VersionLoggerListener.log Command line argument: -Dcatalina.home=C:\Users\Mazzoleni.17108\Desktop\apache-tomcat-10.0.13\apache-tomcat-10.0.13
11-Dec-2021 08:31:23.441 INFORMAZIONI [main] org.apache.catalina.startup.VersionLoggerListener.log Command line argument: -Djava.io.tmpdir=C:\Users\Mazzoleni.17108\Desktop\apache-tomcat-10.0.13\apache-tomcat-10.0.13\temp
11-Dec-2021 08:31:23.448 INFORMAZIONI [main] org.apache.catalina.core.AprLifecycleListener.lifecycleEvent The Apache Tomcat Native library which allows using OpenSSL was not found on the java.library.path: [C:\Users\Mazzoleni.17108\Desktop\BlueJ\bluej\jdk\bin;C:\WINDOWS\Sun\Java\bin;C:\WINDOWS\system32;C:\WINDOWS;C:\Program Files (x86)\Common Files\Oracle\Java\javapath;C:\Program Files (x86)\Intel\Intel(R) Management Engine Components\iCLS\;C:\Program Files\Intel\Intel(R) Management Engine Components\iCLS\;C:\WINDOWS\system32;C:\WINDOWS;C:\WINDOWS\System32\Wbem;C:\WINDOWS\System32\WindowsPowerShell\v1.0\;C:\WINDOWS\System32\OpenSSH\;C:\Program Files (x86)\Intel\Intel(R) Management Engine Components\DAL;C:\Program Files\Intel\Intel(R) Management Engine Components\DAL;C:\Program Files (x86)\Intel\Intel(R) Management Engine Components\IPT;C:\Program Files\Intel\Intel(R) Management Engine Components\IPT;C:\Program Files (x86)\ATI Technologies\ATI.ACE\Core-Static;C:\Program Files (x86)\IVI Foundation\IVI\bin;C:\Program Files\IVI Foundation\IVI\bin;C:\Program Files\IVI Foundation\VISA\Win64\Bin\;C:\Program Files (x86)\IVI Foundation\VISA\WinNT\Bin\;C:\Program Files (x86)\IVI Foundation\VISA\WinNT\Bin;C:\Program Files (x86)\National Instruments\Motion Assistant\bin\mxwplugins;C:\Program Files (x86)\National Instruments\Shared\System\;c:\Program Files (x86)\Microsoft SQL Server\90\Tools\binn\;C:\Program Files (x86)\Microchip\MPLAB C32 Suite\bin;C:\Program Files\dotnet\;C:\Program Files\Microsoft SQL Server\130\Tools\Binn\;C:\Program Files\Microsoft SQL Server\Client SDK\ODBC\170\Tools\Binn\;C:\Program Files (x86)\dotnet\;C:\Program Files (x86)\Schneider Electric\EcoStruxure Machine Expert - Basic\;C:\Program Files\nodejs\;C:\xampp\php;C:\ProgramData\ComposerSetup\bin;C:\Program Files\Git\cmd;C:\Program Files\Docker\Docker\resources\bin;C:\ProgramData\DockerDesktop\version-bin;C:\Users\Mazzoleni.17108\AppData\Local\Microsoft\WindowsApps;;.]
11-Dec-2021 08:31:23.698 INFORMAZIONI [main] org.apache.coyote.AbstractProtocol.init Initializing ProtocolHandler ["http-nio-8000"]
11-Dec-2021 08:31:23.717 INFORMAZIONI [main] org.apache.catalina.startup.Catalina.load Server initialization in [466] milliseconds
11-Dec-2021 08:31:23.762 INFORMAZIONI [main] org.apache.catalina.core.StandardService.startInternal Starting service [Catalina]
11-Dec-2021 08:31:23.763 INFORMAZIONI [main] org.apache.catalina.core.StandardEngine.startInternal Starting Servlet engine: [Apache Tomcat/10.0.13]
11-Dec-2021 08:31:23.772 INFORMAZIONI [main] org.apache.catalina.startup.HostConfig.deployDirectory Deploying web application directory [C:\Users\Mazzoleni.17108\Desktop\apache-tomcat-10.0.13\apache-tomcat-10.0.13\webapps\app]
11-Dec-2021 08:31:24.109 AVVERTENZA [main] org.apache.catalina.util.SessionIdGeneratorBase.createSecureRandom Creation of SecureRandom instance for session ID generation using [SHA1PRNG] took [143] milliseconds.
11-Dec-2021 08:31:24.137 INFORMAZIONI [main] org.apache.catalina.startup.HostConfig.deployDirectory Deployment of web application directory [C:\Users\Mazzoleni.17108\Desktop\apache-tomcat-10.0.13\apache-tomcat-10.0.13\webapps\app] has finished in [365] ms
11-Dec-2021 08:31:24.138 INFORMAZIONI [main] org.apache.catalina.startup.HostConfig.deployDirectory Deploying web application directory [C:\Users\Mazzoleni.17108\Desktop\apache-tomcat-10.0.13\apache-tomcat-10.0.13\webapps\docs]
11-Dec-2021 08:31:24.161 INFORMAZIONI [main] org.apache.catalina.startup.HostConfig.deployDirectory Deployment of web application directory [C:\Users\Mazzoleni.17108\Desktop\apache-tomcat-10.0.13\apache-tomcat-10.0.13\webapps\docs] has finished in [23] ms
11-Dec-2021 08:31:24.162 INFORMAZIONI [main] org.apache.catalina.startup.HostConfig.deployDirectory Deploying web application directory [C:\Users\Mazzoleni.17108\Desktop\apache-tomcat-10.0.13\apache-tomcat-10.0.13\webapps\examples]
11-Dec-2021 08:31:24.493 INFORMAZIONI [main] org.apache.catalina.startup.HostConfig.deployDirectory Deployment of web application directory [C:\Users\Mazzoleni.17108\Desktop\apache-tomcat-10.0.13\apache-tomcat-10.0.13\webapps\examples] has finished in [331] ms
11-Dec-2021 08:31:24.494 INFORMAZIONI [main] org.apache.catalina.startup.HostConfig.deployDirectory Deploying web application directory [C:\Users\Mazzoleni.17108\Desktop\apache-tomcat-10.0.13\apache-tomcat-10.0.13\webapps\host-manager]
11-Dec-2021 08:31:24.527 INFORMAZIONI [main] org.apache.catalina.startup.HostConfig.deployDirectory Deployment of web application directory [C:\Users\Mazzoleni.17108\Desktop\apache-tomcat-10.0.13\apache-tomcat-10.0.13\webapps\host-manager] has finished in [33] ms
11-Dec-2021 08:31:24.528 INFORMAZIONI [main] org.apache.catalina.startup.HostConfig.deployDirectory Deploying web application directory [C:\Users\Mazzoleni.17108\Desktop\apache-tomcat-10.0.13\apache-tomcat-10.0.13\webapps\manager]
11-Dec-2021 08:31:24.554 INFORMAZIONI [main] org.apache.catalina.startup.HostConfig.deployDirectory Deployment of web application directory [C:\Users\Mazzoleni.17108\Desktop\apache-tomcat-10.0.13\apache-tomcat-10.0.13\webapps\manager] has finished in [26] ms
11-Dec-2021 08:31:24.555 INFORMAZIONI [main] org.apache.catalina.startup.HostConfig.deployDirectory Deploying web application directory [C:\Users\Mazzoleni.17108\Desktop\apache-tomcat-10.0.13\apache-tomcat-10.0.13\webapps\miapplicazione]
11-Dec-2021 08:31:24.584 INFORMAZIONI [main] org.apache.catalina.startup.HostConfig.deployDirectory Deployment of web application directory [C:\Users\Mazzoleni.17108\Desktop\apache-tomcat-10.0.13\apache-tomcat-10.0.13\webapps\miapplicazione] has finished in [29] ms
11-Dec-2021 08:31:24.584 INFORMAZIONI [main] org.apache.catalina.startup.HostConfig.deployDirectory Deploying web application directory [C:\Users\Mazzoleni.17108\Desktop\apache-tomcat-10.0.13\apache-tomcat-10.0.13\webapps\nomeutentepassword]
11-Dec-2021 08:31:24.613 INFORMAZIONI [main] org.apache.catalina.startup.HostConfig.deployDirectory Deployment of web application directory [C:\Users\Mazzoleni.17108\Desktop\apache-tomcat-10.0.13\apache-tomcat-10.0.13\webapps\nomeutentepassword] has finished in [28] ms
11-Dec-2021 08:31:24.613 INFORMAZIONI [main] org.apache.catalina.startup.HostConfig.deployDirectory Deploying web application directory [C:\Users\Mazzoleni.17108\Desktop\apache-tomcat-10.0.13\apache-tomcat-10.0.13\webapps\ROOT]
11-Dec-2021 08:31:24.634 INFORMAZIONI [main] org.apache.catalina.startup.HostConfig.deployDirectory Deployment of web application directory [C:\Users\Mazzoleni.17108\Desktop\apache-tomcat-10.0.13\apache-tomcat-10.0.13\webapps\ROOT] has finished in [21] ms
11-Dec-2021 08:31:24.638 INFORMAZIONI [main] org.apache.coyote.AbstractProtocol.start Starting ProtocolHandler ["http-nio-8000"]
11-Dec-2021 08:31:24.779 INFORMAZIONI [main] org.apache.catalina.startup.Catalina.start Server startup in [1061] milliseconds
11-Dec-2021 08:43:39.883 INFORMAZIONI [main] org.apache.catalina.startup.VersionLoggerListener.log Server version name:   Apache Tomcat/10.0.13
11-Dec-2021 08:43:39.887 INFORMAZIONI [main] org.apache.catalina.startup.VersionLoggerListener.log Server built:          Nov 9 2021 22:12:58 UTC
11-Dec-2021 08:43:39.887 INFORMAZIONI [main] org.apache.catalina.startup.VersionLoggerListener.log Server version number: 10.0.13.0
11-Dec-2021 08:43:39.887 INFORMAZIONI [main] org.apache.catalina.startup.VersionLoggerListener.log OS Name:               Windows 10
11-Dec-2021 08:43:39.887 INFORMAZIONI [main] org.apache.catalina.startup.VersionLoggerListener.log OS Version:            10.0
11-Dec-2021 08:43:39.888 INFORMAZIONI [main] org.apache.catalina.startup.VersionLoggerListener.log Architecture:          amd64
11-Dec-2021 08:43:39.888 INFORMAZIONI [main] org.apache.catalina.startup.VersionLoggerListener.log Java Home:             C:\Users\Mazzoleni.17108\Desktop\BlueJ\bluej\jdk
11-Dec-2021 08:43:39.888 INFORMAZIONI [main] org.apache.catalina.startup.VersionLoggerListener.log JVM Version:           11.0.10+9
11-Dec-2021 08:43:39.888 INFORMAZIONI [main] org.apache.catalina.startup.VersionLoggerListener.log JVM Vendor:            AdoptOpenJDK
11-Dec-2021 08:43:39.888 INFORMAZIONI [main] org.apache.catalina.startup.VersionLoggerListener.log CATALINA_BASE:         C:\Users\Mazzoleni.17108\Desktop\apache-tomcat-10.0.13\apache-tomcat-10.0.13
11-Dec-2021 08:43:39.888 INFORMAZIONI [main] org.apache.catalina.startup.VersionLoggerListener.log CATALINA_HOME:         C:\Users\Mazzoleni.17108\Desktop\apache-tomcat-10.0.13\apache-tomcat-10.0.13
11-Dec-2021 08:43:39.899 INFORMAZIONI [main] org.apache.catalina.startup.VersionLoggerListener.log Command line argument: --add-opens=java.base/java.lang=ALL-UNNAMED
11-Dec-2021 08:43:39.899 INFORMAZIONI [main] org.apache.catalina.startup.VersionLoggerListener.log Command line argument: --add-opens=java.base/java.io=ALL-UNNAMED
11-Dec-2021 08:43:39.900 INFORMAZIONI [main] org.apache.catalina.startup.VersionLoggerListener.log Command line argument: --add-opens=java.base/java.util=ALL-UNNAMED
11-Dec-2021 08:43:39.900 INFORMAZIONI [main] org.apache.catalina.startup.VersionLoggerListener.log Command line argument: --add-opens=java.base/java.util.concurrent=ALL-UNNAMED
11-Dec-2021 08:43:39.900 INFORMAZIONI [main] org.apache.catalina.startup.VersionLoggerListener.log Command line argument: --add-opens=java.rmi/sun.rmi.transport=ALL-UNNAMED
11-Dec-2021 08:43:39.901 INFORMAZIONI [main] org.apache.catalina.startup.VersionLoggerListener.log Command line argument: -Djava.util.logging.config.file=C:\Users\Mazzoleni.17108\Desktop\apache-tomcat-10.0.13\apache-tomcat-10.0.13\conf\logging.properties
11-Dec-2021 08:43:39.901 INFORMAZIONI [main] org.apache.catalina.startup.VersionLoggerListener.log Command line argument: -Djava.util.logging.manager=org.apache.juli.ClassLoaderLogManager
11-Dec-2021 08:43:39.901 INFORMAZIONI [main] org.apache.catalina.startup.VersionLoggerListener.log Command line argument: -Djdk.tls.ephemeralDHKeySize=2048
11-Dec-2021 08:43:39.902 INFORMAZIONI [main] org.apache.catalina.startup.VersionLoggerListener.log Command line argument: -Djava.protocol.handler.pkgs=org.apache.catalina.webresources
11-Dec-2021 08:43:39.902 INFORMAZIONI [main] org.apache.catalina.startup.VersionLoggerListener.log Command line argument: -Dignore.endorsed.dirs=
11-Dec-2021 08:43:39.902 INFORMAZIONI [main] org.apache.catalina.startup.VersionLoggerListener.log Command line argument: -Dcatalina.base=C:\Users\Mazzoleni.17108\Desktop\apache-tomcat-10.0.13\apache-tomcat-10.0.13
11-Dec-2021 08:43:39.903 INFORMAZIONI [main] org.apache.catalina.startup.VersionLoggerListener.log Command line argument: -Dcatalina.home=C:\Users\Mazzoleni.17108\Desktop\apache-tomcat-10.0.13\apache-tomcat-10.0.13
11-Dec-2021 08:43:39.903 INFORMAZIONI [main] org.apache.catalina.startup.VersionLoggerListener.log Command line argument: -Djava.io.tmpdir=C:\Users\Mazzoleni.17108\Desktop\apache-tomcat-10.0.13\apache-tomcat-10.0.13\temp
11-Dec-2021 08:43:39.910 INFORMAZIONI [main] org.apache.catalina.core.AprLifecycleListener.lifecycleEvent The Apache Tomcat Native library which allows using OpenSSL was not found on the java.library.path: [C:\Users\Mazzoleni.17108\Desktop\BlueJ\bluej\jdk\bin;C:\WINDOWS\Sun\Java\bin;C:\WINDOWS\system32;C:\WINDOWS;C:\Program Files (x86)\Common Files\Oracle\Java\javapath;C:\Program Files (x86)\Intel\Intel(R) Management Engine Components\iCLS\;C:\Program Files\Intel\Intel(R) Management Engine Components\iCLS\;C:\WINDOWS\system32;C:\WINDOWS;C:\WINDOWS\System32\Wbem;C:\WINDOWS\System32\WindowsPowerShell\v1.0\;C:\WINDOWS\System32\OpenSSH\;C:\Program Files (x86)\Intel\Intel(R) Management Engine Components\DAL;C:\Program Files\Intel\Intel(R) Management Engine Components\DAL;C:\Program Files (x86)\Intel\Intel(R) Management Engine Components\IPT;C:\Program Files\Intel\Intel(R) Management Engine Components\IPT;C:\Program Files (x86)\ATI Technologies\ATI.ACE\Core-Static;C:\Program Files (x86)\IVI Foundation\IVI\bin;C:\Program Files\IVI Foundation\IVI\bin;C:\Program Files\IVI Foundation\VISA\Win64\Bin\;C:\Program Files (x86)\IVI Foundation\VISA\WinNT\Bin\;C:\Program Files (x86)\IVI Foundation\VISA\WinNT\Bin;C:\Program Files (x86)\National Instruments\Motion Assistant\bin\mxwplugins;C:\Program Files (x86)\National Instruments\Shared\System\;c:\Program Files (x86)\Microsoft SQL Server\90\Tools\binn\;C:\Program Files (x86)\Microchip\MPLAB C32 Suite\bin;C:\Program Files\dotnet\;C:\Program Files\Microsoft SQL Server\130\Tools\Binn\;C:\Program Files\Microsoft SQL Server\Client SDK\ODBC\170\Tools\Binn\;C:\Program Files (x86)\dotnet\;C:\Program Files (x86)\Schneider Electric\EcoStruxure Machine Expert - Basic\;C:\Program Files\nodejs\;C:\xampp\php;C:\ProgramData\ComposerSetup\bin;C:\Program Files\Git\cmd;C:\Program Files\Docker\Docker\resources\bin;C:\ProgramData\DockerDesktop\version-bin;C:\Users\Mazzoleni.17108\AppData\Local\Microsoft\WindowsApps;;.]
11-Dec-2021 08:43:40.156 INFORMAZIONI [main] org.apache.coyote.AbstractProtocol.init Initializing ProtocolHandler ["http-nio-8000"]
11-Dec-2021 08:43:40.178 INFORMAZIONI [main] org.apache.catalina.startup.Catalina.load Server initialization in [474] milliseconds
11-Dec-2021 08:43:40.230 INFORMAZIONI [main] org.apache.catalina.core.StandardService.startInternal Starting service [Catalina]
11-Dec-2021 08:43:40.230 INFORMAZIONI [main] org.apache.catalina.core.StandardEngine.startInternal Starting Servlet engine: [Apache Tomcat/10.0.13]
11-Dec-2021 08:43:40.239 INFORMAZIONI [main] org.apache.catalina.startup.HostConfig.deployDirectory Deploying web application directory [C:\Users\Mazzoleni.17108\Desktop\apache-tomcat-10.0.13\apache-tomcat-10.0.13\webapps\app]
11-Dec-2021 08:43:40.571 AVVERTENZA [main] org.apache.catalina.util.SessionIdGeneratorBase.createSecureRandom Creation of SecureRandom instance for session ID generation using [SHA1PRNG] took [148] milliseconds.
11-Dec-2021 08:43:40.599 INFORMAZIONI [main] org.apache.catalina.startup.HostConfig.deployDirectory Deployment of web application directory [C:\Users\Mazzoleni.17108\Desktop\apache-tomcat-10.0.13\apache-tomcat-10.0.13\webapps\app] has finished in [360] ms
11-Dec-2021 08:43:40.600 INFORMAZIONI [main] org.apache.catalina.startup.HostConfig.deployDirectory Deploying web application directory [C:\Users\Mazzoleni.17108\Desktop\apache-tomcat-10.0.13\apache-tomcat-10.0.13\webapps\docs]
11-Dec-2021 08:43:40.623 INFORMAZIONI [main] org.apache.catalina.startup.HostConfig.deployDirectory Deployment of web application directory [C:\Users\Mazzoleni.17108\Desktop\apache-tomcat-10.0.13\apache-tomcat-10.0.13\webapps\docs] has finished in [23] ms
11-Dec-2021 08:43:40.624 INFORMAZIONI [main] org.apache.catalina.startup.HostConfig.deployDirectory Deploying web application directory [C:\Users\Mazzoleni.17108\Desktop\apache-tomcat-10.0.13\apache-tomcat-10.0.13\webapps\examples]
11-Dec-2021 08:43:40.921 INFORMAZIONI [main] org.apache.catalina.startup.HostConfig.deployDirectory Deployment of web application directory [C:\Users\Mazzoleni.17108\Desktop\apache-tomcat-10.0.13\apache-tomcat-10.0.13\webapps\examples] has finished in [297] ms
11-Dec-2021 08:43:40.921 INFORMAZIONI [main] org.apache.catalina.startup.HostConfig.deployDirectory Deploying web application directory [C:\Users\Mazzoleni.17108\Desktop\apache-tomcat-10.0.13\apache-tomcat-10.0.13\webapps\host-manager]
11-Dec-2021 08:43:40.952 INFORMAZIONI [main] org.apache.catalina.startup.HostConfig.deployDirectory Deployment of web application directory [C:\Users\Mazzoleni.17108\Desktop\apache-tomcat-10.0.13\apache-tomcat-10.0.13\webapps\host-manager] has finished in [30] ms
11-Dec-2021 08:43:40.952 INFORMAZIONI [main] org.apache.catalina.startup.HostConfig.deployDirectory Deploying web application directory [C:\Users\Mazzoleni.17108\Desktop\apache-tomcat-10.0.13\apache-tomcat-10.0.13\webapps\manager]
11-Dec-2021 08:43:40.978 INFORMAZIONI [main] org.apache.catalina.startup.HostConfig.deployDirectory Deployment of web application directory [C:\Users\Mazzoleni.17108\Desktop\apache-tomcat-10.0.13\apache-tomcat-10.0.13\webapps\manager] has finished in [26] ms
11-Dec-2021 08:43:40.979 INFORMAZIONI [main] org.apache.catalina.startup.HostConfig.deployDirectory Deploying web application directory [C:\Users\Mazzoleni.17108\Desktop\apache-tomcat-10.0.13\apache-tomcat-10.0.13\webapps\miapplicazione]
11-Dec-2021 08:43:41.009 INFORMAZIONI [main] org.apache.catalina.startup.HostConfig.deployDirectory Deployment of web application directory [C:\Users\Mazzoleni.17108\Desktop\apache-tomcat-10.0.13\apache-tomcat-10.0.13\webapps\miapplicazione] has finished in [30] ms
11-Dec-2021 08:43:41.009 INFORMAZIONI [main] org.apache.catalina.startup.HostConfig.deployDirectory Deploying web application directory [C:\Users\Mazzoleni.17108\Desktop\apache-tomcat-10.0.13\apache-tomcat-10.0.13\webapps\nomeutentepassword]
11-Dec-2021 08:43:41.038 INFORMAZIONI [main] org.apache.catalina.startup.HostConfig.deployDirectory Deployment of web application directory [C:\Users\Mazzoleni.17108\Desktop\apache-tomcat-10.0.13\apache-tomcat-10.0.13\webapps\nomeutentepassword] has finished in [29] ms
11-Dec-2021 08:43:41.039 INFORMAZIONI [main] org.apache.catalina.startup.HostConfig.deployDirectory Deploying web application directory [C:\Users\Mazzoleni.17108\Desktop\apache-tomcat-10.0.13\apache-tomcat-10.0.13\webapps\ROOT]
11-Dec-2021 08:43:41.060 INFORMAZIONI [main] org.apache.catalina.startup.HostConfig.deployDirectory Deployment of web application directory [C:\Users\Mazzoleni.17108\Desktop\apache-tomcat-10.0.13\apache-tomcat-10.0.13\webapps\ROOT] has finished in [20] ms
11-Dec-2021 08:43:41.064 INFORMAZIONI [main] org.apache.coyote.AbstractProtocol.start Starting ProtocolHandler ["http-nio-8000"]
11-Dec-2021 08:43:41.203 INFORMAZIONI [main] org.apache.catalina.startup.Catalina.start Server startup in [1023] milliseconds
