17-Jan-2022 23:15:23.758 INFORMAZIONI [main] org.apache.catalina.startup.VersionLoggerListener.log Server version name:   Apache Tomcat/10.0.13
17-Jan-2022 23:15:23.764 INFORMAZIONI [main] org.apache.catalina.startup.VersionLoggerListener.log Server built:          Nov 9 2021 22:12:58 UTC
17-Jan-2022 23:15:23.768 INFORMAZIONI [main] org.apache.catalina.startup.VersionLoggerListener.log Server version number: 10.0.13.0
17-Jan-2022 23:15:23.768 INFORMAZIONI [main] org.apache.catalina.startup.VersionLoggerListener.log OS Name:               Windows 10
17-Jan-2022 23:15:23.769 INFORMAZIONI [main] org.apache.catalina.startup.VersionLoggerListener.log OS Version:            10.0
17-Jan-2022 23:15:23.769 INFORMAZIONI [main] org.apache.catalina.startup.VersionLoggerListener.log Architecture:          amd64
17-Jan-2022 23:15:23.773 INFORMAZIONI [main] org.apache.catalina.startup.VersionLoggerListener.log Java Home:             C:\Program Files\BlueJ\jdk
17-Jan-2022 23:15:23.773 INFORMAZIONI [main] org.apache.catalina.startup.VersionLoggerListener.log JVM Version:           11.0.10+9
17-Jan-2022 23:15:23.774 INFORMAZIONI [main] org.apache.catalina.startup.VersionLoggerListener.log JVM Vendor:            AdoptOpenJDK
17-Jan-2022 23:15:23.774 INFORMAZIONI [main] org.apache.catalina.startup.VersionLoggerListener.log CATALINA_BASE:         C:\Users\user\Desktop\5IB\TPS\MazzoleniApache\apache-tomcat-10.0.13
17-Jan-2022 23:15:23.778 INFORMAZIONI [main] org.apache.catalina.startup.VersionLoggerListener.log CATALINA_HOME:         C:\Users\user\Desktop\5IB\TPS\MazzoleniApache\apache-tomcat-10.0.13
17-Jan-2022 23:15:23.799 INFORMAZIONI [main] org.apache.catalina.startup.VersionLoggerListener.log Command line argument: --add-opens=java.base/java.lang=ALL-UNNAMED
17-Jan-2022 23:15:23.800 INFORMAZIONI [main] org.apache.catalina.startup.VersionLoggerListener.log Command line argument: --add-opens=java.base/java.io=ALL-UNNAMED
17-Jan-2022 23:15:23.800 INFORMAZIONI [main] org.apache.catalina.startup.VersionLoggerListener.log Command line argument: --add-opens=java.base/java.util=ALL-UNNAMED
17-Jan-2022 23:15:23.800 INFORMAZIONI [main] org.apache.catalina.startup.VersionLoggerListener.log Command line argument: --add-opens=java.base/java.util.concurrent=ALL-UNNAMED
17-Jan-2022 23:15:23.801 INFORMAZIONI [main] org.apache.catalina.startup.VersionLoggerListener.log Command line argument: --add-opens=java.rmi/sun.rmi.transport=ALL-UNNAMED
17-Jan-2022 23:15:23.801 INFORMAZIONI [main] org.apache.catalina.startup.VersionLoggerListener.log Command line argument: -Djava.util.logging.config.file=C:\Users\user\Desktop\5IB\TPS\MazzoleniApache\apache-tomcat-10.0.13\conf\logging.properties
17-Jan-2022 23:15:23.801 INFORMAZIONI [main] org.apache.catalina.startup.VersionLoggerListener.log Command line argument: -Djava.util.logging.manager=org.apache.juli.ClassLoaderLogManager
17-Jan-2022 23:15:23.802 INFORMAZIONI [main] org.apache.catalina.startup.VersionLoggerListener.log Command line argument: -Djdk.tls.ephemeralDHKeySize=2048
17-Jan-2022 23:15:23.802 INFORMAZIONI [main] org.apache.catalina.startup.VersionLoggerListener.log Command line argument: -Djava.protocol.handler.pkgs=org.apache.catalina.webresources
17-Jan-2022 23:15:23.803 INFORMAZIONI [main] org.apache.catalina.startup.VersionLoggerListener.log Command line argument: -Dignore.endorsed.dirs=
17-Jan-2022 23:15:23.803 INFORMAZIONI [main] org.apache.catalina.startup.VersionLoggerListener.log Command line argument: -Dcatalina.base=C:\Users\user\Desktop\5IB\TPS\MazzoleniApache\apache-tomcat-10.0.13
17-Jan-2022 23:15:23.803 INFORMAZIONI [main] org.apache.catalina.startup.VersionLoggerListener.log Command line argument: -Dcatalina.home=C:\Users\user\Desktop\5IB\TPS\MazzoleniApache\apache-tomcat-10.0.13
17-Jan-2022 23:15:23.804 INFORMAZIONI [main] org.apache.catalina.startup.VersionLoggerListener.log Command line argument: -Djava.io.tmpdir=C:\Users\user\Desktop\5IB\TPS\MazzoleniApache\apache-tomcat-10.0.13\temp
17-Jan-2022 23:15:23.811 INFORMAZIONI [main] org.apache.catalina.core.AprLifecycleListener.lifecycleEvent The Apache Tomcat Native library which allows using OpenSSL was not found on the java.library.path: [C:\Program Files\BlueJ\jdk\bin;C:\Windows\Sun\Java\bin;C:\Windows\system32;C:\Windows;C:\Program Files\Common Files\Oracle\Java\javapath;C:\Program Files\AdoptOpenJDK\jdk-11.0.10.9-hotspot\bin;C:\Windows\system32;C:\Windows;C:\Windows\System32\Wbem;C:\Windows\System32\WindowsPowerShell\v1.0\;C:\Windows\System32\OpenSSH\;C:\Program Files (x86)\NVIDIA Corporation\PhysX\Common;C:\Program Files\NVIDIA Corporation\NVIDIA NvDLISR;C:\Program Files\dotnet\;C:\Program Files\PuTTY\;C:\Program Files\Docker\Docker\resources\bin;C:\ProgramData\DockerDesktop\version-bin;C:\Program Files\nodejs\;C:\ProgramData\chocolatey\bin;C:\Program Files\Git\cmd;C:\Users\user\AppData\Local\Microsoft\WindowsApps;C:\Users\user\.dotnet\tools;C:\Users\user\AppData\Local\Programs\Microsoft VS Code\bin;C:\Users\user\AppData\Roaming\npm;.]
17-Jan-2022 23:15:24.177 INFORMAZIONI [main] org.apache.coyote.AbstractProtocol.init Initializing ProtocolHandler ["http-nio-8000"]
17-Jan-2022 23:15:24.218 INFORMAZIONI [main] org.apache.catalina.startup.Catalina.load Server initialization in [847] milliseconds
17-Jan-2022 23:15:24.292 INFORMAZIONI [main] org.apache.catalina.core.StandardService.startInternal Starting service [Catalina]
17-Jan-2022 23:15:24.293 INFORMAZIONI [main] org.apache.catalina.core.StandardEngine.startInternal Starting Servlet engine: [Apache Tomcat/10.0.13]
17-Jan-2022 23:15:24.313 INFORMAZIONI [main] org.apache.catalina.startup.HostConfig.deployDirectory Deploying web application directory [C:\Users\user\Desktop\5IB\TPS\MazzoleniApache\apache-tomcat-10.0.13\webapps\appdb]
17-Jan-2022 23:15:25.030 INFORMAZIONI [main] org.apache.jasper.servlet.TldScanner.scanJars At least one JAR was scanned for TLDs yet contained no TLDs. Enable debug logging for this logger for a complete list of JARs that were scanned but no TLDs were found in them. Skipping unneeded JARs during scanning can improve startup time and JSP compilation time.
17-Jan-2022 23:15:25.182 AVVERTENZA [main] org.apache.catalina.util.SessionIdGeneratorBase.createSecureRandom Creation of SecureRandom instance for session ID generation using [SHA1PRNG] took [122] milliseconds.
17-Jan-2022 23:15:25.206 INFORMAZIONI [main] org.apache.catalina.startup.HostConfig.deployDirectory Deployment of web application directory [C:\Users\user\Desktop\5IB\TPS\MazzoleniApache\apache-tomcat-10.0.13\webapps\appdb] has finished in [893] ms
17-Jan-2022 23:15:25.206 INFORMAZIONI [main] org.apache.catalina.startup.HostConfig.deployDirectory Deploying web application directory [C:\Users\user\Desktop\5IB\TPS\MazzoleniApache\apache-tomcat-10.0.13\webapps\appdbmysql]
17-Jan-2022 23:15:25.615 INFORMAZIONI [main] org.apache.jasper.servlet.TldScanner.scanJars At least one JAR was scanned for TLDs yet contained no TLDs. Enable debug logging for this logger for a complete list of JARs that were scanned but no TLDs were found in them. Skipping unneeded JARs during scanning can improve startup time and JSP compilation time.
17-Jan-2022 23:15:25.618 INFORMAZIONI [main] org.apache.catalina.startup.HostConfig.deployDirectory Deployment of web application directory [C:\Users\user\Desktop\5IB\TPS\MazzoleniApache\apache-tomcat-10.0.13\webapps\appdbmysql] has finished in [411] ms
17-Jan-2022 23:15:25.618 INFORMAZIONI [main] org.apache.catalina.startup.HostConfig.deployDirectory Deploying web application directory [C:\Users\user\Desktop\5IB\TPS\MazzoleniApache\apache-tomcat-10.0.13\webapps\docs]
17-Jan-2022 23:15:25.641 INFORMAZIONI [main] org.apache.catalina.startup.HostConfig.deployDirectory Deployment of web application directory [C:\Users\user\Desktop\5IB\TPS\MazzoleniApache\apache-tomcat-10.0.13\webapps\docs] has finished in [23] ms
17-Jan-2022 23:15:25.641 INFORMAZIONI [main] org.apache.catalina.startup.HostConfig.deployDirectory Deploying web application directory [C:\Users\user\Desktop\5IB\TPS\MazzoleniApache\apache-tomcat-10.0.13\webapps\examples]
17-Jan-2022 23:15:26.042 INFORMAZIONI [main] org.apache.catalina.startup.HostConfig.deployDirectory Deployment of web application directory [C:\Users\user\Desktop\5IB\TPS\MazzoleniApache\apache-tomcat-10.0.13\webapps\examples] has finished in [401] ms
17-Jan-2022 23:15:26.042 INFORMAZIONI [main] org.apache.catalina.startup.HostConfig.deployDirectory Deploying web application directory [C:\Users\user\Desktop\5IB\TPS\MazzoleniApache\apache-tomcat-10.0.13\webapps\host-manager]
17-Jan-2022 23:15:26.087 INFORMAZIONI [main] org.apache.catalina.startup.HostConfig.deployDirectory Deployment of web application directory [C:\Users\user\Desktop\5IB\TPS\MazzoleniApache\apache-tomcat-10.0.13\webapps\host-manager] has finished in [45] ms
17-Jan-2022 23:15:26.088 INFORMAZIONI [main] org.apache.catalina.startup.HostConfig.deployDirectory Deploying web application directory [C:\Users\user\Desktop\5IB\TPS\MazzoleniApache\apache-tomcat-10.0.13\webapps\manager]
17-Jan-2022 23:15:26.125 INFORMAZIONI [main] org.apache.catalina.startup.HostConfig.deployDirectory Deployment of web application directory [C:\Users\user\Desktop\5IB\TPS\MazzoleniApache\apache-tomcat-10.0.13\webapps\manager] has finished in [36] ms
17-Jan-2022 23:15:26.125 INFORMAZIONI [main] org.apache.catalina.startup.HostConfig.deployDirectory Deploying web application directory [C:\Users\user\Desktop\5IB\TPS\MazzoleniApache\apache-tomcat-10.0.13\webapps\mazzoleniverifica]
17-Jan-2022 23:15:26.497 INFORMAZIONI [main] org.apache.jasper.servlet.TldScanner.scanJars At least one JAR was scanned for TLDs yet contained no TLDs. Enable debug logging for this logger for a complete list of JARs that were scanned but no TLDs were found in them. Skipping unneeded JARs during scanning can improve startup time and JSP compilation time.
17-Jan-2022 23:15:26.500 INFORMAZIONI [main] org.apache.catalina.startup.HostConfig.deployDirectory Deployment of web application directory [C:\Users\user\Desktop\5IB\TPS\MazzoleniApache\apache-tomcat-10.0.13\webapps\mazzoleniverifica] has finished in [375] ms
17-Jan-2022 23:15:26.501 INFORMAZIONI [main] org.apache.catalina.startup.HostConfig.deployDirectory Deploying web application directory [C:\Users\user\Desktop\5IB\TPS\MazzoleniApache\apache-tomcat-10.0.13\webapps\miapplicazione]
17-Jan-2022 23:15:26.540 INFORMAZIONI [main] org.apache.catalina.startup.HostConfig.deployDirectory Deployment of web application directory [C:\Users\user\Desktop\5IB\TPS\MazzoleniApache\apache-tomcat-10.0.13\webapps\miapplicazione] has finished in [38] ms
17-Jan-2022 23:15:26.540 INFORMAZIONI [main] org.apache.catalina.startup.HostConfig.deployDirectory Deploying web application directory [C:\Users\user\Desktop\5IB\TPS\MazzoleniApache\apache-tomcat-10.0.13\webapps\nomeutentepassword]
17-Jan-2022 23:15:26.580 INFORMAZIONI [main] org.apache.catalina.startup.HostConfig.deployDirectory Deployment of web application directory [C:\Users\user\Desktop\5IB\TPS\MazzoleniApache\apache-tomcat-10.0.13\webapps\nomeutentepassword] has finished in [40] ms
17-Jan-2022 23:15:26.581 INFORMAZIONI [main] org.apache.catalina.startup.HostConfig.deployDirectory Deploying web application directory [C:\Users\user\Desktop\5IB\TPS\MazzoleniApache\apache-tomcat-10.0.13\webapps\provadata]
17-Jan-2022 23:15:26.613 INFORMAZIONI [main] org.apache.catalina.startup.HostConfig.deployDirectory Deployment of web application directory [C:\Users\user\Desktop\5IB\TPS\MazzoleniApache\apache-tomcat-10.0.13\webapps\provadata] has finished in [32] ms
17-Jan-2022 23:15:26.613 INFORMAZIONI [main] org.apache.catalina.startup.HostConfig.deployDirectory Deploying web application directory [C:\Users\user\Desktop\5IB\TPS\MazzoleniApache\apache-tomcat-10.0.13\webapps\ROOT]
17-Jan-2022 23:15:26.640 INFORMAZIONI [main] org.apache.catalina.startup.HostConfig.deployDirectory Deployment of web application directory [C:\Users\user\Desktop\5IB\TPS\MazzoleniApache\apache-tomcat-10.0.13\webapps\ROOT] has finished in [26] ms
17-Jan-2022 23:15:26.640 INFORMAZIONI [main] org.apache.catalina.startup.HostConfig.deployDirectory Deploying web application directory [C:\Users\user\Desktop\5IB\TPS\MazzoleniApache\apache-tomcat-10.0.13\webapps\sesmysql]
17-Jan-2022 23:15:27.090 INFORMAZIONI [main] org.apache.jasper.servlet.TldScanner.scanJars At least one JAR was scanned for TLDs yet contained no TLDs. Enable debug logging for this logger for a complete list of JARs that were scanned but no TLDs were found in them. Skipping unneeded JARs during scanning can improve startup time and JSP compilation time.
17-Jan-2022 23:15:27.094 INFORMAZIONI [main] org.apache.catalina.startup.HostConfig.deployDirectory Deployment of web application directory [C:\Users\user\Desktop\5IB\TPS\MazzoleniApache\apache-tomcat-10.0.13\webapps\sesmysql] has finished in [454] ms
17-Jan-2022 23:15:27.095 INFORMAZIONI [main] org.apache.catalina.startup.HostConfig.deployDirectory Deploying web application directory [C:\Users\user\Desktop\5IB\TPS\MazzoleniApache\apache-tomcat-10.0.13\webapps\sessioni]
17-Jan-2022 23:15:27.128 INFORMAZIONI [main] org.apache.catalina.startup.HostConfig.deployDirectory Deployment of web application directory [C:\Users\user\Desktop\5IB\TPS\MazzoleniApache\apache-tomcat-10.0.13\webapps\sessioni] has finished in [32] ms
17-Jan-2022 23:15:27.132 INFORMAZIONI [main] org.apache.coyote.AbstractProtocol.start Starting ProtocolHandler ["http-nio-8000"]
17-Jan-2022 23:15:27.249 INFORMAZIONI [main] org.apache.catalina.startup.Catalina.start Server startup in [3030] milliseconds
