21-Dec-2021 11:29:21.037 INFORMAZIONI [main] org.apache.catalina.startup.VersionLoggerListener.log Server version name:   Apache Tomcat/10.0.13
21-Dec-2021 11:29:21.042 INFORMAZIONI [main] org.apache.catalina.startup.VersionLoggerListener.log Server built:          Nov 9 2021 22:12:58 UTC
21-Dec-2021 11:29:21.042 INFORMAZIONI [main] org.apache.catalina.startup.VersionLoggerListener.log Server version number: 10.0.13.0
21-Dec-2021 11:29:21.043 INFORMAZIONI [main] org.apache.catalina.startup.VersionLoggerListener.log OS Name:               Windows 10
21-Dec-2021 11:29:21.043 INFORMAZIONI [main] org.apache.catalina.startup.VersionLoggerListener.log OS Version:            10.0
21-Dec-2021 11:29:21.043 INFORMAZIONI [main] org.apache.catalina.startup.VersionLoggerListener.log Architecture:          amd64
21-Dec-2021 11:29:21.043 INFORMAZIONI [main] org.apache.catalina.startup.VersionLoggerListener.log Java Home:             C:\Users\Mazzoleni.17108\Desktop\BlueJ\bluej\jdk
21-Dec-2021 11:29:21.043 INFORMAZIONI [main] org.apache.catalina.startup.VersionLoggerListener.log JVM Version:           11.0.10+9
21-Dec-2021 11:29:21.043 INFORMAZIONI [main] org.apache.catalina.startup.VersionLoggerListener.log JVM Vendor:            AdoptOpenJDK
21-Dec-2021 11:29:21.044 INFORMAZIONI [main] org.apache.catalina.startup.VersionLoggerListener.log CATALINA_BASE:         C:\Users\Mazzoleni.17108\Desktop\apache-tomcat-10.0.13\apache-tomcat-10.0.13
21-Dec-2021 11:29:21.044 INFORMAZIONI [main] org.apache.catalina.startup.VersionLoggerListener.log CATALINA_HOME:         C:\Users\Mazzoleni.17108\Desktop\apache-tomcat-10.0.13\apache-tomcat-10.0.13
21-Dec-2021 11:29:21.061 INFORMAZIONI [main] org.apache.catalina.startup.VersionLoggerListener.log Command line argument: --add-opens=java.base/java.lang=ALL-UNNAMED
21-Dec-2021 11:29:21.061 INFORMAZIONI [main] org.apache.catalina.startup.VersionLoggerListener.log Command line argument: --add-opens=java.base/java.io=ALL-UNNAMED
21-Dec-2021 11:29:21.061 INFORMAZIONI [main] org.apache.catalina.startup.VersionLoggerListener.log Command line argument: --add-opens=java.base/java.util=ALL-UNNAMED
21-Dec-2021 11:29:21.061 INFORMAZIONI [main] org.apache.catalina.startup.VersionLoggerListener.log Command line argument: --add-opens=java.base/java.util.concurrent=ALL-UNNAMED
21-Dec-2021 11:29:21.062 INFORMAZIONI [main] org.apache.catalina.startup.VersionLoggerListener.log Command line argument: --add-opens=java.rmi/sun.rmi.transport=ALL-UNNAMED
21-Dec-2021 11:29:21.062 INFORMAZIONI [main] org.apache.catalina.startup.VersionLoggerListener.log Command line argument: -Djava.util.logging.config.file=C:\Users\Mazzoleni.17108\Desktop\apache-tomcat-10.0.13\apache-tomcat-10.0.13\conf\logging.properties
21-Dec-2021 11:29:21.063 INFORMAZIONI [main] org.apache.catalina.startup.VersionLoggerListener.log Command line argument: -Djava.util.logging.manager=org.apache.juli.ClassLoaderLogManager
21-Dec-2021 11:29:21.063 INFORMAZIONI [main] org.apache.catalina.startup.VersionLoggerListener.log Command line argument: -Djdk.tls.ephemeralDHKeySize=2048
21-Dec-2021 11:29:21.063 INFORMAZIONI [main] org.apache.catalina.startup.VersionLoggerListener.log Command line argument: -Djava.protocol.handler.pkgs=org.apache.catalina.webresources
21-Dec-2021 11:29:21.063 INFORMAZIONI [main] org.apache.catalina.startup.VersionLoggerListener.log Command line argument: -Dignore.endorsed.dirs=
21-Dec-2021 11:29:21.064 INFORMAZIONI [main] org.apache.catalina.startup.VersionLoggerListener.log Command line argument: -Dcatalina.base=C:\Users\Mazzoleni.17108\Desktop\apache-tomcat-10.0.13\apache-tomcat-10.0.13
21-Dec-2021 11:29:21.064 INFORMAZIONI [main] org.apache.catalina.startup.VersionLoggerListener.log Command line argument: -Dcatalina.home=C:\Users\Mazzoleni.17108\Desktop\apache-tomcat-10.0.13\apache-tomcat-10.0.13
21-Dec-2021 11:29:21.064 INFORMAZIONI [main] org.apache.catalina.startup.VersionLoggerListener.log Command line argument: -Djava.io.tmpdir=C:\Users\Mazzoleni.17108\Desktop\apache-tomcat-10.0.13\apache-tomcat-10.0.13\temp
21-Dec-2021 11:29:21.071 INFORMAZIONI [main] org.apache.catalina.core.AprLifecycleListener.lifecycleEvent The Apache Tomcat Native library which allows using OpenSSL was not found on the java.library.path: [C:\Users\Mazzoleni.17108\Desktop\BlueJ\bluej\jdk\bin;C:\WINDOWS\Sun\Java\bin;C:\WINDOWS\system32;C:\WINDOWS;C:\Program Files (x86)\Common Files\Oracle\Java\javapath;C:\Program Files (x86)\Intel\Intel(R) Management Engine Components\iCLS\;C:\Program Files\Intel\Intel(R) Management Engine Components\iCLS\;C:\WINDOWS\system32;C:\WINDOWS;C:\WINDOWS\System32\Wbem;C:\WINDOWS\System32\WindowsPowerShell\v1.0\;C:\WINDOWS\System32\OpenSSH\;C:\Program Files (x86)\Intel\Intel(R) Management Engine Components\DAL;C:\Program Files\Intel\Intel(R) Management Engine Components\DAL;C:\Program Files (x86)\Intel\Intel(R) Management Engine Components\IPT;C:\Program Files\Intel\Intel(R) Management Engine Components\IPT;C:\Program Files (x86)\ATI Technologies\ATI.ACE\Core-Static;C:\Program Files (x86)\IVI Foundation\IVI\bin;C:\Program Files\IVI Foundation\IVI\bin;C:\Program Files\IVI Foundation\VISA\Win64\Bin\;C:\Program Files (x86)\IVI Foundation\VISA\WinNT\Bin\;C:\Program Files (x86)\IVI Foundation\VISA\WinNT\Bin;C:\Program Files (x86)\National Instruments\Motion Assistant\bin\mxwplugins;C:\Program Files (x86)\National Instruments\Shared\System\;c:\Program Files (x86)\Microsoft SQL Server\90\Tools\binn\;C:\Program Files (x86)\Microchip\MPLAB C32 Suite\bin;C:\Program Files\dotnet\;C:\Program Files\Microsoft SQL Server\130\Tools\Binn\;C:\Program Files\Microsoft SQL Server\Client SDK\ODBC\170\Tools\Binn\;C:\Program Files (x86)\dotnet\;C:\Program Files (x86)\Schneider Electric\EcoStruxure Machine Expert - Basic\;C:\Program Files\nodejs\;C:\xampp\php;C:\ProgramData\ComposerSetup\bin;C:\Program Files\Git\cmd;C:\Program Files\Docker\Docker\resources\bin;C:\ProgramData\DockerDesktop\version-bin;C:\Users\Mazzoleni.17108\AppData\Local\Microsoft\WindowsApps;;.]
21-Dec-2021 11:29:21.337 INFORMAZIONI [main] org.apache.coyote.AbstractProtocol.init Initializing ProtocolHandler ["http-nio-8000"]
21-Dec-2021 11:29:21.363 INFORMAZIONI [main] org.apache.catalina.startup.Catalina.load Server initialization in [560] milliseconds
21-Dec-2021 11:29:21.413 INFORMAZIONI [main] org.apache.catalina.core.StandardService.startInternal Starting service [Catalina]
21-Dec-2021 11:29:21.413 INFORMAZIONI [main] org.apache.catalina.core.StandardEngine.startInternal Starting Servlet engine: [Apache Tomcat/10.0.13]
21-Dec-2021 11:29:21.425 INFORMAZIONI [main] org.apache.catalina.startup.HostConfig.deployDirectory Deploying web application directory [C:\Users\Mazzoleni.17108\Desktop\apache-tomcat-10.0.13\apache-tomcat-10.0.13\webapps\app]
21-Dec-2021 11:29:21.787 AVVERTENZA [main] org.apache.catalina.util.SessionIdGeneratorBase.createSecureRandom Creation of SecureRandom instance for session ID generation using [SHA1PRNG] took [139] milliseconds.
21-Dec-2021 11:29:21.818 INFORMAZIONI [main] org.apache.catalina.startup.HostConfig.deployDirectory Deployment of web application directory [C:\Users\Mazzoleni.17108\Desktop\apache-tomcat-10.0.13\apache-tomcat-10.0.13\webapps\app] has finished in [393] ms
21-Dec-2021 11:29:21.818 INFORMAZIONI [main] org.apache.catalina.startup.HostConfig.deployDirectory Deploying web application directory [C:\Users\Mazzoleni.17108\Desktop\apache-tomcat-10.0.13\apache-tomcat-10.0.13\webapps\appdb]
21-Dec-2021 11:29:22.187 INFORMAZIONI [main] org.apache.jasper.servlet.TldScanner.scanJars At least one JAR was scanned for TLDs yet contained no TLDs. Enable debug logging for this logger for a complete list of JARs that were scanned but no TLDs were found in them. Skipping unneeded JARs during scanning can improve startup time and JSP compilation time.
21-Dec-2021 11:29:22.190 INFORMAZIONI [main] org.apache.catalina.startup.HostConfig.deployDirectory Deployment of web application directory [C:\Users\Mazzoleni.17108\Desktop\apache-tomcat-10.0.13\apache-tomcat-10.0.13\webapps\appdb] has finished in [372] ms
21-Dec-2021 11:29:22.190 INFORMAZIONI [main] org.apache.catalina.startup.HostConfig.deployDirectory Deploying web application directory [C:\Users\Mazzoleni.17108\Desktop\apache-tomcat-10.0.13\apache-tomcat-10.0.13\webapps\docs]
21-Dec-2021 11:29:22.217 INFORMAZIONI [main] org.apache.catalina.startup.HostConfig.deployDirectory Deployment of web application directory [C:\Users\Mazzoleni.17108\Desktop\apache-tomcat-10.0.13\apache-tomcat-10.0.13\webapps\docs] has finished in [27] ms
21-Dec-2021 11:29:22.218 INFORMAZIONI [main] org.apache.catalina.startup.HostConfig.deployDirectory Deploying web application directory [C:\Users\Mazzoleni.17108\Desktop\apache-tomcat-10.0.13\apache-tomcat-10.0.13\webapps\examples]
21-Dec-2021 11:29:23.093 INFORMAZIONI [main] org.apache.catalina.startup.HostConfig.deployDirectory Deployment of web application directory [C:\Users\Mazzoleni.17108\Desktop\apache-tomcat-10.0.13\apache-tomcat-10.0.13\webapps\examples] has finished in [875] ms
21-Dec-2021 11:29:23.093 INFORMAZIONI [main] org.apache.catalina.startup.HostConfig.deployDirectory Deploying web application directory [C:\Users\Mazzoleni.17108\Desktop\apache-tomcat-10.0.13\apache-tomcat-10.0.13\webapps\host-manager]
21-Dec-2021 11:29:23.133 INFORMAZIONI [main] org.apache.catalina.startup.HostConfig.deployDirectory Deployment of web application directory [C:\Users\Mazzoleni.17108\Desktop\apache-tomcat-10.0.13\apache-tomcat-10.0.13\webapps\host-manager] has finished in [40] ms
21-Dec-2021 11:29:23.134 INFORMAZIONI [main] org.apache.catalina.startup.HostConfig.deployDirectory Deploying web application directory [C:\Users\Mazzoleni.17108\Desktop\apache-tomcat-10.0.13\apache-tomcat-10.0.13\webapps\manager]
21-Dec-2021 11:29:23.169 INFORMAZIONI [main] org.apache.catalina.startup.HostConfig.deployDirectory Deployment of web application directory [C:\Users\Mazzoleni.17108\Desktop\apache-tomcat-10.0.13\apache-tomcat-10.0.13\webapps\manager] has finished in [35] ms
21-Dec-2021 11:29:23.169 INFORMAZIONI [main] org.apache.catalina.startup.HostConfig.deployDirectory Deploying web application directory [C:\Users\Mazzoleni.17108\Desktop\apache-tomcat-10.0.13\apache-tomcat-10.0.13\webapps\mazzoleniverifica]
21-Dec-2021 11:29:23.471 INFORMAZIONI [main] org.apache.jasper.servlet.TldScanner.scanJars At least one JAR was scanned for TLDs yet contained no TLDs. Enable debug logging for this logger for a complete list of JARs that were scanned but no TLDs were found in them. Skipping unneeded JARs during scanning can improve startup time and JSP compilation time.
21-Dec-2021 11:29:23.474 INFORMAZIONI [main] org.apache.catalina.startup.HostConfig.deployDirectory Deployment of web application directory [C:\Users\Mazzoleni.17108\Desktop\apache-tomcat-10.0.13\apache-tomcat-10.0.13\webapps\mazzoleniverifica] has finished in [305] ms
21-Dec-2021 11:29:23.474 INFORMAZIONI [main] org.apache.catalina.startup.HostConfig.deployDirectory Deploying web application directory [C:\Users\Mazzoleni.17108\Desktop\apache-tomcat-10.0.13\apache-tomcat-10.0.13\webapps\miapplicazione]
21-Dec-2021 11:29:23.517 INFORMAZIONI [main] org.apache.catalina.startup.HostConfig.deployDirectory Deployment of web application directory [C:\Users\Mazzoleni.17108\Desktop\apache-tomcat-10.0.13\apache-tomcat-10.0.13\webapps\miapplicazione] has finished in [43] ms
21-Dec-2021 11:29:23.518 INFORMAZIONI [main] org.apache.catalina.startup.HostConfig.deployDirectory Deploying web application directory [C:\Users\Mazzoleni.17108\Desktop\apache-tomcat-10.0.13\apache-tomcat-10.0.13\webapps\nomeutentepassword]
21-Dec-2021 11:29:23.558 INFORMAZIONI [main] org.apache.catalina.startup.HostConfig.deployDirectory Deployment of web application directory [C:\Users\Mazzoleni.17108\Desktop\apache-tomcat-10.0.13\apache-tomcat-10.0.13\webapps\nomeutentepassword] has finished in [40] ms
21-Dec-2021 11:29:23.559 INFORMAZIONI [main] org.apache.catalina.startup.HostConfig.deployDirectory Deploying web application directory [C:\Users\Mazzoleni.17108\Desktop\apache-tomcat-10.0.13\apache-tomcat-10.0.13\webapps\ROOT]
21-Dec-2021 11:29:23.584 INFORMAZIONI [main] org.apache.catalina.startup.HostConfig.deployDirectory Deployment of web application directory [C:\Users\Mazzoleni.17108\Desktop\apache-tomcat-10.0.13\apache-tomcat-10.0.13\webapps\ROOT] has finished in [25] ms
21-Dec-2021 11:29:23.589 INFORMAZIONI [main] org.apache.coyote.AbstractProtocol.start Starting ProtocolHandler ["http-nio-8000"]
21-Dec-2021 11:29:23.731 INFORMAZIONI [main] org.apache.catalina.startup.Catalina.start Server startup in [2368] milliseconds
21-Dec-2021 11:57:46.447 INFORMAZIONI [main] org.apache.catalina.startup.VersionLoggerListener.log Server version name:   Apache Tomcat/10.0.13
21-Dec-2021 11:58:28.852 INFORMAZIONI [main] org.apache.catalina.startup.VersionLoggerListener.log Server version name:   Apache Tomcat/10.0.13
21-Dec-2021 11:58:28.855 INFORMAZIONI [main] org.apache.catalina.startup.VersionLoggerListener.log Server built:          Nov 9 2021 22:12:58 UTC
21-Dec-2021 11:58:28.856 INFORMAZIONI [main] org.apache.catalina.startup.VersionLoggerListener.log Server version number: 10.0.13.0
21-Dec-2021 11:58:28.856 INFORMAZIONI [main] org.apache.catalina.startup.VersionLoggerListener.log OS Name:               Windows 10
21-Dec-2021 11:58:28.856 INFORMAZIONI [main] org.apache.catalina.startup.VersionLoggerListener.log OS Version:            10.0
21-Dec-2021 11:58:28.856 INFORMAZIONI [main] org.apache.catalina.startup.VersionLoggerListener.log Architecture:          amd64
21-Dec-2021 11:58:28.856 INFORMAZIONI [main] org.apache.catalina.startup.VersionLoggerListener.log Java Home:             C:\Users\Mazzoleni.17108\Desktop\BlueJ\bluej\jdk
21-Dec-2021 11:58:28.856 INFORMAZIONI [main] org.apache.catalina.startup.VersionLoggerListener.log JVM Version:           11.0.10+9
21-Dec-2021 11:58:28.857 INFORMAZIONI [main] org.apache.catalina.startup.VersionLoggerListener.log JVM Vendor:            AdoptOpenJDK
21-Dec-2021 11:58:28.857 INFORMAZIONI [main] org.apache.catalina.startup.VersionLoggerListener.log CATALINA_BASE:         C:\Users\Mazzoleni.17108\Desktop\apache-tomcat-10.0.13\apache-tomcat-10.0.13
21-Dec-2021 11:58:28.857 INFORMAZIONI [main] org.apache.catalina.startup.VersionLoggerListener.log CATALINA_HOME:         C:\Users\Mazzoleni.17108\Desktop\apache-tomcat-10.0.13\apache-tomcat-10.0.13
21-Dec-2021 11:58:28.866 INFORMAZIONI [main] org.apache.catalina.startup.VersionLoggerListener.log Command line argument: --add-opens=java.base/java.lang=ALL-UNNAMED
21-Dec-2021 11:58:28.866 INFORMAZIONI [main] org.apache.catalina.startup.VersionLoggerListener.log Command line argument: --add-opens=java.base/java.io=ALL-UNNAMED
21-Dec-2021 11:58:28.867 INFORMAZIONI [main] org.apache.catalina.startup.VersionLoggerListener.log Command line argument: --add-opens=java.base/java.util=ALL-UNNAMED
21-Dec-2021 11:58:28.867 INFORMAZIONI [main] org.apache.catalina.startup.VersionLoggerListener.log Command line argument: --add-opens=java.base/java.util.concurrent=ALL-UNNAMED
21-Dec-2021 11:58:28.867 INFORMAZIONI [main] org.apache.catalina.startup.VersionLoggerListener.log Command line argument: --add-opens=java.rmi/sun.rmi.transport=ALL-UNNAMED
21-Dec-2021 11:58:28.868 INFORMAZIONI [main] org.apache.catalina.startup.VersionLoggerListener.log Command line argument: -Djava.util.logging.config.file=C:\Users\Mazzoleni.17108\Desktop\apache-tomcat-10.0.13\apache-tomcat-10.0.13\conf\logging.properties
21-Dec-2021 11:58:28.868 INFORMAZIONI [main] org.apache.catalina.startup.VersionLoggerListener.log Command line argument: -Djava.util.logging.manager=org.apache.juli.ClassLoaderLogManager
21-Dec-2021 11:58:28.868 INFORMAZIONI [main] org.apache.catalina.startup.VersionLoggerListener.log Command line argument: -Djdk.tls.ephemeralDHKeySize=2048
21-Dec-2021 11:58:28.869 INFORMAZIONI [main] org.apache.catalina.startup.VersionLoggerListener.log Command line argument: -Djava.protocol.handler.pkgs=org.apache.catalina.webresources
21-Dec-2021 11:58:28.869 INFORMAZIONI [main] org.apache.catalina.startup.VersionLoggerListener.log Command line argument: -Dignore.endorsed.dirs=
21-Dec-2021 11:58:28.869 INFORMAZIONI [main] org.apache.catalina.startup.VersionLoggerListener.log Command line argument: -Dcatalina.base=C:\Users\Mazzoleni.17108\Desktop\apache-tomcat-10.0.13\apache-tomcat-10.0.13
21-Dec-2021 11:58:28.869 INFORMAZIONI [main] org.apache.catalina.startup.VersionLoggerListener.log Command line argument: -Dcatalina.home=C:\Users\Mazzoleni.17108\Desktop\apache-tomcat-10.0.13\apache-tomcat-10.0.13
21-Dec-2021 11:58:28.870 INFORMAZIONI [main] org.apache.catalina.startup.VersionLoggerListener.log Command line argument: -Djava.io.tmpdir=C:\Users\Mazzoleni.17108\Desktop\apache-tomcat-10.0.13\apache-tomcat-10.0.13\temp
21-Dec-2021 11:58:28.876 INFORMAZIONI [main] org.apache.catalina.core.AprLifecycleListener.lifecycleEvent The Apache Tomcat Native library which allows using OpenSSL was not found on the java.library.path: [C:\Users\Mazzoleni.17108\Desktop\BlueJ\bluej\jdk\bin;C:\WINDOWS\Sun\Java\bin;C:\WINDOWS\system32;C:\WINDOWS;C:\Program Files (x86)\Common Files\Oracle\Java\javapath;C:\Program Files (x86)\Intel\Intel(R) Management Engine Components\iCLS\;C:\Program Files\Intel\Intel(R) Management Engine Components\iCLS\;C:\WINDOWS\system32;C:\WINDOWS;C:\WINDOWS\System32\Wbem;C:\WINDOWS\System32\WindowsPowerShell\v1.0\;C:\WINDOWS\System32\OpenSSH\;C:\Program Files (x86)\Intel\Intel(R) Management Engine Components\DAL;C:\Program Files\Intel\Intel(R) Management Engine Components\DAL;C:\Program Files (x86)\Intel\Intel(R) Management Engine Components\IPT;C:\Program Files\Intel\Intel(R) Management Engine Components\IPT;C:\Program Files (x86)\ATI Technologies\ATI.ACE\Core-Static;C:\Program Files (x86)\IVI Foundation\IVI\bin;C:\Program Files\IVI Foundation\IVI\bin;C:\Program Files\IVI Foundation\VISA\Win64\Bin\;C:\Program Files (x86)\IVI Foundation\VISA\WinNT\Bin\;C:\Program Files (x86)\IVI Foundation\VISA\WinNT\Bin;C:\Program Files (x86)\National Instruments\Motion Assistant\bin\mxwplugins;C:\Program Files (x86)\National Instruments\Shared\System\;c:\Program Files (x86)\Microsoft SQL Server\90\Tools\binn\;C:\Program Files (x86)\Microchip\MPLAB C32 Suite\bin;C:\Program Files\dotnet\;C:\Program Files\Microsoft SQL Server\130\Tools\Binn\;C:\Program Files\Microsoft SQL Server\Client SDK\ODBC\170\Tools\Binn\;C:\Program Files (x86)\dotnet\;C:\Program Files (x86)\Schneider Electric\EcoStruxure Machine Expert - Basic\;C:\Program Files\nodejs\;C:\xampp\php;C:\ProgramData\ComposerSetup\bin;C:\Program Files\Git\cmd;C:\Program Files\Docker\Docker\resources\bin;C:\ProgramData\DockerDesktop\version-bin;C:\Users\Mazzoleni.17108\AppData\Local\Microsoft\WindowsApps;;.]
21-Dec-2021 11:58:29.095 INFORMAZIONI [main] org.apache.coyote.AbstractProtocol.init Initializing ProtocolHandler ["http-nio-8000"]
21-Dec-2021 11:58:29.114 INFORMAZIONI [main] org.apache.catalina.startup.Catalina.load Server initialization in [416] milliseconds
21-Dec-2021 11:58:29.154 INFORMAZIONI [main] org.apache.catalina.core.StandardService.startInternal Starting service [Catalina]
21-Dec-2021 11:58:29.154 INFORMAZIONI [main] org.apache.catalina.core.StandardEngine.startInternal Starting Servlet engine: [Apache Tomcat/10.0.13]
21-Dec-2021 11:58:29.163 INFORMAZIONI [main] org.apache.catalina.startup.HostConfig.deployDirectory Deploying web application directory [C:\Users\Mazzoleni.17108\Desktop\apache-tomcat-10.0.13\apache-tomcat-10.0.13\webapps\app]
21-Dec-2021 11:58:29.469 AVVERTENZA [main] org.apache.catalina.util.SessionIdGeneratorBase.createSecureRandom Creation of SecureRandom instance for session ID generation using [SHA1PRNG] took [132] milliseconds.
21-Dec-2021 11:58:29.495 INFORMAZIONI [main] org.apache.catalina.startup.HostConfig.deployDirectory Deployment of web application directory [C:\Users\Mazzoleni.17108\Desktop\apache-tomcat-10.0.13\apache-tomcat-10.0.13\webapps\app] has finished in [332] ms
21-Dec-2021 11:58:29.495 INFORMAZIONI [main] org.apache.catalina.startup.HostConfig.deployDirectory Deploying web application directory [C:\Users\Mazzoleni.17108\Desktop\apache-tomcat-10.0.13\apache-tomcat-10.0.13\webapps\appdb]
21-Dec-2021 11:58:29.789 INFORMAZIONI [main] org.apache.jasper.servlet.TldScanner.scanJars At least one JAR was scanned for TLDs yet contained no TLDs. Enable debug logging for this logger for a complete list of JARs that were scanned but no TLDs were found in them. Skipping unneeded JARs during scanning can improve startup time and JSP compilation time.
21-Dec-2021 11:58:29.792 INFORMAZIONI [main] org.apache.catalina.startup.HostConfig.deployDirectory Deployment of web application directory [C:\Users\Mazzoleni.17108\Desktop\apache-tomcat-10.0.13\apache-tomcat-10.0.13\webapps\appdb] has finished in [297] ms
21-Dec-2021 11:58:29.793 INFORMAZIONI [main] org.apache.catalina.startup.HostConfig.deployDirectory Deploying web application directory [C:\Users\Mazzoleni.17108\Desktop\apache-tomcat-10.0.13\apache-tomcat-10.0.13\webapps\docs]
21-Dec-2021 11:58:29.812 INFORMAZIONI [main] org.apache.catalina.startup.HostConfig.deployDirectory Deployment of web application directory [C:\Users\Mazzoleni.17108\Desktop\apache-tomcat-10.0.13\apache-tomcat-10.0.13\webapps\docs] has finished in [20] ms
21-Dec-2021 11:58:29.812 INFORMAZIONI [main] org.apache.catalina.startup.HostConfig.deployDirectory Deploying web application directory [C:\Users\Mazzoleni.17108\Desktop\apache-tomcat-10.0.13\apache-tomcat-10.0.13\webapps\examples]
21-Dec-2021 11:58:30.061 INFORMAZIONI [main] org.apache.catalina.startup.HostConfig.deployDirectory Deployment of web application directory [C:\Users\Mazzoleni.17108\Desktop\apache-tomcat-10.0.13\apache-tomcat-10.0.13\webapps\examples] has finished in [249] ms
21-Dec-2021 11:58:30.062 INFORMAZIONI [main] org.apache.catalina.startup.HostConfig.deployDirectory Deploying web application directory [C:\Users\Mazzoleni.17108\Desktop\apache-tomcat-10.0.13\apache-tomcat-10.0.13\webapps\host-manager]
21-Dec-2021 11:58:30.088 INFORMAZIONI [main] org.apache.catalina.startup.HostConfig.deployDirectory Deployment of web application directory [C:\Users\Mazzoleni.17108\Desktop\apache-tomcat-10.0.13\apache-tomcat-10.0.13\webapps\host-manager] has finished in [26] ms
21-Dec-2021 11:58:30.088 INFORMAZIONI [main] org.apache.catalina.startup.HostConfig.deployDirectory Deploying web application directory [C:\Users\Mazzoleni.17108\Desktop\apache-tomcat-10.0.13\apache-tomcat-10.0.13\webapps\manager]
21-Dec-2021 11:58:30.112 INFORMAZIONI [main] org.apache.catalina.startup.HostConfig.deployDirectory Deployment of web application directory [C:\Users\Mazzoleni.17108\Desktop\apache-tomcat-10.0.13\apache-tomcat-10.0.13\webapps\manager] has finished in [24] ms
21-Dec-2021 11:58:30.112 INFORMAZIONI [main] org.apache.catalina.startup.HostConfig.deployDirectory Deploying web application directory [C:\Users\Mazzoleni.17108\Desktop\apache-tomcat-10.0.13\apache-tomcat-10.0.13\webapps\mazzoleniverifica]
21-Dec-2021 11:58:30.359 INFORMAZIONI [main] org.apache.jasper.servlet.TldScanner.scanJars At least one JAR was scanned for TLDs yet contained no TLDs. Enable debug logging for this logger for a complete list of JARs that were scanned but no TLDs were found in them. Skipping unneeded JARs during scanning can improve startup time and JSP compilation time.
21-Dec-2021 11:58:30.362 INFORMAZIONI [main] org.apache.catalina.startup.HostConfig.deployDirectory Deployment of web application directory [C:\Users\Mazzoleni.17108\Desktop\apache-tomcat-10.0.13\apache-tomcat-10.0.13\webapps\mazzoleniverifica] has finished in [250] ms
21-Dec-2021 11:58:30.363 INFORMAZIONI [main] org.apache.catalina.startup.HostConfig.deployDirectory Deploying web application directory [C:\Users\Mazzoleni.17108\Desktop\apache-tomcat-10.0.13\apache-tomcat-10.0.13\webapps\miapplicazione]
21-Dec-2021 11:58:30.387 INFORMAZIONI [main] org.apache.catalina.startup.HostConfig.deployDirectory Deployment of web application directory [C:\Users\Mazzoleni.17108\Desktop\apache-tomcat-10.0.13\apache-tomcat-10.0.13\webapps\miapplicazione] has finished in [24] ms
21-Dec-2021 11:58:30.388 INFORMAZIONI [main] org.apache.catalina.startup.HostConfig.deployDirectory Deploying web application directory [C:\Users\Mazzoleni.17108\Desktop\apache-tomcat-10.0.13\apache-tomcat-10.0.13\webapps\nomeutentepassword]
21-Dec-2021 11:58:30.412 INFORMAZIONI [main] org.apache.catalina.startup.HostConfig.deployDirectory Deployment of web application directory [C:\Users\Mazzoleni.17108\Desktop\apache-tomcat-10.0.13\apache-tomcat-10.0.13\webapps\nomeutentepassword] has finished in [24] ms
21-Dec-2021 11:58:30.413 INFORMAZIONI [main] org.apache.catalina.startup.HostConfig.deployDirectory Deploying web application directory [C:\Users\Mazzoleni.17108\Desktop\apache-tomcat-10.0.13\apache-tomcat-10.0.13\webapps\ROOT]
21-Dec-2021 11:58:30.431 INFORMAZIONI [main] org.apache.catalina.startup.HostConfig.deployDirectory Deployment of web application directory [C:\Users\Mazzoleni.17108\Desktop\apache-tomcat-10.0.13\apache-tomcat-10.0.13\webapps\ROOT] has finished in [17] ms
21-Dec-2021 11:58:30.435 INFORMAZIONI [main] org.apache.coyote.AbstractProtocol.start Starting ProtocolHandler ["http-nio-8000"]
21-Dec-2021 11:58:30.574 INFORMAZIONI [main] org.apache.catalina.startup.Catalina.start Server startup in [1459] milliseconds
