27-Nov-2021 08:26:18.507 INFORMAZIONI [main] org.apache.catalina.startup.VersionLoggerListener.log Server version name:   Apache Tomcat/10.0.13
27-Nov-2021 08:26:18.511 INFORMAZIONI [main] org.apache.catalina.startup.VersionLoggerListener.log Server built:          Nov 9 2021 22:12:58 UTC
27-Nov-2021 08:26:18.512 INFORMAZIONI [main] org.apache.catalina.startup.VersionLoggerListener.log Server version number: 10.0.13.0
27-Nov-2021 08:26:18.512 INFORMAZIONI [main] org.apache.catalina.startup.VersionLoggerListener.log OS Name:               Windows 10
27-Nov-2021 08:26:18.512 INFORMAZIONI [main] org.apache.catalina.startup.VersionLoggerListener.log OS Version:            10.0
27-Nov-2021 08:26:18.512 INFORMAZIONI [main] org.apache.catalina.startup.VersionLoggerListener.log Architecture:          amd64
27-Nov-2021 08:26:18.512 INFORMAZIONI [main] org.apache.catalina.startup.VersionLoggerListener.log Java Home:             C:\Users\Mazzoleni.17108\Desktop\BlueJ\bluej\jdk
27-Nov-2021 08:26:18.512 INFORMAZIONI [main] org.apache.catalina.startup.VersionLoggerListener.log JVM Version:           11.0.10+9
27-Nov-2021 08:26:18.513 INFORMAZIONI [main] org.apache.catalina.startup.VersionLoggerListener.log JVM Vendor:            AdoptOpenJDK
27-Nov-2021 08:26:18.513 INFORMAZIONI [main] org.apache.catalina.startup.VersionLoggerListener.log CATALINA_BASE:         C:\Users\Mazzoleni.17108\Desktop\apache-tomcat-10.0.13\apache-tomcat-10.0.13
27-Nov-2021 08:26:18.513 INFORMAZIONI [main] org.apache.catalina.startup.VersionLoggerListener.log CATALINA_HOME:         C:\Users\Mazzoleni.17108\Desktop\apache-tomcat-10.0.13\apache-tomcat-10.0.13
27-Nov-2021 08:26:18.532 INFORMAZIONI [main] org.apache.catalina.startup.VersionLoggerListener.log Command line argument: --add-opens=java.base/java.lang=ALL-UNNAMED
27-Nov-2021 08:26:18.532 INFORMAZIONI [main] org.apache.catalina.startup.VersionLoggerListener.log Command line argument: --add-opens=java.base/java.io=ALL-UNNAMED
27-Nov-2021 08:26:18.533 INFORMAZIONI [main] org.apache.catalina.startup.VersionLoggerListener.log Command line argument: --add-opens=java.base/java.util=ALL-UNNAMED
27-Nov-2021 08:26:18.533 INFORMAZIONI [main] org.apache.catalina.startup.VersionLoggerListener.log Command line argument: --add-opens=java.base/java.util.concurrent=ALL-UNNAMED
27-Nov-2021 08:26:18.533 INFORMAZIONI [main] org.apache.catalina.startup.VersionLoggerListener.log Command line argument: --add-opens=java.rmi/sun.rmi.transport=ALL-UNNAMED
27-Nov-2021 08:26:18.534 INFORMAZIONI [main] org.apache.catalina.startup.VersionLoggerListener.log Command line argument: -Djava.util.logging.config.file=C:\Users\Mazzoleni.17108\Desktop\apache-tomcat-10.0.13\apache-tomcat-10.0.13\conf\logging.properties
27-Nov-2021 08:26:18.534 INFORMAZIONI [main] org.apache.catalina.startup.VersionLoggerListener.log Command line argument: -Djava.util.logging.manager=org.apache.juli.ClassLoaderLogManager
27-Nov-2021 08:26:18.535 INFORMAZIONI [main] org.apache.catalina.startup.VersionLoggerListener.log Command line argument: -Djdk.tls.ephemeralDHKeySize=2048
27-Nov-2021 08:26:18.535 INFORMAZIONI [main] org.apache.catalina.startup.VersionLoggerListener.log Command line argument: -Djava.protocol.handler.pkgs=org.apache.catalina.webresources
27-Nov-2021 08:26:18.535 INFORMAZIONI [main] org.apache.catalina.startup.VersionLoggerListener.log Command line argument: -Dignore.endorsed.dirs=
27-Nov-2021 08:26:18.535 INFORMAZIONI [main] org.apache.catalina.startup.VersionLoggerListener.log Command line argument: -Dcatalina.base=C:\Users\Mazzoleni.17108\Desktop\apache-tomcat-10.0.13\apache-tomcat-10.0.13
27-Nov-2021 08:26:18.538 INFORMAZIONI [main] org.apache.catalina.startup.VersionLoggerListener.log Command line argument: -Dcatalina.home=C:\Users\Mazzoleni.17108\Desktop\apache-tomcat-10.0.13\apache-tomcat-10.0.13
27-Nov-2021 08:26:18.538 INFORMAZIONI [main] org.apache.catalina.startup.VersionLoggerListener.log Command line argument: -Djava.io.tmpdir=C:\Users\Mazzoleni.17108\Desktop\apache-tomcat-10.0.13\apache-tomcat-10.0.13\temp
27-Nov-2021 08:26:18.546 INFORMAZIONI [main] org.apache.catalina.core.AprLifecycleListener.lifecycleEvent The Apache Tomcat Native library which allows using OpenSSL was not found on the java.library.path: [C:\Users\Mazzoleni.17108\Desktop\BlueJ\bluej\jdk\bin;C:\WINDOWS\Sun\Java\bin;C:\WINDOWS\system32;C:\WINDOWS;C:\Program Files (x86)\Common Files\Oracle\Java\javapath;C:\Program Files (x86)\Intel\Intel(R) Management Engine Components\iCLS\;C:\Program Files\Intel\Intel(R) Management Engine Components\iCLS\;C:\WINDOWS\system32;C:\WINDOWS;C:\WINDOWS\System32\Wbem;C:\WINDOWS\System32\WindowsPowerShell\v1.0\;C:\WINDOWS\System32\OpenSSH\;C:\Program Files (x86)\Intel\Intel(R) Management Engine Components\DAL;C:\Program Files\Intel\Intel(R) Management Engine Components\DAL;C:\Program Files (x86)\Intel\Intel(R) Management Engine Components\IPT;C:\Program Files\Intel\Intel(R) Management Engine Components\IPT;C:\Program Files (x86)\ATI Technologies\ATI.ACE\Core-Static;C:\Program Files (x86)\IVI Foundation\IVI\bin;C:\Program Files\IVI Foundation\IVI\bin;C:\Program Files\IVI Foundation\VISA\Win64\Bin\;C:\Program Files (x86)\IVI Foundation\VISA\WinNT\Bin\;C:\Program Files (x86)\IVI Foundation\VISA\WinNT\Bin;C:\Program Files (x86)\National Instruments\Motion Assistant\bin\mxwplugins;C:\Program Files (x86)\National Instruments\Shared\System\;c:\Program Files (x86)\Microsoft SQL Server\90\Tools\binn\;C:\Program Files (x86)\Microchip\MPLAB C32 Suite\bin;C:\Program Files\dotnet\;C:\Program Files\Microsoft SQL Server\130\Tools\Binn\;C:\Program Files\Microsoft SQL Server\Client SDK\ODBC\170\Tools\Binn\;C:\Program Files (x86)\dotnet\;C:\Program Files (x86)\Schneider Electric\EcoStruxure Machine Expert - Basic\;C:\Program Files\nodejs\;C:\xampp\php;C:\ProgramData\ComposerSetup\bin;C:\Program Files\Git\cmd;C:\Program Files\Docker\Docker\resources\bin;C:\ProgramData\DockerDesktop\version-bin;C:\Users\Mazzoleni.17108\AppData\Local\Microsoft\WindowsApps;;.]
27-Nov-2021 08:26:18.839 INFORMAZIONI [main] org.apache.coyote.AbstractProtocol.init Initializing ProtocolHandler ["http-nio-8000"]
27-Nov-2021 08:26:18.867 INFORMAZIONI [main] org.apache.catalina.startup.Catalina.load Server initialization in [583] milliseconds
27-Nov-2021 08:26:18.923 INFORMAZIONI [main] org.apache.catalina.core.StandardService.startInternal Starting service [Catalina]
27-Nov-2021 08:26:18.923 INFORMAZIONI [main] org.apache.catalina.core.StandardEngine.startInternal Starting Servlet engine: [Apache Tomcat/10.0.13]
27-Nov-2021 08:26:18.933 INFORMAZIONI [main] org.apache.catalina.startup.HostConfig.deployDirectory Deploying web application directory [C:\Users\Mazzoleni.17108\Desktop\apache-tomcat-10.0.13\apache-tomcat-10.0.13\webapps\docs]
27-Nov-2021 08:26:19.317 AVVERTENZA [main] org.apache.catalina.util.SessionIdGeneratorBase.createSecureRandom Creation of SecureRandom instance for session ID generation using [SHA1PRNG] took [147] milliseconds.
27-Nov-2021 08:26:19.341 INFORMAZIONI [main] org.apache.catalina.startup.HostConfig.deployDirectory Deployment of web application directory [C:\Users\Mazzoleni.17108\Desktop\apache-tomcat-10.0.13\apache-tomcat-10.0.13\webapps\docs] has finished in [407] ms
27-Nov-2021 08:26:19.341 INFORMAZIONI [main] org.apache.catalina.startup.HostConfig.deployDirectory Deploying web application directory [C:\Users\Mazzoleni.17108\Desktop\apache-tomcat-10.0.13\apache-tomcat-10.0.13\webapps\examples]
27-Nov-2021 08:26:20.274 INFORMAZIONI [main] org.apache.catalina.startup.HostConfig.deployDirectory Deployment of web application directory [C:\Users\Mazzoleni.17108\Desktop\apache-tomcat-10.0.13\apache-tomcat-10.0.13\webapps\examples] has finished in [933] ms
27-Nov-2021 08:26:20.275 INFORMAZIONI [main] org.apache.catalina.startup.HostConfig.deployDirectory Deploying web application directory [C:\Users\Mazzoleni.17108\Desktop\apache-tomcat-10.0.13\apache-tomcat-10.0.13\webapps\host-manager]
27-Nov-2021 08:26:20.319 INFORMAZIONI [main] org.apache.catalina.startup.HostConfig.deployDirectory Deployment of web application directory [C:\Users\Mazzoleni.17108\Desktop\apache-tomcat-10.0.13\apache-tomcat-10.0.13\webapps\host-manager] has finished in [44] ms
27-Nov-2021 08:26:20.319 INFORMAZIONI [main] org.apache.catalina.startup.HostConfig.deployDirectory Deploying web application directory [C:\Users\Mazzoleni.17108\Desktop\apache-tomcat-10.0.13\apache-tomcat-10.0.13\webapps\manager]
27-Nov-2021 08:26:20.355 INFORMAZIONI [main] org.apache.catalina.startup.HostConfig.deployDirectory Deployment of web application directory [C:\Users\Mazzoleni.17108\Desktop\apache-tomcat-10.0.13\apache-tomcat-10.0.13\webapps\manager] has finished in [36] ms
27-Nov-2021 08:26:20.356 INFORMAZIONI [main] org.apache.catalina.startup.HostConfig.deployDirectory Deploying web application directory [C:\Users\Mazzoleni.17108\Desktop\apache-tomcat-10.0.13\apache-tomcat-10.0.13\webapps\ROOT]
27-Nov-2021 08:26:20.385 INFORMAZIONI [main] org.apache.catalina.startup.HostConfig.deployDirectory Deployment of web application directory [C:\Users\Mazzoleni.17108\Desktop\apache-tomcat-10.0.13\apache-tomcat-10.0.13\webapps\ROOT] has finished in [28] ms
27-Nov-2021 08:26:20.388 INFORMAZIONI [main] org.apache.coyote.AbstractProtocol.start Starting ProtocolHandler ["http-nio-8000"]
27-Nov-2021 08:26:20.535 INFORMAZIONI [main] org.apache.catalina.startup.Catalina.start Server startup in [1667] milliseconds
27-Nov-2021 08:37:43.399 INFORMAZIONI [main] org.apache.catalina.startup.VersionLoggerListener.log Server version name:   Apache Tomcat/10.0.13
27-Nov-2021 08:37:43.403 INFORMAZIONI [main] org.apache.catalina.startup.VersionLoggerListener.log Server built:          Nov 9 2021 22:12:58 UTC
27-Nov-2021 08:37:43.403 INFORMAZIONI [main] org.apache.catalina.startup.VersionLoggerListener.log Server version number: 10.0.13.0
27-Nov-2021 08:37:43.403 INFORMAZIONI [main] org.apache.catalina.startup.VersionLoggerListener.log OS Name:               Windows 10
27-Nov-2021 08:37:43.403 INFORMAZIONI [main] org.apache.catalina.startup.VersionLoggerListener.log OS Version:            10.0
27-Nov-2021 08:37:43.403 INFORMAZIONI [main] org.apache.catalina.startup.VersionLoggerListener.log Architecture:          amd64
27-Nov-2021 08:37:43.404 INFORMAZIONI [main] org.apache.catalina.startup.VersionLoggerListener.log Java Home:             C:\Users\Mazzoleni.17108\Desktop\BlueJ\bluej\jdk
27-Nov-2021 08:37:43.404 INFORMAZIONI [main] org.apache.catalina.startup.VersionLoggerListener.log JVM Version:           11.0.10+9
27-Nov-2021 08:37:43.404 INFORMAZIONI [main] org.apache.catalina.startup.VersionLoggerListener.log JVM Vendor:            AdoptOpenJDK
27-Nov-2021 08:37:43.404 INFORMAZIONI [main] org.apache.catalina.startup.VersionLoggerListener.log CATALINA_BASE:         C:\Users\Mazzoleni.17108\Desktop\apache-tomcat-10.0.13\apache-tomcat-10.0.13
27-Nov-2021 08:37:43.404 INFORMAZIONI [main] org.apache.catalina.startup.VersionLoggerListener.log CATALINA_HOME:         C:\Users\Mazzoleni.17108\Desktop\apache-tomcat-10.0.13\apache-tomcat-10.0.13
27-Nov-2021 08:37:43.414 INFORMAZIONI [main] org.apache.catalina.startup.VersionLoggerListener.log Command line argument: --add-opens=java.base/java.lang=ALL-UNNAMED
27-Nov-2021 08:37:43.415 INFORMAZIONI [main] org.apache.catalina.startup.VersionLoggerListener.log Command line argument: --add-opens=java.base/java.io=ALL-UNNAMED
27-Nov-2021 08:37:43.415 INFORMAZIONI [main] org.apache.catalina.startup.VersionLoggerListener.log Command line argument: --add-opens=java.base/java.util=ALL-UNNAMED
27-Nov-2021 08:37:43.415 INFORMAZIONI [main] org.apache.catalina.startup.VersionLoggerListener.log Command line argument: --add-opens=java.base/java.util.concurrent=ALL-UNNAMED
27-Nov-2021 08:37:43.415 INFORMAZIONI [main] org.apache.catalina.startup.VersionLoggerListener.log Command line argument: --add-opens=java.rmi/sun.rmi.transport=ALL-UNNAMED
27-Nov-2021 08:37:43.416 INFORMAZIONI [main] org.apache.catalina.startup.VersionLoggerListener.log Command line argument: -Djava.util.logging.config.file=C:\Users\Mazzoleni.17108\Desktop\apache-tomcat-10.0.13\apache-tomcat-10.0.13\conf\logging.properties
27-Nov-2021 08:37:43.416 INFORMAZIONI [main] org.apache.catalina.startup.VersionLoggerListener.log Command line argument: -Djava.util.logging.manager=org.apache.juli.ClassLoaderLogManager
27-Nov-2021 08:37:43.416 INFORMAZIONI [main] org.apache.catalina.startup.VersionLoggerListener.log Command line argument: -Djdk.tls.ephemeralDHKeySize=2048
27-Nov-2021 08:37:43.417 INFORMAZIONI [main] org.apache.catalina.startup.VersionLoggerListener.log Command line argument: -Djava.protocol.handler.pkgs=org.apache.catalina.webresources
27-Nov-2021 08:37:43.417 INFORMAZIONI [main] org.apache.catalina.startup.VersionLoggerListener.log Command line argument: -Dignore.endorsed.dirs=
27-Nov-2021 08:37:43.417 INFORMAZIONI [main] org.apache.catalina.startup.VersionLoggerListener.log Command line argument: -Dcatalina.base=C:\Users\Mazzoleni.17108\Desktop\apache-tomcat-10.0.13\apache-tomcat-10.0.13
27-Nov-2021 08:37:43.418 INFORMAZIONI [main] org.apache.catalina.startup.VersionLoggerListener.log Command line argument: -Dcatalina.home=C:\Users\Mazzoleni.17108\Desktop\apache-tomcat-10.0.13\apache-tomcat-10.0.13
27-Nov-2021 08:37:43.419 INFORMAZIONI [main] org.apache.catalina.startup.VersionLoggerListener.log Command line argument: -Djava.io.tmpdir=C:\Users\Mazzoleni.17108\Desktop\apache-tomcat-10.0.13\apache-tomcat-10.0.13\temp
27-Nov-2021 08:37:43.425 INFORMAZIONI [main] org.apache.catalina.core.AprLifecycleListener.lifecycleEvent The Apache Tomcat Native library which allows using OpenSSL was not found on the java.library.path: [C:\Users\Mazzoleni.17108\Desktop\BlueJ\bluej\jdk\bin;C:\WINDOWS\Sun\Java\bin;C:\WINDOWS\system32;C:\WINDOWS;C:\Program Files (x86)\Common Files\Oracle\Java\javapath;C:\Program Files (x86)\Intel\Intel(R) Management Engine Components\iCLS\;C:\Program Files\Intel\Intel(R) Management Engine Components\iCLS\;C:\WINDOWS\system32;C:\WINDOWS;C:\WINDOWS\System32\Wbem;C:\WINDOWS\System32\WindowsPowerShell\v1.0\;C:\WINDOWS\System32\OpenSSH\;C:\Program Files (x86)\Intel\Intel(R) Management Engine Components\DAL;C:\Program Files\Intel\Intel(R) Management Engine Components\DAL;C:\Program Files (x86)\Intel\Intel(R) Management Engine Components\IPT;C:\Program Files\Intel\Intel(R) Management Engine Components\IPT;C:\Program Files (x86)\ATI Technologies\ATI.ACE\Core-Static;C:\Program Files (x86)\IVI Foundation\IVI\bin;C:\Program Files\IVI Foundation\IVI\bin;C:\Program Files\IVI Foundation\VISA\Win64\Bin\;C:\Program Files (x86)\IVI Foundation\VISA\WinNT\Bin\;C:\Program Files (x86)\IVI Foundation\VISA\WinNT\Bin;C:\Program Files (x86)\National Instruments\Motion Assistant\bin\mxwplugins;C:\Program Files (x86)\National Instruments\Shared\System\;c:\Program Files (x86)\Microsoft SQL Server\90\Tools\binn\;C:\Program Files (x86)\Microchip\MPLAB C32 Suite\bin;C:\Program Files\dotnet\;C:\Program Files\Microsoft SQL Server\130\Tools\Binn\;C:\Program Files\Microsoft SQL Server\Client SDK\ODBC\170\Tools\Binn\;C:\Program Files (x86)\dotnet\;C:\Program Files (x86)\Schneider Electric\EcoStruxure Machine Expert - Basic\;C:\Program Files\nodejs\;C:\xampp\php;C:\ProgramData\ComposerSetup\bin;C:\Program Files\Git\cmd;C:\Program Files\Docker\Docker\resources\bin;C:\ProgramData\DockerDesktop\version-bin;C:\Users\Mazzoleni.17108\AppData\Local\Microsoft\WindowsApps;;.]
27-Nov-2021 08:37:43.665 INFORMAZIONI [main] org.apache.coyote.AbstractProtocol.init Initializing ProtocolHandler ["http-nio-8000"]
27-Nov-2021 08:37:43.685 INFORMAZIONI [main] org.apache.catalina.startup.Catalina.load Server initialization in [452] milliseconds
27-Nov-2021 08:37:43.732 INFORMAZIONI [main] org.apache.catalina.core.StandardService.startInternal Starting service [Catalina]
27-Nov-2021 08:37:43.732 INFORMAZIONI [main] org.apache.catalina.core.StandardEngine.startInternal Starting Servlet engine: [Apache Tomcat/10.0.13]
27-Nov-2021 08:37:43.742 INFORMAZIONI [main] org.apache.catalina.startup.HostConfig.deployDirectory Deploying web application directory [C:\Users\Mazzoleni.17108\Desktop\apache-tomcat-10.0.13\apache-tomcat-10.0.13\webapps\docs]
27-Nov-2021 08:37:44.072 AVVERTENZA [main] org.apache.catalina.util.SessionIdGeneratorBase.createSecureRandom Creation of SecureRandom instance for session ID generation using [SHA1PRNG] took [140] milliseconds.
27-Nov-2021 08:37:44.103 INFORMAZIONI [main] org.apache.catalina.startup.HostConfig.deployDirectory Deployment of web application directory [C:\Users\Mazzoleni.17108\Desktop\apache-tomcat-10.0.13\apache-tomcat-10.0.13\webapps\docs] has finished in [361] ms
27-Nov-2021 08:37:44.104 INFORMAZIONI [main] org.apache.catalina.startup.HostConfig.deployDirectory Deploying web application directory [C:\Users\Mazzoleni.17108\Desktop\apache-tomcat-10.0.13\apache-tomcat-10.0.13\webapps\examples]
27-Nov-2021 08:37:44.390 INFORMAZIONI [main] org.apache.catalina.startup.HostConfig.deployDirectory Deployment of web application directory [C:\Users\Mazzoleni.17108\Desktop\apache-tomcat-10.0.13\apache-tomcat-10.0.13\webapps\examples] has finished in [287] ms
27-Nov-2021 08:37:44.391 INFORMAZIONI [main] org.apache.catalina.startup.HostConfig.deployDirectory Deploying web application directory [C:\Users\Mazzoleni.17108\Desktop\apache-tomcat-10.0.13\apache-tomcat-10.0.13\webapps\host-manager]
27-Nov-2021 08:37:44.420 INFORMAZIONI [main] org.apache.catalina.startup.HostConfig.deployDirectory Deployment of web application directory [C:\Users\Mazzoleni.17108\Desktop\apache-tomcat-10.0.13\apache-tomcat-10.0.13\webapps\host-manager] has finished in [29] ms
27-Nov-2021 08:37:44.421 INFORMAZIONI [main] org.apache.catalina.startup.HostConfig.deployDirectory Deploying web application directory [C:\Users\Mazzoleni.17108\Desktop\apache-tomcat-10.0.13\apache-tomcat-10.0.13\webapps\manager]
27-Nov-2021 08:37:44.446 INFORMAZIONI [main] org.apache.catalina.startup.HostConfig.deployDirectory Deployment of web application directory [C:\Users\Mazzoleni.17108\Desktop\apache-tomcat-10.0.13\apache-tomcat-10.0.13\webapps\manager] has finished in [25] ms
27-Nov-2021 08:37:44.446 INFORMAZIONI [main] org.apache.catalina.startup.HostConfig.deployDirectory Deploying web application directory [C:\Users\Mazzoleni.17108\Desktop\apache-tomcat-10.0.13\apache-tomcat-10.0.13\webapps\ROOT]
27-Nov-2021 08:37:44.469 INFORMAZIONI [main] org.apache.catalina.startup.HostConfig.deployDirectory Deployment of web application directory [C:\Users\Mazzoleni.17108\Desktop\apache-tomcat-10.0.13\apache-tomcat-10.0.13\webapps\ROOT] has finished in [23] ms
27-Nov-2021 08:37:44.477 INFORMAZIONI [main] org.apache.coyote.AbstractProtocol.start Starting ProtocolHandler ["http-nio-8000"]
27-Nov-2021 08:37:44.619 INFORMAZIONI [main] org.apache.catalina.startup.Catalina.start Server startup in [933] milliseconds
27-Nov-2021 08:55:35.725 INFORMAZIONI [Catalina-utility-1] org.apache.catalina.startup.HostConfig.deployDirectory Deploying web application directory [C:\Users\Mazzoleni.17108\Desktop\apache-tomcat-10.0.13\apache-tomcat-10.0.13\webapps\Nuova cartella]
27-Nov-2021 08:55:35.780 INFORMAZIONI [Catalina-utility-1] org.apache.catalina.startup.HostConfig.deployDirectory Deployment of web application directory [C:\Users\Mazzoleni.17108\Desktop\apache-tomcat-10.0.13\apache-tomcat-10.0.13\webapps\Nuova cartella] has finished in [55] ms
27-Nov-2021 08:55:46.294 INFORMAZIONI [Catalina-utility-2] org.apache.catalina.startup.HostConfig.undeploy Undeploying context [/Nuova cartella]
27-Nov-2021 08:55:46.334 INFORMAZIONI [Catalina-utility-2] org.apache.catalina.startup.HostConfig.deployDirectory Deploying web application directory [C:\Users\Mazzoleni.17108\Desktop\apache-tomcat-10.0.13\apache-tomcat-10.0.13\webapps\miapplicazione]
27-Nov-2021 08:55:46.353 INFORMAZIONI [Catalina-utility-2] org.apache.catalina.startup.HostConfig.deployDirectory Deployment of web application directory [C:\Users\Mazzoleni.17108\Desktop\apache-tomcat-10.0.13\apache-tomcat-10.0.13\webapps\miapplicazione] has finished in [20] ms
27-Nov-2021 08:56:26.419 INFORMAZIONI [Catalina-utility-2] org.apache.catalina.startup.HostConfig.reload Reloading context [/miapplicazione]
27-Nov-2021 08:56:26.419 INFORMAZIONI [Catalina-utility-2] org.apache.catalina.core.StandardContext.reload Reloading Context with name [/miapplicazione] has started
27-Nov-2021 08:56:26.450 AVVERTENZA [Catalina-utility-2] org.apache.jasper.servlet.TldScanner.scanJspConfig Failed to process TLD with path [/WEB-INF/jsp/debug-taglib.tld] and URI [http://tomcat.apache.org/debug-taglib]. The specified path does not exist.
27-Nov-2021 08:56:26.451 AVVERTENZA [Catalina-utility-2] org.apache.jasper.servlet.TldScanner.scanJspConfig Failed to process TLD with path [/WEB-INF/jsp2/jsp2-example-taglib.tld] and URI [http://tomcat.apache.org/jsp2-example-taglib]. The specified path does not exist.
27-Nov-2021 08:56:26.452 AVVERTENZA [Catalina-utility-2] org.apache.jasper.servlet.TldScanner.scanJspConfig Failed to process TLD with path [/WEB-INF/jsp/example-taglib.tld] and URI [http://tomcat.apache.org/example-taglib]. The specified path does not exist.
27-Nov-2021 08:56:26.460 GRAVE [Catalina-utility-2] org.apache.catalina.core.StandardContext.startInternal One or more listeners failed to start. Full details will be found in the appropriate container log file
27-Nov-2021 08:56:26.461 GRAVE [Catalina-utility-2] org.apache.catalina.core.StandardContext.startInternal Context [/miapplicazione] startup failed due to previous errors
27-Nov-2021 08:56:26.464 INFORMAZIONI [Catalina-utility-2] org.apache.catalina.core.StandardContext.reload Reloading Context with name [/miapplicazione] is completed
27-Nov-2021 09:06:01.072 INFORMAZIONI [main] org.apache.catalina.startup.VersionLoggerListener.log Server version name:   Apache Tomcat/10.0.13
27-Nov-2021 09:06:01.075 INFORMAZIONI [main] org.apache.catalina.startup.VersionLoggerListener.log Server built:          Nov 9 2021 22:12:58 UTC
27-Nov-2021 09:06:01.075 INFORMAZIONI [main] org.apache.catalina.startup.VersionLoggerListener.log Server version number: 10.0.13.0
27-Nov-2021 09:06:01.075 INFORMAZIONI [main] org.apache.catalina.startup.VersionLoggerListener.log OS Name:               Windows 10
27-Nov-2021 09:06:01.075 INFORMAZIONI [main] org.apache.catalina.startup.VersionLoggerListener.log OS Version:            10.0
27-Nov-2021 09:06:01.076 INFORMAZIONI [main] org.apache.catalina.startup.VersionLoggerListener.log Architecture:          amd64
27-Nov-2021 09:06:01.076 INFORMAZIONI [main] org.apache.catalina.startup.VersionLoggerListener.log Java Home:             C:\Users\Mazzoleni.17108\Desktop\BlueJ\bluej\jdk
27-Nov-2021 09:06:01.076 INFORMAZIONI [main] org.apache.catalina.startup.VersionLoggerListener.log JVM Version:           11.0.10+9
27-Nov-2021 09:06:01.076 INFORMAZIONI [main] org.apache.catalina.startup.VersionLoggerListener.log JVM Vendor:            AdoptOpenJDK
27-Nov-2021 09:06:01.076 INFORMAZIONI [main] org.apache.catalina.startup.VersionLoggerListener.log CATALINA_BASE:         C:\Users\Mazzoleni.17108\Desktop\apache-tomcat-10.0.13\apache-tomcat-10.0.13
27-Nov-2021 09:06:01.076 INFORMAZIONI [main] org.apache.catalina.startup.VersionLoggerListener.log CATALINA_HOME:         C:\Users\Mazzoleni.17108\Desktop\apache-tomcat-10.0.13\apache-tomcat-10.0.13
27-Nov-2021 09:06:01.086 INFORMAZIONI [main] org.apache.catalina.startup.VersionLoggerListener.log Command line argument: --add-opens=java.base/java.lang=ALL-UNNAMED
27-Nov-2021 09:06:01.086 INFORMAZIONI [main] org.apache.catalina.startup.VersionLoggerListener.log Command line argument: --add-opens=java.base/java.io=ALL-UNNAMED
27-Nov-2021 09:06:01.086 INFORMAZIONI [main] org.apache.catalina.startup.VersionLoggerListener.log Command line argument: --add-opens=java.base/java.util=ALL-UNNAMED
27-Nov-2021 09:06:01.086 INFORMAZIONI [main] org.apache.catalina.startup.VersionLoggerListener.log Command line argument: --add-opens=java.base/java.util.concurrent=ALL-UNNAMED
27-Nov-2021 09:06:01.087 INFORMAZIONI [main] org.apache.catalina.startup.VersionLoggerListener.log Command line argument: --add-opens=java.rmi/sun.rmi.transport=ALL-UNNAMED
27-Nov-2021 09:06:01.087 INFORMAZIONI [main] org.apache.catalina.startup.VersionLoggerListener.log Command line argument: -Djava.util.logging.config.file=C:\Users\Mazzoleni.17108\Desktop\apache-tomcat-10.0.13\apache-tomcat-10.0.13\conf\logging.properties
27-Nov-2021 09:06:01.088 INFORMAZIONI [main] org.apache.catalina.startup.VersionLoggerListener.log Command line argument: -Djava.util.logging.manager=org.apache.juli.ClassLoaderLogManager
27-Nov-2021 09:06:01.088 INFORMAZIONI [main] org.apache.catalina.startup.VersionLoggerListener.log Command line argument: -Djdk.tls.ephemeralDHKeySize=2048
27-Nov-2021 09:06:01.088 INFORMAZIONI [main] org.apache.catalina.startup.VersionLoggerListener.log Command line argument: -Djava.protocol.handler.pkgs=org.apache.catalina.webresources
27-Nov-2021 09:06:01.089 INFORMAZIONI [main] org.apache.catalina.startup.VersionLoggerListener.log Command line argument: -Dignore.endorsed.dirs=
27-Nov-2021 09:06:01.089 INFORMAZIONI [main] org.apache.catalina.startup.VersionLoggerListener.log Command line argument: -Dcatalina.base=C:\Users\Mazzoleni.17108\Desktop\apache-tomcat-10.0.13\apache-tomcat-10.0.13
27-Nov-2021 09:06:01.089 INFORMAZIONI [main] org.apache.catalina.startup.VersionLoggerListener.log Command line argument: -Dcatalina.home=C:\Users\Mazzoleni.17108\Desktop\apache-tomcat-10.0.13\apache-tomcat-10.0.13
27-Nov-2021 09:06:01.089 INFORMAZIONI [main] org.apache.catalina.startup.VersionLoggerListener.log Command line argument: -Djava.io.tmpdir=C:\Users\Mazzoleni.17108\Desktop\apache-tomcat-10.0.13\apache-tomcat-10.0.13\temp
27-Nov-2021 09:06:01.096 INFORMAZIONI [main] org.apache.catalina.core.AprLifecycleListener.lifecycleEvent The Apache Tomcat Native library which allows using OpenSSL was not found on the java.library.path: [C:\Users\Mazzoleni.17108\Desktop\BlueJ\bluej\jdk\bin;C:\WINDOWS\Sun\Java\bin;C:\WINDOWS\system32;C:\WINDOWS;C:\Program Files (x86)\Common Files\Oracle\Java\javapath;C:\Program Files (x86)\Intel\Intel(R) Management Engine Components\iCLS\;C:\Program Files\Intel\Intel(R) Management Engine Components\iCLS\;C:\WINDOWS\system32;C:\WINDOWS;C:\WINDOWS\System32\Wbem;C:\WINDOWS\System32\WindowsPowerShell\v1.0\;C:\WINDOWS\System32\OpenSSH\;C:\Program Files (x86)\Intel\Intel(R) Management Engine Components\DAL;C:\Program Files\Intel\Intel(R) Management Engine Components\DAL;C:\Program Files (x86)\Intel\Intel(R) Management Engine Components\IPT;C:\Program Files\Intel\Intel(R) Management Engine Components\IPT;C:\Program Files (x86)\ATI Technologies\ATI.ACE\Core-Static;C:\Program Files (x86)\IVI Foundation\IVI\bin;C:\Program Files\IVI Foundation\IVI\bin;C:\Program Files\IVI Foundation\VISA\Win64\Bin\;C:\Program Files (x86)\IVI Foundation\VISA\WinNT\Bin\;C:\Program Files (x86)\IVI Foundation\VISA\WinNT\Bin;C:\Program Files (x86)\National Instruments\Motion Assistant\bin\mxwplugins;C:\Program Files (x86)\National Instruments\Shared\System\;c:\Program Files (x86)\Microsoft SQL Server\90\Tools\binn\;C:\Program Files (x86)\Microchip\MPLAB C32 Suite\bin;C:\Program Files\dotnet\;C:\Program Files\Microsoft SQL Server\130\Tools\Binn\;C:\Program Files\Microsoft SQL Server\Client SDK\ODBC\170\Tools\Binn\;C:\Program Files (x86)\dotnet\;C:\Program Files (x86)\Schneider Electric\EcoStruxure Machine Expert - Basic\;C:\Program Files\nodejs\;C:\xampp\php;C:\ProgramData\ComposerSetup\bin;C:\Program Files\Git\cmd;C:\Program Files\Docker\Docker\resources\bin;C:\ProgramData\DockerDesktop\version-bin;C:\Users\Mazzoleni.17108\AppData\Local\Microsoft\WindowsApps;;.]
27-Nov-2021 09:06:01.323 INFORMAZIONI [main] org.apache.coyote.AbstractProtocol.init Initializing ProtocolHandler ["http-nio-8000"]
27-Nov-2021 09:06:01.342 INFORMAZIONI [main] org.apache.catalina.startup.Catalina.load Server initialization in [427] milliseconds
27-Nov-2021 09:06:01.383 INFORMAZIONI [main] org.apache.catalina.core.StandardService.startInternal Starting service [Catalina]
27-Nov-2021 09:06:01.384 INFORMAZIONI [main] org.apache.catalina.core.StandardEngine.startInternal Starting Servlet engine: [Apache Tomcat/10.0.13]
27-Nov-2021 09:06:01.398 INFORMAZIONI [main] org.apache.catalina.startup.HostConfig.deployDirectory Deploying web application directory [C:\Users\Mazzoleni.17108\Desktop\apache-tomcat-10.0.13\apache-tomcat-10.0.13\webapps\docs]
27-Nov-2021 09:06:01.701 AVVERTENZA [main] org.apache.catalina.util.SessionIdGeneratorBase.createSecureRandom Creation of SecureRandom instance for session ID generation using [SHA1PRNG] took [136] milliseconds.
27-Nov-2021 09:06:01.728 INFORMAZIONI [main] org.apache.catalina.startup.HostConfig.deployDirectory Deployment of web application directory [C:\Users\Mazzoleni.17108\Desktop\apache-tomcat-10.0.13\apache-tomcat-10.0.13\webapps\docs] has finished in [330] ms
27-Nov-2021 09:06:01.728 INFORMAZIONI [main] org.apache.catalina.startup.HostConfig.deployDirectory Deploying web application directory [C:\Users\Mazzoleni.17108\Desktop\apache-tomcat-10.0.13\apache-tomcat-10.0.13\webapps\examples]
27-Nov-2021 09:06:02.003 INFORMAZIONI [main] org.apache.catalina.startup.HostConfig.deployDirectory Deployment of web application directory [C:\Users\Mazzoleni.17108\Desktop\apache-tomcat-10.0.13\apache-tomcat-10.0.13\webapps\examples] has finished in [274] ms
27-Nov-2021 09:06:02.003 INFORMAZIONI [main] org.apache.catalina.startup.HostConfig.deployDirectory Deploying web application directory [C:\Users\Mazzoleni.17108\Desktop\apache-tomcat-10.0.13\apache-tomcat-10.0.13\webapps\host-manager]
27-Nov-2021 09:06:02.032 INFORMAZIONI [main] org.apache.catalina.startup.HostConfig.deployDirectory Deployment of web application directory [C:\Users\Mazzoleni.17108\Desktop\apache-tomcat-10.0.13\apache-tomcat-10.0.13\webapps\host-manager] has finished in [29] ms
27-Nov-2021 09:06:02.033 INFORMAZIONI [main] org.apache.catalina.startup.HostConfig.deployDirectory Deploying web application directory [C:\Users\Mazzoleni.17108\Desktop\apache-tomcat-10.0.13\apache-tomcat-10.0.13\webapps\manager]
27-Nov-2021 09:06:02.058 INFORMAZIONI [main] org.apache.catalina.startup.HostConfig.deployDirectory Deployment of web application directory [C:\Users\Mazzoleni.17108\Desktop\apache-tomcat-10.0.13\apache-tomcat-10.0.13\webapps\manager] has finished in [25] ms
27-Nov-2021 09:06:02.059 INFORMAZIONI [main] org.apache.catalina.startup.HostConfig.deployDirectory Deploying web application directory [C:\Users\Mazzoleni.17108\Desktop\apache-tomcat-10.0.13\apache-tomcat-10.0.13\webapps\miapplicazione]
27-Nov-2021 09:06:02.086 AVVERTENZA [main] org.apache.jasper.servlet.TldScanner.scanJspConfig Failed to process TLD with path [/WEB-INF/jsp/debug-taglib.tld] and URI [http://tomcat.apache.org/debug-taglib]. The specified path does not exist.
27-Nov-2021 09:06:02.088 AVVERTENZA [main] org.apache.jasper.servlet.TldScanner.scanJspConfig Failed to process TLD with path [/WEB-INF/jsp2/jsp2-example-taglib.tld] and URI [http://tomcat.apache.org/jsp2-example-taglib]. The specified path does not exist.
27-Nov-2021 09:06:02.089 AVVERTENZA [main] org.apache.jasper.servlet.TldScanner.scanJspConfig Failed to process TLD with path [/WEB-INF/jsp/example-taglib.tld] and URI [http://tomcat.apache.org/example-taglib]. The specified path does not exist.
27-Nov-2021 09:06:02.094 GRAVE [main] org.apache.catalina.core.StandardContext.startInternal One or more listeners failed to start. Full details will be found in the appropriate container log file
27-Nov-2021 09:06:02.095 GRAVE [main] org.apache.catalina.core.StandardContext.startInternal Context [/miapplicazione] startup failed due to previous errors
27-Nov-2021 09:06:02.103 INFORMAZIONI [main] org.apache.catalina.startup.HostConfig.deployDirectory Deployment of web application directory [C:\Users\Mazzoleni.17108\Desktop\apache-tomcat-10.0.13\apache-tomcat-10.0.13\webapps\miapplicazione] has finished in [44] ms
27-Nov-2021 09:06:02.103 INFORMAZIONI [main] org.apache.catalina.startup.HostConfig.deployDirectory Deploying web application directory [C:\Users\Mazzoleni.17108\Desktop\apache-tomcat-10.0.13\apache-tomcat-10.0.13\webapps\ROOT]
27-Nov-2021 09:06:02.123 INFORMAZIONI [main] org.apache.catalina.startup.HostConfig.deployDirectory Deployment of web application directory [C:\Users\Mazzoleni.17108\Desktop\apache-tomcat-10.0.13\apache-tomcat-10.0.13\webapps\ROOT] has finished in [20] ms
27-Nov-2021 09:06:02.127 INFORMAZIONI [main] org.apache.coyote.AbstractProtocol.start Starting ProtocolHandler ["http-nio-8000"]
27-Nov-2021 09:06:02.265 INFORMAZIONI [main] org.apache.catalina.startup.Catalina.start Server startup in [922] milliseconds
