15-Jan-2022 08:49:52.533 INFORMAZIONI [main] org.apache.catalina.startup.VersionLoggerListener.log Server version name:   Apache Tomcat/10.0.13
15-Jan-2022 08:49:52.538 INFORMAZIONI [main] org.apache.catalina.startup.VersionLoggerListener.log Server built:          Nov 9 2021 22:12:58 UTC
15-Jan-2022 08:49:52.539 INFORMAZIONI [main] org.apache.catalina.startup.VersionLoggerListener.log Server version number: 10.0.13.0
15-Jan-2022 08:49:52.539 INFORMAZIONI [main] org.apache.catalina.startup.VersionLoggerListener.log OS Name:               Windows 10
15-Jan-2022 08:49:52.539 INFORMAZIONI [main] org.apache.catalina.startup.VersionLoggerListener.log OS Version:            10.0
15-Jan-2022 08:49:52.539 INFORMAZIONI [main] org.apache.catalina.startup.VersionLoggerListener.log Architecture:          amd64
15-Jan-2022 08:49:52.539 INFORMAZIONI [main] org.apache.catalina.startup.VersionLoggerListener.log Java Home:             C:\Users\Mazzoleni.17108\Desktop\BlueJ\bluej\jdk
15-Jan-2022 08:49:52.539 INFORMAZIONI [main] org.apache.catalina.startup.VersionLoggerListener.log JVM Version:           11.0.10+9
15-Jan-2022 08:49:52.540 INFORMAZIONI [main] org.apache.catalina.startup.VersionLoggerListener.log JVM Vendor:            AdoptOpenJDK
15-Jan-2022 08:49:52.540 INFORMAZIONI [main] org.apache.catalina.startup.VersionLoggerListener.log CATALINA_BASE:         C:\Users\Mazzoleni.17108\Desktop\MazzoleniApache\apache-tomcat-10.0.13
15-Jan-2022 08:49:52.540 INFORMAZIONI [main] org.apache.catalina.startup.VersionLoggerListener.log CATALINA_HOME:         C:\Users\Mazzoleni.17108\Desktop\MazzoleniApache\apache-tomcat-10.0.13
15-Jan-2022 08:49:52.559 INFORMAZIONI [main] org.apache.catalina.startup.VersionLoggerListener.log Command line argument: --add-opens=java.base/java.lang=ALL-UNNAMED
15-Jan-2022 08:49:52.559 INFORMAZIONI [main] org.apache.catalina.startup.VersionLoggerListener.log Command line argument: --add-opens=java.base/java.io=ALL-UNNAMED
15-Jan-2022 08:49:52.559 INFORMAZIONI [main] org.apache.catalina.startup.VersionLoggerListener.log Command line argument: --add-opens=java.base/java.util=ALL-UNNAMED
15-Jan-2022 08:49:52.560 INFORMAZIONI [main] org.apache.catalina.startup.VersionLoggerListener.log Command line argument: --add-opens=java.base/java.util.concurrent=ALL-UNNAMED
15-Jan-2022 08:49:52.560 INFORMAZIONI [main] org.apache.catalina.startup.VersionLoggerListener.log Command line argument: --add-opens=java.rmi/sun.rmi.transport=ALL-UNNAMED
15-Jan-2022 08:49:52.560 INFORMAZIONI [main] org.apache.catalina.startup.VersionLoggerListener.log Command line argument: -Djava.util.logging.config.file=C:\Users\Mazzoleni.17108\Desktop\MazzoleniApache\apache-tomcat-10.0.13\conf\logging.properties
15-Jan-2022 08:49:52.561 INFORMAZIONI [main] org.apache.catalina.startup.VersionLoggerListener.log Command line argument: -Djava.util.logging.manager=org.apache.juli.ClassLoaderLogManager
15-Jan-2022 08:49:52.561 INFORMAZIONI [main] org.apache.catalina.startup.VersionLoggerListener.log Command line argument: -Djdk.tls.ephemeralDHKeySize=2048
15-Jan-2022 08:49:52.561 INFORMAZIONI [main] org.apache.catalina.startup.VersionLoggerListener.log Command line argument: -Djava.protocol.handler.pkgs=org.apache.catalina.webresources
15-Jan-2022 08:49:52.562 INFORMAZIONI [main] org.apache.catalina.startup.VersionLoggerListener.log Command line argument: -Dignore.endorsed.dirs=
15-Jan-2022 08:49:52.562 INFORMAZIONI [main] org.apache.catalina.startup.VersionLoggerListener.log Command line argument: -Dcatalina.base=C:\Users\Mazzoleni.17108\Desktop\MazzoleniApache\apache-tomcat-10.0.13
15-Jan-2022 08:49:52.562 INFORMAZIONI [main] org.apache.catalina.startup.VersionLoggerListener.log Command line argument: -Dcatalina.home=C:\Users\Mazzoleni.17108\Desktop\MazzoleniApache\apache-tomcat-10.0.13
15-Jan-2022 08:49:52.563 INFORMAZIONI [main] org.apache.catalina.startup.VersionLoggerListener.log Command line argument: -Djava.io.tmpdir=C:\Users\Mazzoleni.17108\Desktop\MazzoleniApache\apache-tomcat-10.0.13\temp
15-Jan-2022 08:49:52.569 INFORMAZIONI [main] org.apache.catalina.core.AprLifecycleListener.lifecycleEvent The Apache Tomcat Native library which allows using OpenSSL was not found on the java.library.path: [C:\Users\Mazzoleni.17108\Desktop\BlueJ\bluej\jdk\bin;C:\WINDOWS\Sun\Java\bin;C:\WINDOWS\system32;C:\WINDOWS;C:\Program Files (x86)\Common Files\Oracle\Java\javapath;C:\Program Files (x86)\Intel\Intel(R) Management Engine Components\iCLS\;C:\Program Files\Intel\Intel(R) Management Engine Components\iCLS\;C:\WINDOWS\system32;C:\WINDOWS;C:\WINDOWS\System32\Wbem;C:\WINDOWS\System32\WindowsPowerShell\v1.0\;C:\WINDOWS\System32\OpenSSH\;C:\Program Files (x86)\Intel\Intel(R) Management Engine Components\DAL;C:\Program Files\Intel\Intel(R) Management Engine Components\DAL;C:\Program Files (x86)\Intel\Intel(R) Management Engine Components\IPT;C:\Program Files\Intel\Intel(R) Management Engine Components\IPT;C:\Program Files (x86)\ATI Technologies\ATI.ACE\Core-Static;C:\Program Files (x86)\IVI Foundation\IVI\bin;C:\Program Files\IVI Foundation\IVI\bin;C:\Program Files\IVI Foundation\VISA\Win64\Bin\;C:\Program Files (x86)\IVI Foundation\VISA\WinNT\Bin\;C:\Program Files (x86)\IVI Foundation\VISA\WinNT\Bin;C:\Program Files (x86)\National Instruments\Motion Assistant\bin\mxwplugins;C:\Program Files (x86)\National Instruments\Shared\System\;c:\Program Files (x86)\Microsoft SQL Server\90\Tools\binn\;C:\Program Files (x86)\Microchip\MPLAB C32 Suite\bin;C:\Program Files\dotnet\;C:\Program Files\Microsoft SQL Server\130\Tools\Binn\;C:\Program Files\Microsoft SQL Server\Client SDK\ODBC\170\Tools\Binn\;C:\Program Files (x86)\dotnet\;C:\Program Files (x86)\Schneider Electric\EcoStruxure Machine Expert - Basic\;C:\Program Files\nodejs\;C:\xampp\php;C:\ProgramData\ComposerSetup\bin;C:\Program Files\Git\cmd;C:\Program Files\Docker\Docker\resources\bin;C:\ProgramData\DockerDesktop\version-bin;C:\Users\Mazzoleni.17108\AppData\Local\Microsoft\WindowsApps;;.]
15-Jan-2022 08:49:52.848 INFORMAZIONI [main] org.apache.coyote.AbstractProtocol.init Initializing ProtocolHandler ["http-nio-8000"]
15-Jan-2022 08:49:52.875 INFORMAZIONI [main] org.apache.catalina.startup.Catalina.load Server initialization in [541] milliseconds
15-Jan-2022 08:49:52.925 INFORMAZIONI [main] org.apache.catalina.core.StandardService.startInternal Starting service [Catalina]
15-Jan-2022 08:49:52.925 INFORMAZIONI [main] org.apache.catalina.core.StandardEngine.startInternal Starting Servlet engine: [Apache Tomcat/10.0.13]
15-Jan-2022 08:49:52.936 INFORMAZIONI [main] org.apache.catalina.startup.HostConfig.deployDirectory Deploying web application directory [C:\Users\Mazzoleni.17108\Desktop\MazzoleniApache\apache-tomcat-10.0.13\webapps\app]
15-Jan-2022 08:49:53.289 AVVERTENZA [main] org.apache.catalina.util.SessionIdGeneratorBase.createSecureRandom Creation of SecureRandom instance for session ID generation using [SHA1PRNG] took [142] milliseconds.
15-Jan-2022 08:49:53.320 INFORMAZIONI [main] org.apache.catalina.startup.HostConfig.deployDirectory Deployment of web application directory [C:\Users\Mazzoleni.17108\Desktop\MazzoleniApache\apache-tomcat-10.0.13\webapps\app] has finished in [384] ms
15-Jan-2022 08:49:53.321 INFORMAZIONI [main] org.apache.catalina.startup.HostConfig.deployDirectory Deploying web application directory [C:\Users\Mazzoleni.17108\Desktop\MazzoleniApache\apache-tomcat-10.0.13\webapps\appdb]
15-Jan-2022 08:49:53.634 INFORMAZIONI [main] org.apache.jasper.servlet.TldScanner.scanJars At least one JAR was scanned for TLDs yet contained no TLDs. Enable debug logging for this logger for a complete list of JARs that were scanned but no TLDs were found in them. Skipping unneeded JARs during scanning can improve startup time and JSP compilation time.
15-Jan-2022 08:49:53.637 INFORMAZIONI [main] org.apache.catalina.startup.HostConfig.deployDirectory Deployment of web application directory [C:\Users\Mazzoleni.17108\Desktop\MazzoleniApache\apache-tomcat-10.0.13\webapps\appdb] has finished in [317] ms
15-Jan-2022 08:49:53.638 INFORMAZIONI [main] org.apache.catalina.startup.HostConfig.deployDirectory Deploying web application directory [C:\Users\Mazzoleni.17108\Desktop\MazzoleniApache\apache-tomcat-10.0.13\webapps\docs]
15-Jan-2022 08:49:53.658 INFORMAZIONI [main] org.apache.catalina.startup.HostConfig.deployDirectory Deployment of web application directory [C:\Users\Mazzoleni.17108\Desktop\MazzoleniApache\apache-tomcat-10.0.13\webapps\docs] has finished in [20] ms
15-Jan-2022 08:49:53.658 INFORMAZIONI [main] org.apache.catalina.startup.HostConfig.deployDirectory Deploying web application directory [C:\Users\Mazzoleni.17108\Desktop\MazzoleniApache\apache-tomcat-10.0.13\webapps\examples]
15-Jan-2022 08:49:53.921 INFORMAZIONI [main] org.apache.catalina.startup.HostConfig.deployDirectory Deployment of web application directory [C:\Users\Mazzoleni.17108\Desktop\MazzoleniApache\apache-tomcat-10.0.13\webapps\examples] has finished in [263] ms
15-Jan-2022 08:49:53.921 INFORMAZIONI [main] org.apache.catalina.startup.HostConfig.deployDirectory Deploying web application directory [C:\Users\Mazzoleni.17108\Desktop\MazzoleniApache\apache-tomcat-10.0.13\webapps\host-manager]
15-Jan-2022 08:49:53.953 INFORMAZIONI [main] org.apache.catalina.startup.HostConfig.deployDirectory Deployment of web application directory [C:\Users\Mazzoleni.17108\Desktop\MazzoleniApache\apache-tomcat-10.0.13\webapps\host-manager] has finished in [32] ms
15-Jan-2022 08:49:53.953 INFORMAZIONI [main] org.apache.catalina.startup.HostConfig.deployDirectory Deploying web application directory [C:\Users\Mazzoleni.17108\Desktop\MazzoleniApache\apache-tomcat-10.0.13\webapps\manager]
15-Jan-2022 08:49:53.978 INFORMAZIONI [main] org.apache.catalina.startup.HostConfig.deployDirectory Deployment of web application directory [C:\Users\Mazzoleni.17108\Desktop\MazzoleniApache\apache-tomcat-10.0.13\webapps\manager] has finished in [25] ms
15-Jan-2022 08:49:53.979 INFORMAZIONI [main] org.apache.catalina.startup.HostConfig.deployDirectory Deploying web application directory [C:\Users\Mazzoleni.17108\Desktop\MazzoleniApache\apache-tomcat-10.0.13\webapps\mazzoleniverifica]
15-Jan-2022 08:49:54.236 INFORMAZIONI [main] org.apache.jasper.servlet.TldScanner.scanJars At least one JAR was scanned for TLDs yet contained no TLDs. Enable debug logging for this logger for a complete list of JARs that were scanned but no TLDs were found in them. Skipping unneeded JARs during scanning can improve startup time and JSP compilation time.
15-Jan-2022 08:49:54.240 INFORMAZIONI [main] org.apache.catalina.startup.HostConfig.deployDirectory Deployment of web application directory [C:\Users\Mazzoleni.17108\Desktop\MazzoleniApache\apache-tomcat-10.0.13\webapps\mazzoleniverifica] has finished in [260] ms
15-Jan-2022 08:49:54.240 INFORMAZIONI [main] org.apache.catalina.startup.HostConfig.deployDirectory Deploying web application directory [C:\Users\Mazzoleni.17108\Desktop\MazzoleniApache\apache-tomcat-10.0.13\webapps\miapplicazione]
15-Jan-2022 08:49:54.267 INFORMAZIONI [main] org.apache.catalina.startup.HostConfig.deployDirectory Deployment of web application directory [C:\Users\Mazzoleni.17108\Desktop\MazzoleniApache\apache-tomcat-10.0.13\webapps\miapplicazione] has finished in [27] ms
15-Jan-2022 08:49:54.267 INFORMAZIONI [main] org.apache.catalina.startup.HostConfig.deployDirectory Deploying web application directory [C:\Users\Mazzoleni.17108\Desktop\MazzoleniApache\apache-tomcat-10.0.13\webapps\nomeutentepassword]
15-Jan-2022 08:49:54.294 INFORMAZIONI [main] org.apache.catalina.startup.HostConfig.deployDirectory Deployment of web application directory [C:\Users\Mazzoleni.17108\Desktop\MazzoleniApache\apache-tomcat-10.0.13\webapps\nomeutentepassword] has finished in [27] ms
15-Jan-2022 08:49:54.295 INFORMAZIONI [main] org.apache.catalina.startup.HostConfig.deployDirectory Deploying web application directory [C:\Users\Mazzoleni.17108\Desktop\MazzoleniApache\apache-tomcat-10.0.13\webapps\provadata]
15-Jan-2022 08:49:54.318 INFORMAZIONI [main] org.apache.catalina.startup.HostConfig.deployDirectory Deployment of web application directory [C:\Users\Mazzoleni.17108\Desktop\MazzoleniApache\apache-tomcat-10.0.13\webapps\provadata] has finished in [24] ms
15-Jan-2022 08:49:54.319 INFORMAZIONI [main] org.apache.catalina.startup.HostConfig.deployDirectory Deploying web application directory [C:\Users\Mazzoleni.17108\Desktop\MazzoleniApache\apache-tomcat-10.0.13\webapps\ROOT]
15-Jan-2022 08:49:54.339 INFORMAZIONI [main] org.apache.catalina.startup.HostConfig.deployDirectory Deployment of web application directory [C:\Users\Mazzoleni.17108\Desktop\MazzoleniApache\apache-tomcat-10.0.13\webapps\ROOT] has finished in [20] ms
15-Jan-2022 08:49:54.343 INFORMAZIONI [main] org.apache.coyote.AbstractProtocol.start Starting ProtocolHandler ["http-nio-8000"]
15-Jan-2022 08:49:54.490 INFORMAZIONI [main] org.apache.catalina.startup.Catalina.start Server startup in [1614] milliseconds
