18-Feb-2022 08:52:43.636 INFO [main] org.apache.catalina.startup.VersionLoggerListener.log Server version name:   Apache Tomcat/10.0.13
18-Feb-2022 08:52:43.640 INFO [main] org.apache.catalina.startup.VersionLoggerListener.log Server built:          Nov 9 2021 22:12:58 UTC
18-Feb-2022 08:52:43.640 INFO [main] org.apache.catalina.startup.VersionLoggerListener.log Server version number: 10.0.13.0
18-Feb-2022 08:52:43.641 INFO [main] org.apache.catalina.startup.VersionLoggerListener.log OS Name:               Windows 10
18-Feb-2022 08:52:43.641 INFO [main] org.apache.catalina.startup.VersionLoggerListener.log OS Version:            10.0
18-Feb-2022 08:52:43.641 INFO [main] org.apache.catalina.startup.VersionLoggerListener.log Architecture:          amd64
18-Feb-2022 08:52:43.641 INFO [main] org.apache.catalina.startup.VersionLoggerListener.log Java Home:             C:\Program Files\Java\jdk-12.0.1
18-Feb-2022 08:52:43.641 INFO [main] org.apache.catalina.startup.VersionLoggerListener.log JVM Version:           12.0.1+12
18-Feb-2022 08:52:43.642 INFO [main] org.apache.catalina.startup.VersionLoggerListener.log JVM Vendor:            Oracle Corporation
18-Feb-2022 08:52:43.642 INFO [main] org.apache.catalina.startup.VersionLoggerListener.log CATALINA_BASE:         C:\Users\Mazzoleni.17108\Desktop\MazzoleniApache\apache-tomcat-10.0.13
18-Feb-2022 08:52:43.642 INFO [main] org.apache.catalina.startup.VersionLoggerListener.log CATALINA_HOME:         C:\Users\Mazzoleni.17108\Desktop\MazzoleniApache\apache-tomcat-10.0.13
18-Feb-2022 08:52:43.751 INFO [main] org.apache.catalina.startup.VersionLoggerListener.log Command line argument: --add-opens=java.base/java.lang=ALL-UNNAMED
18-Feb-2022 08:52:43.752 INFO [main] org.apache.catalina.startup.VersionLoggerListener.log Command line argument: --add-opens=java.base/java.io=ALL-UNNAMED
18-Feb-2022 08:52:43.752 INFO [main] org.apache.catalina.startup.VersionLoggerListener.log Command line argument: --add-opens=java.base/java.util=ALL-UNNAMED
18-Feb-2022 08:52:43.753 INFO [main] org.apache.catalina.startup.VersionLoggerListener.log Command line argument: --add-opens=java.base/java.util.concurrent=ALL-UNNAMED
18-Feb-2022 08:52:43.753 INFO [main] org.apache.catalina.startup.VersionLoggerListener.log Command line argument: --add-opens=java.rmi/sun.rmi.transport=ALL-UNNAMED
18-Feb-2022 08:52:43.754 INFO [main] org.apache.catalina.startup.VersionLoggerListener.log Command line argument: -Djava.util.logging.config.file=C:\Users\Mazzoleni.17108\Desktop\MazzoleniApache\apache-tomcat-10.0.13\conf\logging.properties
18-Feb-2022 08:52:43.755 INFO [main] org.apache.catalina.startup.VersionLoggerListener.log Command line argument: -Djava.util.logging.manager=org.apache.juli.ClassLoaderLogManager
18-Feb-2022 08:52:43.755 INFO [main] org.apache.catalina.startup.VersionLoggerListener.log Command line argument: -Djdk.tls.ephemeralDHKeySize=2048
18-Feb-2022 08:52:43.756 INFO [main] org.apache.catalina.startup.VersionLoggerListener.log Command line argument: -Djava.protocol.handler.pkgs=org.apache.catalina.webresources
18-Feb-2022 08:52:43.757 INFO [main] org.apache.catalina.startup.VersionLoggerListener.log Command line argument: -Dignore.endorsed.dirs=
18-Feb-2022 08:52:43.757 INFO [main] org.apache.catalina.startup.VersionLoggerListener.log Command line argument: -Dcatalina.base=C:\Users\Mazzoleni.17108\Desktop\MazzoleniApache\apache-tomcat-10.0.13
18-Feb-2022 08:52:43.758 INFO [main] org.apache.catalina.startup.VersionLoggerListener.log Command line argument: -Dcatalina.home=C:\Users\Mazzoleni.17108\Desktop\MazzoleniApache\apache-tomcat-10.0.13
18-Feb-2022 08:52:43.759 INFO [main] org.apache.catalina.startup.VersionLoggerListener.log Command line argument: -Djava.io.tmpdir=C:\Users\Mazzoleni.17108\Desktop\MazzoleniApache\apache-tomcat-10.0.13\temp
18-Feb-2022 08:52:43.772 INFO [main] org.apache.catalina.core.AprLifecycleListener.lifecycleEvent The Apache Tomcat Native library which allows using OpenSSL was not found on the java.library.path: [C:\Program Files\Java\jdk-12.0.1\bin;C:\WINDOWS\Sun\Java\bin;C:\WINDOWS\system32;C:\WINDOWS;C:\Program Files\Microsoft\jdk-11.0.12.7-hotspot\bin;C:\Python310\Scripts\;C:\Python310\;C:\Program Files (x86)\Common Files\Oracle\Java\javapath;C:\ProgramData\Oracle\Java\javapath;C:\WINDOWS\system32;C:\WINDOWS;C:\WINDOWS\System32\Wbem;C:\WINDOWS\System32\WindowsPowerShell\v1.0\;C:\WINDOWS\System32\OpenSSH\;C:\Users\falciano\.dnx\bin;C:\Program Files\Microsoft DNX\Dnvm\;C:\Program Files\Microsoft SQL Server\120\Tools\Binn\;C:\Program Files\Microsoft SQL Server\130\Tools\Binn\;C:\Program Files\dotnet\;C:\Program Files\Microsoft SQL Server\Client SDK\ODBC\170\Tools\Binn\;C:\Go\bin;C:\xampp\php;C:\composer;C:\Program Files\Git\cmd;C:\Program Files\nodejs\;C:\ProgramData\chocolatey\bin;C:\Program Files\Microsoft SQL Server\150\Tools\Binn\;C:\Program Files (x86)\dotnet\;C:\Users\Mazzoleni.17108\AppData\Local\Microsoft\WindowsApps;;.]
18-Feb-2022 08:52:44.258 INFO [main] org.apache.coyote.AbstractProtocol.init Initializing ProtocolHandler ["http-nio-8000"]
18-Feb-2022 08:52:44.334 INFO [main] org.apache.catalina.startup.Catalina.load Server initialization in [1137] milliseconds
18-Feb-2022 08:52:44.419 INFO [main] org.apache.catalina.core.StandardService.startInternal Starting service [Catalina]
18-Feb-2022 08:52:44.426 INFO [main] org.apache.catalina.core.StandardEngine.startInternal Starting Servlet engine: [Apache Tomcat/10.0.13]
18-Feb-2022 08:52:44.487 INFO [main] org.apache.catalina.startup.HostConfig.deployDirectory Deploying web application directory [C:\Users\Mazzoleni.17108\Desktop\MazzoleniApache\apache-tomcat-10.0.13\webapps\appdb]
18-Feb-2022 08:52:45.491 INFO [main] org.apache.jasper.servlet.TldScanner.scanJars At least one JAR was scanned for TLDs yet contained no TLDs. Enable debug logging for this logger for a complete list of JARs that were scanned but no TLDs were found in them. Skipping unneeded JARs during scanning can improve startup time and JSP compilation time.
18-Feb-2022 08:52:45.742 WARNING [main] org.apache.catalina.util.SessionIdGeneratorBase.createSecureRandom Creation of SecureRandom instance for session ID generation using [SHA1PRNG] took [228] milliseconds.
18-Feb-2022 08:52:45.776 INFO [main] org.apache.catalina.startup.HostConfig.deployDirectory Deployment of web application directory [C:\Users\Mazzoleni.17108\Desktop\MazzoleniApache\apache-tomcat-10.0.13\webapps\appdb] has finished in [1,289] ms
18-Feb-2022 08:52:45.777 INFO [main] org.apache.catalina.startup.HostConfig.deployDirectory Deploying web application directory [C:\Users\Mazzoleni.17108\Desktop\MazzoleniApache\apache-tomcat-10.0.13\webapps\appdbmysql]
18-Feb-2022 08:52:46.180 INFO [main] org.apache.jasper.servlet.TldScanner.scanJars At least one JAR was scanned for TLDs yet contained no TLDs. Enable debug logging for this logger for a complete list of JARs that were scanned but no TLDs were found in them. Skipping unneeded JARs during scanning can improve startup time and JSP compilation time.
18-Feb-2022 08:52:46.189 INFO [main] org.apache.catalina.startup.HostConfig.deployDirectory Deployment of web application directory [C:\Users\Mazzoleni.17108\Desktop\MazzoleniApache\apache-tomcat-10.0.13\webapps\appdbmysql] has finished in [412] ms
18-Feb-2022 08:52:46.189 INFO [main] org.apache.catalina.startup.HostConfig.deployDirectory Deploying web application directory [C:\Users\Mazzoleni.17108\Desktop\MazzoleniApache\apache-tomcat-10.0.13\webapps\docs]
18-Feb-2022 08:52:46.222 INFO [main] org.apache.catalina.startup.HostConfig.deployDirectory Deployment of web application directory [C:\Users\Mazzoleni.17108\Desktop\MazzoleniApache\apache-tomcat-10.0.13\webapps\docs] has finished in [33] ms
18-Feb-2022 08:52:46.223 INFO [main] org.apache.catalina.startup.HostConfig.deployDirectory Deploying web application directory [C:\Users\Mazzoleni.17108\Desktop\MazzoleniApache\apache-tomcat-10.0.13\webapps\examples]
18-Feb-2022 08:52:46.711 INFO [main] org.apache.catalina.startup.HostConfig.deployDirectory Deployment of web application directory [C:\Users\Mazzoleni.17108\Desktop\MazzoleniApache\apache-tomcat-10.0.13\webapps\examples] has finished in [488] ms
18-Feb-2022 08:52:46.711 INFO [main] org.apache.catalina.startup.HostConfig.deployDirectory Deploying web application directory [C:\Users\Mazzoleni.17108\Desktop\MazzoleniApache\apache-tomcat-10.0.13\webapps\host-manager]
18-Feb-2022 08:52:46.764 INFO [main] org.apache.catalina.startup.HostConfig.deployDirectory Deployment of web application directory [C:\Users\Mazzoleni.17108\Desktop\MazzoleniApache\apache-tomcat-10.0.13\webapps\host-manager] has finished in [53] ms
18-Feb-2022 08:52:46.765 INFO [main] org.apache.catalina.startup.HostConfig.deployDirectory Deploying web application directory [C:\Users\Mazzoleni.17108\Desktop\MazzoleniApache\apache-tomcat-10.0.13\webapps\manager]
18-Feb-2022 08:52:46.826 INFO [main] org.apache.catalina.startup.HostConfig.deployDirectory Deployment of web application directory [C:\Users\Mazzoleni.17108\Desktop\MazzoleniApache\apache-tomcat-10.0.13\webapps\manager] has finished in [61] ms
18-Feb-2022 08:52:46.828 INFO [main] org.apache.catalina.startup.HostConfig.deployDirectory Deploying web application directory [C:\Users\Mazzoleni.17108\Desktop\MazzoleniApache\apache-tomcat-10.0.13\webapps\mazzoleniverifica]
18-Feb-2022 08:52:47.152 INFO [main] org.apache.jasper.servlet.TldScanner.scanJars At least one JAR was scanned for TLDs yet contained no TLDs. Enable debug logging for this logger for a complete list of JARs that were scanned but no TLDs were found in them. Skipping unneeded JARs during scanning can improve startup time and JSP compilation time.
18-Feb-2022 08:52:47.156 INFO [main] org.apache.catalina.startup.HostConfig.deployDirectory Deployment of web application directory [C:\Users\Mazzoleni.17108\Desktop\MazzoleniApache\apache-tomcat-10.0.13\webapps\mazzoleniverifica] has finished in [328] ms
18-Feb-2022 08:52:47.156 INFO [main] org.apache.catalina.startup.HostConfig.deployDirectory Deploying web application directory [C:\Users\Mazzoleni.17108\Desktop\MazzoleniApache\apache-tomcat-10.0.13\webapps\miapplicazione]
18-Feb-2022 08:52:47.200 INFO [main] org.apache.catalina.startup.HostConfig.deployDirectory Deployment of web application directory [C:\Users\Mazzoleni.17108\Desktop\MazzoleniApache\apache-tomcat-10.0.13\webapps\miapplicazione] has finished in [44] ms
18-Feb-2022 08:52:47.200 INFO [main] org.apache.catalina.startup.HostConfig.deployDirectory Deploying web application directory [C:\Users\Mazzoleni.17108\Desktop\MazzoleniApache\apache-tomcat-10.0.13\webapps\nomeutentepassword]
18-Feb-2022 08:52:47.243 INFO [main] org.apache.catalina.startup.HostConfig.deployDirectory Deployment of web application directory [C:\Users\Mazzoleni.17108\Desktop\MazzoleniApache\apache-tomcat-10.0.13\webapps\nomeutentepassword] has finished in [43] ms
18-Feb-2022 08:52:47.244 INFO [main] org.apache.catalina.startup.HostConfig.deployDirectory Deploying web application directory [C:\Users\Mazzoleni.17108\Desktop\MazzoleniApache\apache-tomcat-10.0.13\webapps\provadata]
18-Feb-2022 08:52:47.289 INFO [main] org.apache.catalina.startup.HostConfig.deployDirectory Deployment of web application directory [C:\Users\Mazzoleni.17108\Desktop\MazzoleniApache\apache-tomcat-10.0.13\webapps\provadata] has finished in [44] ms
18-Feb-2022 08:52:47.289 INFO [main] org.apache.catalina.startup.HostConfig.deployDirectory Deploying web application directory [C:\Users\Mazzoleni.17108\Desktop\MazzoleniApache\apache-tomcat-10.0.13\webapps\ROOT]
18-Feb-2022 08:52:47.320 INFO [main] org.apache.catalina.startup.HostConfig.deployDirectory Deployment of web application directory [C:\Users\Mazzoleni.17108\Desktop\MazzoleniApache\apache-tomcat-10.0.13\webapps\ROOT] has finished in [30] ms
18-Feb-2022 08:52:47.320 INFO [main] org.apache.catalina.startup.HostConfig.deployDirectory Deploying web application directory [C:\Users\Mazzoleni.17108\Desktop\MazzoleniApache\apache-tomcat-10.0.13\webapps\sesmysql]
18-Feb-2022 08:52:47.697 INFO [main] org.apache.jasper.servlet.TldScanner.scanJars At least one JAR was scanned for TLDs yet contained no TLDs. Enable debug logging for this logger for a complete list of JARs that were scanned but no TLDs were found in them. Skipping unneeded JARs during scanning can improve startup time and JSP compilation time.
18-Feb-2022 08:52:47.703 INFO [main] org.apache.catalina.startup.HostConfig.deployDirectory Deployment of web application directory [C:\Users\Mazzoleni.17108\Desktop\MazzoleniApache\apache-tomcat-10.0.13\webapps\sesmysql] has finished in [383] ms
18-Feb-2022 08:52:47.704 INFO [main] org.apache.catalina.startup.HostConfig.deployDirectory Deploying web application directory [C:\Users\Mazzoleni.17108\Desktop\MazzoleniApache\apache-tomcat-10.0.13\webapps\sesmysql2]
18-Feb-2022 08:52:48.093 INFO [main] org.apache.jasper.servlet.TldScanner.scanJars At least one JAR was scanned for TLDs yet contained no TLDs. Enable debug logging for this logger for a complete list of JARs that were scanned but no TLDs were found in them. Skipping unneeded JARs during scanning can improve startup time and JSP compilation time.
18-Feb-2022 08:52:48.097 INFO [main] org.apache.catalina.startup.HostConfig.deployDirectory Deployment of web application directory [C:\Users\Mazzoleni.17108\Desktop\MazzoleniApache\apache-tomcat-10.0.13\webapps\sesmysql2] has finished in [394] ms
18-Feb-2022 08:52:48.099 INFO [main] org.apache.catalina.startup.HostConfig.deployDirectory Deploying web application directory [C:\Users\Mazzoleni.17108\Desktop\MazzoleniApache\apache-tomcat-10.0.13\webapps\sessioni]
18-Feb-2022 08:52:48.142 INFO [main] org.apache.catalina.startup.HostConfig.deployDirectory Deployment of web application directory [C:\Users\Mazzoleni.17108\Desktop\MazzoleniApache\apache-tomcat-10.0.13\webapps\sessioni] has finished in [43] ms
18-Feb-2022 08:52:48.150 INFO [main] org.apache.coyote.AbstractProtocol.start Starting ProtocolHandler ["http-nio-8000"]
18-Feb-2022 08:52:48.339 INFO [main] org.apache.catalina.startup.Catalina.start Server startup in [4004] milliseconds
18-Feb-2022 09:44:28.496 INFO [main] org.apache.catalina.startup.VersionLoggerListener.log Server version name:   Apache Tomcat/10.0.13
18-Feb-2022 09:44:28.501 INFO [main] org.apache.catalina.startup.VersionLoggerListener.log Server built:          Nov 9 2021 22:12:58 UTC
18-Feb-2022 09:44:28.501 INFO [main] org.apache.catalina.startup.VersionLoggerListener.log Server version number: 10.0.13.0
18-Feb-2022 09:44:28.501 INFO [main] org.apache.catalina.startup.VersionLoggerListener.log OS Name:               Windows 10
18-Feb-2022 09:44:28.502 INFO [main] org.apache.catalina.startup.VersionLoggerListener.log OS Version:            10.0
18-Feb-2022 09:44:28.502 INFO [main] org.apache.catalina.startup.VersionLoggerListener.log Architecture:          amd64
18-Feb-2022 09:44:28.502 INFO [main] org.apache.catalina.startup.VersionLoggerListener.log Java Home:             C:\Program Files\Java\jdk-12.0.1
18-Feb-2022 09:44:28.502 INFO [main] org.apache.catalina.startup.VersionLoggerListener.log JVM Version:           12.0.1+12
18-Feb-2022 09:44:28.503 INFO [main] org.apache.catalina.startup.VersionLoggerListener.log JVM Vendor:            Oracle Corporation
18-Feb-2022 09:44:28.503 INFO [main] org.apache.catalina.startup.VersionLoggerListener.log CATALINA_BASE:         C:\Users\Mazzoleni.17108\Desktop\MazzoleniApache\apache-tomcat-10.0.13
18-Feb-2022 09:44:28.503 INFO [main] org.apache.catalina.startup.VersionLoggerListener.log CATALINA_HOME:         C:\Users\Mazzoleni.17108\Desktop\MazzoleniApache\apache-tomcat-10.0.13
18-Feb-2022 09:44:28.513 INFO [main] org.apache.catalina.startup.VersionLoggerListener.log Command line argument: --add-opens=java.base/java.lang=ALL-UNNAMED
18-Feb-2022 09:44:28.514 INFO [main] org.apache.catalina.startup.VersionLoggerListener.log Command line argument: --add-opens=java.base/java.io=ALL-UNNAMED
18-Feb-2022 09:44:28.514 INFO [main] org.apache.catalina.startup.VersionLoggerListener.log Command line argument: --add-opens=java.base/java.util=ALL-UNNAMED
18-Feb-2022 09:44:28.514 INFO [main] org.apache.catalina.startup.VersionLoggerListener.log Command line argument: --add-opens=java.base/java.util.concurrent=ALL-UNNAMED
18-Feb-2022 09:44:28.514 INFO [main] org.apache.catalina.startup.VersionLoggerListener.log Command line argument: --add-opens=java.rmi/sun.rmi.transport=ALL-UNNAMED
18-Feb-2022 09:44:28.515 INFO [main] org.apache.catalina.startup.VersionLoggerListener.log Command line argument: -Djava.util.logging.config.file=C:\Users\Mazzoleni.17108\Desktop\MazzoleniApache\apache-tomcat-10.0.13\conf\logging.properties
18-Feb-2022 09:44:28.516 INFO [main] org.apache.catalina.startup.VersionLoggerListener.log Command line argument: -Djava.util.logging.manager=org.apache.juli.ClassLoaderLogManager
18-Feb-2022 09:44:28.516 INFO [main] org.apache.catalina.startup.VersionLoggerListener.log Command line argument: -Djdk.tls.ephemeralDHKeySize=2048
18-Feb-2022 09:44:28.517 INFO [main] org.apache.catalina.startup.VersionLoggerListener.log Command line argument: -Djava.protocol.handler.pkgs=org.apache.catalina.webresources
18-Feb-2022 09:44:28.519 INFO [main] org.apache.catalina.startup.VersionLoggerListener.log Command line argument: -Dignore.endorsed.dirs=
18-Feb-2022 09:44:28.520 INFO [main] org.apache.catalina.startup.VersionLoggerListener.log Command line argument: -Dcatalina.base=C:\Users\Mazzoleni.17108\Desktop\MazzoleniApache\apache-tomcat-10.0.13
18-Feb-2022 09:44:28.520 INFO [main] org.apache.catalina.startup.VersionLoggerListener.log Command line argument: -Dcatalina.home=C:\Users\Mazzoleni.17108\Desktop\MazzoleniApache\apache-tomcat-10.0.13
18-Feb-2022 09:44:28.520 INFO [main] org.apache.catalina.startup.VersionLoggerListener.log Command line argument: -Djava.io.tmpdir=C:\Users\Mazzoleni.17108\Desktop\MazzoleniApache\apache-tomcat-10.0.13\temp
18-Feb-2022 09:44:28.527 INFO [main] org.apache.catalina.core.AprLifecycleListener.lifecycleEvent The Apache Tomcat Native library which allows using OpenSSL was not found on the java.library.path: [C:\Program Files\Java\jdk-12.0.1\bin;C:\WINDOWS\Sun\Java\bin;C:\WINDOWS\system32;C:\WINDOWS;C:\Program Files\Microsoft\jdk-11.0.12.7-hotspot\bin;C:\Python310\Scripts\;C:\Python310\;C:\Program Files (x86)\Common Files\Oracle\Java\javapath;C:\ProgramData\Oracle\Java\javapath;C:\WINDOWS\system32;C:\WINDOWS;C:\WINDOWS\System32\Wbem;C:\WINDOWS\System32\WindowsPowerShell\v1.0\;C:\WINDOWS\System32\OpenSSH\;C:\Users\falciano\.dnx\bin;C:\Program Files\Microsoft DNX\Dnvm\;C:\Program Files\Microsoft SQL Server\120\Tools\Binn\;C:\Program Files\Microsoft SQL Server\130\Tools\Binn\;C:\Program Files\dotnet\;C:\Program Files\Microsoft SQL Server\Client SDK\ODBC\170\Tools\Binn\;C:\Go\bin;C:\xampp\php;C:\composer;C:\Program Files\Git\cmd;C:\Program Files\nodejs\;C:\ProgramData\chocolatey\bin;C:\Program Files\Microsoft SQL Server\150\Tools\Binn\;C:\Program Files (x86)\dotnet\;C:\Users\Mazzoleni.17108\AppData\Local\Microsoft\WindowsApps;;.]
18-Feb-2022 09:44:28.814 INFO [main] org.apache.coyote.AbstractProtocol.init Initializing ProtocolHandler ["http-nio-8000"]
18-Feb-2022 09:44:28.839 INFO [main] org.apache.catalina.startup.Catalina.load Server initialization in [535] milliseconds
18-Feb-2022 09:44:28.888 INFO [main] org.apache.catalina.core.StandardService.startInternal Starting service [Catalina]
18-Feb-2022 09:44:28.889 INFO [main] org.apache.catalina.core.StandardEngine.startInternal Starting Servlet engine: [Apache Tomcat/10.0.13]
18-Feb-2022 09:44:28.900 INFO [main] org.apache.catalina.startup.HostConfig.deployDirectory Deploying web application directory [C:\Users\Mazzoleni.17108\Desktop\MazzoleniApache\apache-tomcat-10.0.13\webapps\appdb]
18-Feb-2022 09:44:29.503 INFO [main] org.apache.jasper.servlet.TldScanner.scanJars At least one JAR was scanned for TLDs yet contained no TLDs. Enable debug logging for this logger for a complete list of JARs that were scanned but no TLDs were found in them. Skipping unneeded JARs during scanning can improve startup time and JSP compilation time.
18-Feb-2022 09:44:29.693 WARNING [main] org.apache.catalina.util.SessionIdGeneratorBase.createSecureRandom Creation of SecureRandom instance for session ID generation using [SHA1PRNG] took [167] milliseconds.
18-Feb-2022 09:44:29.714 INFO [main] org.apache.catalina.startup.HostConfig.deployDirectory Deployment of web application directory [C:\Users\Mazzoleni.17108\Desktop\MazzoleniApache\apache-tomcat-10.0.13\webapps\appdb] has finished in [814] ms
18-Feb-2022 09:44:29.715 INFO [main] org.apache.catalina.startup.HostConfig.deployDirectory Deploying web application directory [C:\Users\Mazzoleni.17108\Desktop\MazzoleniApache\apache-tomcat-10.0.13\webapps\appdbmysql]
18-Feb-2022 09:44:30.169 INFO [main] org.apache.jasper.servlet.TldScanner.scanJars At least one JAR was scanned for TLDs yet contained no TLDs. Enable debug logging for this logger for a complete list of JARs that were scanned but no TLDs were found in them. Skipping unneeded JARs during scanning can improve startup time and JSP compilation time.
18-Feb-2022 09:44:30.177 INFO [main] org.apache.catalina.startup.HostConfig.deployDirectory Deployment of web application directory [C:\Users\Mazzoleni.17108\Desktop\MazzoleniApache\apache-tomcat-10.0.13\webapps\appdbmysql] has finished in [462] ms
18-Feb-2022 09:44:30.177 INFO [main] org.apache.catalina.startup.HostConfig.deployDirectory Deploying web application directory [C:\Users\Mazzoleni.17108\Desktop\MazzoleniApache\apache-tomcat-10.0.13\webapps\docs]
18-Feb-2022 09:44:30.206 INFO [main] org.apache.catalina.startup.HostConfig.deployDirectory Deployment of web application directory [C:\Users\Mazzoleni.17108\Desktop\MazzoleniApache\apache-tomcat-10.0.13\webapps\docs] has finished in [29] ms
18-Feb-2022 09:44:30.206 INFO [main] org.apache.catalina.startup.HostConfig.deployDirectory Deploying web application directory [C:\Users\Mazzoleni.17108\Desktop\MazzoleniApache\apache-tomcat-10.0.13\webapps\examples]
18-Feb-2022 09:44:30.693 INFO [main] org.apache.catalina.startup.HostConfig.deployDirectory Deployment of web application directory [C:\Users\Mazzoleni.17108\Desktop\MazzoleniApache\apache-tomcat-10.0.13\webapps\examples] has finished in [487] ms
18-Feb-2022 09:44:30.694 INFO [main] org.apache.catalina.startup.HostConfig.deployDirectory Deploying web application directory [C:\Users\Mazzoleni.17108\Desktop\MazzoleniApache\apache-tomcat-10.0.13\webapps\host-manager]
18-Feb-2022 09:44:30.748 INFO [main] org.apache.catalina.startup.HostConfig.deployDirectory Deployment of web application directory [C:\Users\Mazzoleni.17108\Desktop\MazzoleniApache\apache-tomcat-10.0.13\webapps\host-manager] has finished in [53] ms
18-Feb-2022 09:44:30.748 INFO [main] org.apache.catalina.startup.HostConfig.deployDirectory Deploying web application directory [C:\Users\Mazzoleni.17108\Desktop\MazzoleniApache\apache-tomcat-10.0.13\webapps\manager]
18-Feb-2022 09:44:30.803 INFO [main] org.apache.catalina.startup.HostConfig.deployDirectory Deployment of web application directory [C:\Users\Mazzoleni.17108\Desktop\MazzoleniApache\apache-tomcat-10.0.13\webapps\manager] has finished in [55] ms
18-Feb-2022 09:44:30.804 INFO [main] org.apache.catalina.startup.HostConfig.deployDirectory Deploying web application directory [C:\Users\Mazzoleni.17108\Desktop\MazzoleniApache\apache-tomcat-10.0.13\webapps\mazzoleniverifica]
18-Feb-2022 09:44:31.153 INFO [main] org.apache.jasper.servlet.TldScanner.scanJars At least one JAR was scanned for TLDs yet contained no TLDs. Enable debug logging for this logger for a complete list of JARs that were scanned but no TLDs were found in them. Skipping unneeded JARs during scanning can improve startup time and JSP compilation time.
18-Feb-2022 09:44:31.157 INFO [main] org.apache.catalina.startup.HostConfig.deployDirectory Deployment of web application directory [C:\Users\Mazzoleni.17108\Desktop\MazzoleniApache\apache-tomcat-10.0.13\webapps\mazzoleniverifica] has finished in [354] ms
18-Feb-2022 09:44:31.158 INFO [main] org.apache.catalina.startup.HostConfig.deployDirectory Deploying web application directory [C:\Users\Mazzoleni.17108\Desktop\MazzoleniApache\apache-tomcat-10.0.13\webapps\miapplicazione]
18-Feb-2022 09:44:31.199 INFO [main] org.apache.catalina.startup.HostConfig.deployDirectory Deployment of web application directory [C:\Users\Mazzoleni.17108\Desktop\MazzoleniApache\apache-tomcat-10.0.13\webapps\miapplicazione] has finished in [42] ms
18-Feb-2022 09:44:31.203 INFO [main] org.apache.catalina.startup.HostConfig.deployDirectory Deploying web application directory [C:\Users\Mazzoleni.17108\Desktop\MazzoleniApache\apache-tomcat-10.0.13\webapps\nomeutentepassword]
18-Feb-2022 09:44:31.244 INFO [main] org.apache.catalina.startup.HostConfig.deployDirectory Deployment of web application directory [C:\Users\Mazzoleni.17108\Desktop\MazzoleniApache\apache-tomcat-10.0.13\webapps\nomeutentepassword] has finished in [42] ms
18-Feb-2022 09:44:31.244 INFO [main] org.apache.catalina.startup.HostConfig.deployDirectory Deploying web application directory [C:\Users\Mazzoleni.17108\Desktop\MazzoleniApache\apache-tomcat-10.0.13\webapps\provadata]
18-Feb-2022 09:44:31.287 INFO [main] org.apache.catalina.startup.HostConfig.deployDirectory Deployment of web application directory [C:\Users\Mazzoleni.17108\Desktop\MazzoleniApache\apache-tomcat-10.0.13\webapps\provadata] has finished in [43] ms
18-Feb-2022 09:44:31.288 INFO [main] org.apache.catalina.startup.HostConfig.deployDirectory Deploying web application directory [C:\Users\Mazzoleni.17108\Desktop\MazzoleniApache\apache-tomcat-10.0.13\webapps\ROOT]
18-Feb-2022 09:44:31.325 INFO [main] org.apache.catalina.startup.HostConfig.deployDirectory Deployment of web application directory [C:\Users\Mazzoleni.17108\Desktop\MazzoleniApache\apache-tomcat-10.0.13\webapps\ROOT] has finished in [36] ms
18-Feb-2022 09:44:31.325 INFO [main] org.apache.catalina.startup.HostConfig.deployDirectory Deploying web application directory [C:\Users\Mazzoleni.17108\Desktop\MazzoleniApache\apache-tomcat-10.0.13\webapps\sesmysql]
18-Feb-2022 09:44:31.737 INFO [main] org.apache.jasper.servlet.TldScanner.scanJars At least one JAR was scanned for TLDs yet contained no TLDs. Enable debug logging for this logger for a complete list of JARs that were scanned but no TLDs were found in them. Skipping unneeded JARs during scanning can improve startup time and JSP compilation time.
18-Feb-2022 09:44:31.743 INFO [main] org.apache.catalina.startup.HostConfig.deployDirectory Deployment of web application directory [C:\Users\Mazzoleni.17108\Desktop\MazzoleniApache\apache-tomcat-10.0.13\webapps\sesmysql] has finished in [418] ms
18-Feb-2022 09:44:31.744 INFO [main] org.apache.catalina.startup.HostConfig.deployDirectory Deploying web application directory [C:\Users\Mazzoleni.17108\Desktop\MazzoleniApache\apache-tomcat-10.0.13\webapps\sesmysql2]
18-Feb-2022 09:44:32.157 INFO [main] org.apache.jasper.servlet.TldScanner.scanJars At least one JAR was scanned for TLDs yet contained no TLDs. Enable debug logging for this logger for a complete list of JARs that were scanned but no TLDs were found in them. Skipping unneeded JARs during scanning can improve startup time and JSP compilation time.
18-Feb-2022 09:44:32.161 INFO [main] org.apache.catalina.startup.HostConfig.deployDirectory Deployment of web application directory [C:\Users\Mazzoleni.17108\Desktop\MazzoleniApache\apache-tomcat-10.0.13\webapps\sesmysql2] has finished in [417] ms
18-Feb-2022 09:44:32.162 INFO [main] org.apache.catalina.startup.HostConfig.deployDirectory Deploying web application directory [C:\Users\Mazzoleni.17108\Desktop\MazzoleniApache\apache-tomcat-10.0.13\webapps\sessioni]
18-Feb-2022 09:44:32.205 INFO [main] org.apache.catalina.startup.HostConfig.deployDirectory Deployment of web application directory [C:\Users\Mazzoleni.17108\Desktop\MazzoleniApache\apache-tomcat-10.0.13\webapps\sessioni] has finished in [43] ms
18-Feb-2022 09:44:32.210 INFO [main] org.apache.coyote.AbstractProtocol.start Starting ProtocolHandler ["http-nio-8000"]
18-Feb-2022 09:44:32.378 INFO [main] org.apache.catalina.startup.Catalina.start Server startup in [3538] milliseconds
18-Feb-2022 09:46:12.954 INFO [main] org.apache.catalina.startup.VersionLoggerListener.log Server version name:   Apache Tomcat/10.0.13
18-Feb-2022 09:46:12.959 INFO [main] org.apache.catalina.startup.VersionLoggerListener.log Server built:          Nov 9 2021 22:12:58 UTC
18-Feb-2022 09:46:12.959 INFO [main] org.apache.catalina.startup.VersionLoggerListener.log Server version number: 10.0.13.0
18-Feb-2022 09:46:12.959 INFO [main] org.apache.catalina.startup.VersionLoggerListener.log OS Name:               Windows 10
18-Feb-2022 09:46:12.959 INFO [main] org.apache.catalina.startup.VersionLoggerListener.log OS Version:            10.0
18-Feb-2022 09:46:12.959 INFO [main] org.apache.catalina.startup.VersionLoggerListener.log Architecture:          amd64
18-Feb-2022 09:46:12.960 INFO [main] org.apache.catalina.startup.VersionLoggerListener.log Java Home:             C:\Program Files\Java\jdk-12.0.1
18-Feb-2022 09:46:12.960 INFO [main] org.apache.catalina.startup.VersionLoggerListener.log JVM Version:           12.0.1+12
18-Feb-2022 09:46:12.960 INFO [main] org.apache.catalina.startup.VersionLoggerListener.log JVM Vendor:            Oracle Corporation
18-Feb-2022 09:46:12.961 INFO [main] org.apache.catalina.startup.VersionLoggerListener.log CATALINA_BASE:         C:\Users\Mazzoleni.17108\Desktop\MazzoleniApache\apache-tomcat-10.0.13
18-Feb-2022 09:46:12.961 INFO [main] org.apache.catalina.startup.VersionLoggerListener.log CATALINA_HOME:         C:\Users\Mazzoleni.17108\Desktop\MazzoleniApache\apache-tomcat-10.0.13
18-Feb-2022 09:46:12.972 INFO [main] org.apache.catalina.startup.VersionLoggerListener.log Command line argument: --add-opens=java.base/java.lang=ALL-UNNAMED
18-Feb-2022 09:46:12.972 INFO [main] org.apache.catalina.startup.VersionLoggerListener.log Command line argument: --add-opens=java.base/java.io=ALL-UNNAMED
18-Feb-2022 09:46:12.973 INFO [main] org.apache.catalina.startup.VersionLoggerListener.log Command line argument: --add-opens=java.base/java.util=ALL-UNNAMED
18-Feb-2022 09:46:12.973 INFO [main] org.apache.catalina.startup.VersionLoggerListener.log Command line argument: --add-opens=java.base/java.util.concurrent=ALL-UNNAMED
18-Feb-2022 09:46:12.974 INFO [main] org.apache.catalina.startup.VersionLoggerListener.log Command line argument: --add-opens=java.rmi/sun.rmi.transport=ALL-UNNAMED
18-Feb-2022 09:46:12.974 INFO [main] org.apache.catalina.startup.VersionLoggerListener.log Command line argument: -Djava.util.logging.config.file=C:\Users\Mazzoleni.17108\Desktop\MazzoleniApache\apache-tomcat-10.0.13\conf\logging.properties
18-Feb-2022 09:46:12.974 INFO [main] org.apache.catalina.startup.VersionLoggerListener.log Command line argument: -Djava.util.logging.manager=org.apache.juli.ClassLoaderLogManager
18-Feb-2022 09:46:12.974 INFO [main] org.apache.catalina.startup.VersionLoggerListener.log Command line argument: -Djdk.tls.ephemeralDHKeySize=2048
18-Feb-2022 09:46:12.975 INFO [main] org.apache.catalina.startup.VersionLoggerListener.log Command line argument: -Djava.protocol.handler.pkgs=org.apache.catalina.webresources
18-Feb-2022 09:46:12.975 INFO [main] org.apache.catalina.startup.VersionLoggerListener.log Command line argument: -Dignore.endorsed.dirs=
18-Feb-2022 09:46:12.975 INFO [main] org.apache.catalina.startup.VersionLoggerListener.log Command line argument: -Dcatalina.base=C:\Users\Mazzoleni.17108\Desktop\MazzoleniApache\apache-tomcat-10.0.13
18-Feb-2022 09:46:12.976 INFO [main] org.apache.catalina.startup.VersionLoggerListener.log Command line argument: -Dcatalina.home=C:\Users\Mazzoleni.17108\Desktop\MazzoleniApache\apache-tomcat-10.0.13
18-Feb-2022 09:46:12.976 INFO [main] org.apache.catalina.startup.VersionLoggerListener.log Command line argument: -Djava.io.tmpdir=C:\Users\Mazzoleni.17108\Desktop\MazzoleniApache\apache-tomcat-10.0.13\temp
18-Feb-2022 09:46:12.982 INFO [main] org.apache.catalina.core.AprLifecycleListener.lifecycleEvent The Apache Tomcat Native library which allows using OpenSSL was not found on the java.library.path: [C:\Program Files\Java\jdk-12.0.1\bin;C:\WINDOWS\Sun\Java\bin;C:\WINDOWS\system32;C:\WINDOWS;C:\Program Files\Microsoft\jdk-11.0.12.7-hotspot\bin;C:\Python310\Scripts\;C:\Python310\;C:\Program Files (x86)\Common Files\Oracle\Java\javapath;C:\ProgramData\Oracle\Java\javapath;C:\WINDOWS\system32;C:\WINDOWS;C:\WINDOWS\System32\Wbem;C:\WINDOWS\System32\WindowsPowerShell\v1.0\;C:\WINDOWS\System32\OpenSSH\;C:\Users\falciano\.dnx\bin;C:\Program Files\Microsoft DNX\Dnvm\;C:\Program Files\Microsoft SQL Server\120\Tools\Binn\;C:\Program Files\Microsoft SQL Server\130\Tools\Binn\;C:\Program Files\dotnet\;C:\Program Files\Microsoft SQL Server\Client SDK\ODBC\170\Tools\Binn\;C:\Go\bin;C:\xampp\php;C:\composer;C:\Program Files\Git\cmd;C:\Program Files\nodejs\;C:\ProgramData\chocolatey\bin;C:\Program Files\Microsoft SQL Server\150\Tools\Binn\;C:\Program Files (x86)\dotnet\;C:\Users\Mazzoleni.17108\AppData\Local\Microsoft\WindowsApps;;.]
18-Feb-2022 09:46:13.262 INFO [main] org.apache.coyote.AbstractProtocol.init Initializing ProtocolHandler ["http-nio-8000"]
18-Feb-2022 09:46:13.290 INFO [main] org.apache.catalina.startup.Catalina.load Server initialization in [560] milliseconds
18-Feb-2022 09:46:13.348 INFO [main] org.apache.catalina.core.StandardService.startInternal Starting service [Catalina]
18-Feb-2022 09:46:13.350 INFO [main] org.apache.catalina.core.StandardEngine.startInternal Starting Servlet engine: [Apache Tomcat/10.0.13]
18-Feb-2022 09:46:13.361 INFO [main] org.apache.catalina.startup.HostConfig.deployDirectory Deploying web application directory [C:\Users\Mazzoleni.17108\Desktop\MazzoleniApache\apache-tomcat-10.0.13\webapps\appdb]
18-Feb-2022 09:46:13.961 INFO [main] org.apache.jasper.servlet.TldScanner.scanJars At least one JAR was scanned for TLDs yet contained no TLDs. Enable debug logging for this logger for a complete list of JARs that were scanned but no TLDs were found in them. Skipping unneeded JARs during scanning can improve startup time and JSP compilation time.
18-Feb-2022 09:46:14.148 WARNING [main] org.apache.catalina.util.SessionIdGeneratorBase.createSecureRandom Creation of SecureRandom instance for session ID generation using [SHA1PRNG] took [164] milliseconds.
18-Feb-2022 09:46:14.169 INFO [main] org.apache.catalina.startup.HostConfig.deployDirectory Deployment of web application directory [C:\Users\Mazzoleni.17108\Desktop\MazzoleniApache\apache-tomcat-10.0.13\webapps\appdb] has finished in [808] ms
18-Feb-2022 09:46:14.170 INFO [main] org.apache.catalina.startup.HostConfig.deployDirectory Deploying web application directory [C:\Users\Mazzoleni.17108\Desktop\MazzoleniApache\apache-tomcat-10.0.13\webapps\appdbmysql]
18-Feb-2022 09:46:14.596 INFO [main] org.apache.jasper.servlet.TldScanner.scanJars At least one JAR was scanned for TLDs yet contained no TLDs. Enable debug logging for this logger for a complete list of JARs that were scanned but no TLDs were found in them. Skipping unneeded JARs during scanning can improve startup time and JSP compilation time.
18-Feb-2022 09:46:14.605 INFO [main] org.apache.catalina.startup.HostConfig.deployDirectory Deployment of web application directory [C:\Users\Mazzoleni.17108\Desktop\MazzoleniApache\apache-tomcat-10.0.13\webapps\appdbmysql] has finished in [436] ms
18-Feb-2022 09:46:14.606 INFO [main] org.apache.catalina.startup.HostConfig.deployDirectory Deploying web application directory [C:\Users\Mazzoleni.17108\Desktop\MazzoleniApache\apache-tomcat-10.0.13\webapps\docs]
18-Feb-2022 09:46:14.634 INFO [main] org.apache.catalina.startup.HostConfig.deployDirectory Deployment of web application directory [C:\Users\Mazzoleni.17108\Desktop\MazzoleniApache\apache-tomcat-10.0.13\webapps\docs] has finished in [28] ms
18-Feb-2022 09:46:14.636 INFO [main] org.apache.catalina.startup.HostConfig.deployDirectory Deploying web application directory [C:\Users\Mazzoleni.17108\Desktop\MazzoleniApache\apache-tomcat-10.0.13\webapps\examples]
18-Feb-2022 09:46:15.127 INFO [main] org.apache.catalina.startup.HostConfig.deployDirectory Deployment of web application directory [C:\Users\Mazzoleni.17108\Desktop\MazzoleniApache\apache-tomcat-10.0.13\webapps\examples] has finished in [491] ms
18-Feb-2022 09:46:15.128 INFO [main] org.apache.catalina.startup.HostConfig.deployDirectory Deploying web application directory [C:\Users\Mazzoleni.17108\Desktop\MazzoleniApache\apache-tomcat-10.0.13\webapps\host-manager]
18-Feb-2022 09:46:15.173 INFO [main] org.apache.catalina.startup.HostConfig.deployDirectory Deployment of web application directory [C:\Users\Mazzoleni.17108\Desktop\MazzoleniApache\apache-tomcat-10.0.13\webapps\host-manager] has finished in [45] ms
18-Feb-2022 09:46:15.173 INFO [main] org.apache.catalina.startup.HostConfig.deployDirectory Deploying web application directory [C:\Users\Mazzoleni.17108\Desktop\MazzoleniApache\apache-tomcat-10.0.13\webapps\manager]
18-Feb-2022 09:46:15.221 INFO [main] org.apache.catalina.startup.HostConfig.deployDirectory Deployment of web application directory [C:\Users\Mazzoleni.17108\Desktop\MazzoleniApache\apache-tomcat-10.0.13\webapps\manager] has finished in [47] ms
18-Feb-2022 09:46:15.221 INFO [main] org.apache.catalina.startup.HostConfig.deployDirectory Deploying web application directory [C:\Users\Mazzoleni.17108\Desktop\MazzoleniApache\apache-tomcat-10.0.13\webapps\mazzoleniverifica]
18-Feb-2022 09:46:15.538 INFO [main] org.apache.jasper.servlet.TldScanner.scanJars At least one JAR was scanned for TLDs yet contained no TLDs. Enable debug logging for this logger for a complete list of JARs that were scanned but no TLDs were found in them. Skipping unneeded JARs during scanning can improve startup time and JSP compilation time.
18-Feb-2022 09:46:15.542 INFO [main] org.apache.catalina.startup.HostConfig.deployDirectory Deployment of web application directory [C:\Users\Mazzoleni.17108\Desktop\MazzoleniApache\apache-tomcat-10.0.13\webapps\mazzoleniverifica] has finished in [321] ms
18-Feb-2022 09:46:15.543 INFO [main] org.apache.catalina.startup.HostConfig.deployDirectory Deploying web application directory [C:\Users\Mazzoleni.17108\Desktop\MazzoleniApache\apache-tomcat-10.0.13\webapps\miapplicazione]
18-Feb-2022 09:46:15.585 INFO [main] org.apache.catalina.startup.HostConfig.deployDirectory Deployment of web application directory [C:\Users\Mazzoleni.17108\Desktop\MazzoleniApache\apache-tomcat-10.0.13\webapps\miapplicazione] has finished in [43] ms
18-Feb-2022 09:46:15.585 INFO [main] org.apache.catalina.startup.HostConfig.deployDirectory Deploying web application directory [C:\Users\Mazzoleni.17108\Desktop\MazzoleniApache\apache-tomcat-10.0.13\webapps\nomeutentepassword]
18-Feb-2022 09:46:15.626 INFO [main] org.apache.catalina.startup.HostConfig.deployDirectory Deployment of web application directory [C:\Users\Mazzoleni.17108\Desktop\MazzoleniApache\apache-tomcat-10.0.13\webapps\nomeutentepassword] has finished in [40] ms
18-Feb-2022 09:46:15.626 INFO [main] org.apache.catalina.startup.HostConfig.deployDirectory Deploying web application directory [C:\Users\Mazzoleni.17108\Desktop\MazzoleniApache\apache-tomcat-10.0.13\webapps\provadata]
18-Feb-2022 09:46:15.663 INFO [main] org.apache.catalina.startup.HostConfig.deployDirectory Deployment of web application directory [C:\Users\Mazzoleni.17108\Desktop\MazzoleniApache\apache-tomcat-10.0.13\webapps\provadata] has finished in [37] ms
18-Feb-2022 09:46:15.664 INFO [main] org.apache.catalina.startup.HostConfig.deployDirectory Deploying web application directory [C:\Users\Mazzoleni.17108\Desktop\MazzoleniApache\apache-tomcat-10.0.13\webapps\ROOT]
18-Feb-2022 09:46:15.692 INFO [main] org.apache.catalina.startup.HostConfig.deployDirectory Deployment of web application directory [C:\Users\Mazzoleni.17108\Desktop\MazzoleniApache\apache-tomcat-10.0.13\webapps\ROOT] has finished in [28] ms
18-Feb-2022 09:46:15.692 INFO [main] org.apache.catalina.startup.HostConfig.deployDirectory Deploying web application directory [C:\Users\Mazzoleni.17108\Desktop\MazzoleniApache\apache-tomcat-10.0.13\webapps\sesmysql]
18-Feb-2022 09:46:16.053 INFO [main] org.apache.jasper.servlet.TldScanner.scanJars At least one JAR was scanned for TLDs yet contained no TLDs. Enable debug logging for this logger for a complete list of JARs that were scanned but no TLDs were found in them. Skipping unneeded JARs during scanning can improve startup time and JSP compilation time.
18-Feb-2022 09:46:16.057 INFO [main] org.apache.catalina.startup.HostConfig.deployDirectory Deployment of web application directory [C:\Users\Mazzoleni.17108\Desktop\MazzoleniApache\apache-tomcat-10.0.13\webapps\sesmysql] has finished in [365] ms
18-Feb-2022 09:46:16.059 INFO [main] org.apache.catalina.startup.HostConfig.deployDirectory Deploying web application directory [C:\Users\Mazzoleni.17108\Desktop\MazzoleniApache\apache-tomcat-10.0.13\webapps\sesmysql2]
18-Feb-2022 09:46:16.457 INFO [main] org.apache.jasper.servlet.TldScanner.scanJars At least one JAR was scanned for TLDs yet contained no TLDs. Enable debug logging for this logger for a complete list of JARs that were scanned but no TLDs were found in them. Skipping unneeded JARs during scanning can improve startup time and JSP compilation time.
18-Feb-2022 09:46:16.461 INFO [main] org.apache.catalina.startup.HostConfig.deployDirectory Deployment of web application directory [C:\Users\Mazzoleni.17108\Desktop\MazzoleniApache\apache-tomcat-10.0.13\webapps\sesmysql2] has finished in [403] ms
18-Feb-2022 09:46:16.463 INFO [main] org.apache.catalina.startup.HostConfig.deployDirectory Deploying web application directory [C:\Users\Mazzoleni.17108\Desktop\MazzoleniApache\apache-tomcat-10.0.13\webapps\sessioni]
18-Feb-2022 09:46:16.515 INFO [main] org.apache.catalina.startup.HostConfig.deployDirectory Deployment of web application directory [C:\Users\Mazzoleni.17108\Desktop\MazzoleniApache\apache-tomcat-10.0.13\webapps\sessioni] has finished in [53] ms
18-Feb-2022 09:46:16.522 INFO [main] org.apache.coyote.AbstractProtocol.start Starting ProtocolHandler ["http-nio-8000"]
18-Feb-2022 09:46:16.717 INFO [main] org.apache.catalina.startup.Catalina.start Server startup in [3425] milliseconds
18-Feb-2022 09:47:38.719 INFO [main] org.apache.catalina.startup.VersionLoggerListener.log Server version name:   Apache Tomcat/10.0.13
18-Feb-2022 09:47:38.723 INFO [main] org.apache.catalina.startup.VersionLoggerListener.log Server built:          Nov 9 2021 22:12:58 UTC
18-Feb-2022 09:47:38.724 INFO [main] org.apache.catalina.startup.VersionLoggerListener.log Server version number: 10.0.13.0
18-Feb-2022 09:47:38.724 INFO [main] org.apache.catalina.startup.VersionLoggerListener.log OS Name:               Windows 10
18-Feb-2022 09:47:38.724 INFO [main] org.apache.catalina.startup.VersionLoggerListener.log OS Version:            10.0
18-Feb-2022 09:47:38.724 INFO [main] org.apache.catalina.startup.VersionLoggerListener.log Architecture:          amd64
18-Feb-2022 09:47:38.724 INFO [main] org.apache.catalina.startup.VersionLoggerListener.log Java Home:             C:\Program Files\Java\jdk-12.0.1
18-Feb-2022 09:47:38.725 INFO [main] org.apache.catalina.startup.VersionLoggerListener.log JVM Version:           12.0.1+12
18-Feb-2022 09:47:38.725 INFO [main] org.apache.catalina.startup.VersionLoggerListener.log JVM Vendor:            Oracle Corporation
18-Feb-2022 09:47:38.726 INFO [main] org.apache.catalina.startup.VersionLoggerListener.log CATALINA_BASE:         C:\Users\Mazzoleni.17108\Desktop\MazzoleniApache\apache-tomcat-10.0.13
18-Feb-2022 09:47:38.726 INFO [main] org.apache.catalina.startup.VersionLoggerListener.log CATALINA_HOME:         C:\Users\Mazzoleni.17108\Desktop\MazzoleniApache\apache-tomcat-10.0.13
18-Feb-2022 09:47:38.736 INFO [main] org.apache.catalina.startup.VersionLoggerListener.log Command line argument: --add-opens=java.base/java.lang=ALL-UNNAMED
18-Feb-2022 09:47:38.737 INFO [main] org.apache.catalina.startup.VersionLoggerListener.log Command line argument: --add-opens=java.base/java.io=ALL-UNNAMED
18-Feb-2022 09:47:38.737 INFO [main] org.apache.catalina.startup.VersionLoggerListener.log Command line argument: --add-opens=java.base/java.util=ALL-UNNAMED
18-Feb-2022 09:47:38.738 INFO [main] org.apache.catalina.startup.VersionLoggerListener.log Command line argument: --add-opens=java.base/java.util.concurrent=ALL-UNNAMED
18-Feb-2022 09:47:38.738 INFO [main] org.apache.catalina.startup.VersionLoggerListener.log Command line argument: --add-opens=java.rmi/sun.rmi.transport=ALL-UNNAMED
18-Feb-2022 09:47:38.738 INFO [main] org.apache.catalina.startup.VersionLoggerListener.log Command line argument: -Djava.util.logging.config.file=C:\Users\Mazzoleni.17108\Desktop\MazzoleniApache\apache-tomcat-10.0.13\conf\logging.properties
18-Feb-2022 09:47:38.739 INFO [main] org.apache.catalina.startup.VersionLoggerListener.log Command line argument: -Djava.util.logging.manager=org.apache.juli.ClassLoaderLogManager
18-Feb-2022 09:47:38.739 INFO [main] org.apache.catalina.startup.VersionLoggerListener.log Command line argument: -Djdk.tls.ephemeralDHKeySize=2048
18-Feb-2022 09:47:38.739 INFO [main] org.apache.catalina.startup.VersionLoggerListener.log Command line argument: -Djava.protocol.handler.pkgs=org.apache.catalina.webresources
18-Feb-2022 09:47:38.740 INFO [main] org.apache.catalina.startup.VersionLoggerListener.log Command line argument: -Dignore.endorsed.dirs=
18-Feb-2022 09:47:38.740 INFO [main] org.apache.catalina.startup.VersionLoggerListener.log Command line argument: -Dcatalina.base=C:\Users\Mazzoleni.17108\Desktop\MazzoleniApache\apache-tomcat-10.0.13
18-Feb-2022 09:47:38.740 INFO [main] org.apache.catalina.startup.VersionLoggerListener.log Command line argument: -Dcatalina.home=C:\Users\Mazzoleni.17108\Desktop\MazzoleniApache\apache-tomcat-10.0.13
18-Feb-2022 09:47:38.741 INFO [main] org.apache.catalina.startup.VersionLoggerListener.log Command line argument: -Djava.io.tmpdir=C:\Users\Mazzoleni.17108\Desktop\MazzoleniApache\apache-tomcat-10.0.13\temp
18-Feb-2022 09:47:38.746 INFO [main] org.apache.catalina.core.AprLifecycleListener.lifecycleEvent The Apache Tomcat Native library which allows using OpenSSL was not found on the java.library.path: [C:\Program Files\Java\jdk-12.0.1\bin;C:\WINDOWS\Sun\Java\bin;C:\WINDOWS\system32;C:\WINDOWS;C:\Program Files\Microsoft\jdk-11.0.12.7-hotspot\bin;C:\Python310\Scripts\;C:\Python310\;C:\Program Files (x86)\Common Files\Oracle\Java\javapath;C:\ProgramData\Oracle\Java\javapath;C:\WINDOWS\system32;C:\WINDOWS;C:\WINDOWS\System32\Wbem;C:\WINDOWS\System32\WindowsPowerShell\v1.0\;C:\WINDOWS\System32\OpenSSH\;C:\Users\falciano\.dnx\bin;C:\Program Files\Microsoft DNX\Dnvm\;C:\Program Files\Microsoft SQL Server\120\Tools\Binn\;C:\Program Files\Microsoft SQL Server\130\Tools\Binn\;C:\Program Files\dotnet\;C:\Program Files\Microsoft SQL Server\Client SDK\ODBC\170\Tools\Binn\;C:\Go\bin;C:\xampp\php;C:\composer;C:\Program Files\Git\cmd;C:\Program Files\nodejs\;C:\ProgramData\chocolatey\bin;C:\Program Files\Microsoft SQL Server\150\Tools\Binn\;C:\Program Files (x86)\dotnet\;C:\Users\Mazzoleni.17108\AppData\Local\Microsoft\WindowsApps;;.]
18-Feb-2022 09:47:39.014 INFO [main] org.apache.coyote.AbstractProtocol.init Initializing ProtocolHandler ["http-nio-8000"]
18-Feb-2022 09:47:39.039 INFO [main] org.apache.catalina.startup.Catalina.load Server initialization in [516] milliseconds
18-Feb-2022 09:47:39.088 INFO [main] org.apache.catalina.core.StandardService.startInternal Starting service [Catalina]
18-Feb-2022 09:47:39.088 INFO [main] org.apache.catalina.core.StandardEngine.startInternal Starting Servlet engine: [Apache Tomcat/10.0.13]
18-Feb-2022 09:47:39.098 INFO [main] org.apache.catalina.startup.HostConfig.deployDirectory Deploying web application directory [C:\Users\Mazzoleni.17108\Desktop\MazzoleniApache\apache-tomcat-10.0.13\webapps\appdb]
18-Feb-2022 09:47:39.701 INFO [main] org.apache.jasper.servlet.TldScanner.scanJars At least one JAR was scanned for TLDs yet contained no TLDs. Enable debug logging for this logger for a complete list of JARs that were scanned but no TLDs were found in them. Skipping unneeded JARs during scanning can improve startup time and JSP compilation time.
18-Feb-2022 09:47:39.895 WARNING [main] org.apache.catalina.util.SessionIdGeneratorBase.createSecureRandom Creation of SecureRandom instance for session ID generation using [SHA1PRNG] took [168] milliseconds.
18-Feb-2022 09:47:39.916 INFO [main] org.apache.catalina.startup.HostConfig.deployDirectory Deployment of web application directory [C:\Users\Mazzoleni.17108\Desktop\MazzoleniApache\apache-tomcat-10.0.13\webapps\appdb] has finished in [817] ms
18-Feb-2022 09:47:39.916 INFO [main] org.apache.catalina.startup.HostConfig.deployDirectory Deploying web application directory [C:\Users\Mazzoleni.17108\Desktop\MazzoleniApache\apache-tomcat-10.0.13\webapps\appdbmysql]
18-Feb-2022 09:47:40.355 INFO [main] org.apache.jasper.servlet.TldScanner.scanJars At least one JAR was scanned for TLDs yet contained no TLDs. Enable debug logging for this logger for a complete list of JARs that were scanned but no TLDs were found in them. Skipping unneeded JARs during scanning can improve startup time and JSP compilation time.
18-Feb-2022 09:47:40.360 INFO [main] org.apache.catalina.startup.HostConfig.deployDirectory Deployment of web application directory [C:\Users\Mazzoleni.17108\Desktop\MazzoleniApache\apache-tomcat-10.0.13\webapps\appdbmysql] has finished in [444] ms
18-Feb-2022 09:47:40.360 INFO [main] org.apache.catalina.startup.HostConfig.deployDirectory Deploying web application directory [C:\Users\Mazzoleni.17108\Desktop\MazzoleniApache\apache-tomcat-10.0.13\webapps\docs]
18-Feb-2022 09:47:40.391 INFO [main] org.apache.catalina.startup.HostConfig.deployDirectory Deployment of web application directory [C:\Users\Mazzoleni.17108\Desktop\MazzoleniApache\apache-tomcat-10.0.13\webapps\docs] has finished in [31] ms
18-Feb-2022 09:47:40.392 INFO [main] org.apache.catalina.startup.HostConfig.deployDirectory Deploying web application directory [C:\Users\Mazzoleni.17108\Desktop\MazzoleniApache\apache-tomcat-10.0.13\webapps\examples]
18-Feb-2022 09:47:40.906 INFO [main] org.apache.catalina.startup.HostConfig.deployDirectory Deployment of web application directory [C:\Users\Mazzoleni.17108\Desktop\MazzoleniApache\apache-tomcat-10.0.13\webapps\examples] has finished in [513] ms
18-Feb-2022 09:47:40.907 INFO [main] org.apache.catalina.startup.HostConfig.deployDirectory Deploying web application directory [C:\Users\Mazzoleni.17108\Desktop\MazzoleniApache\apache-tomcat-10.0.13\webapps\host-manager]
18-Feb-2022 09:47:40.959 INFO [main] org.apache.catalina.startup.HostConfig.deployDirectory Deployment of web application directory [C:\Users\Mazzoleni.17108\Desktop\MazzoleniApache\apache-tomcat-10.0.13\webapps\host-manager] has finished in [53] ms
18-Feb-2022 09:47:40.960 INFO [main] org.apache.catalina.startup.HostConfig.deployDirectory Deploying web application directory [C:\Users\Mazzoleni.17108\Desktop\MazzoleniApache\apache-tomcat-10.0.13\webapps\manager]
18-Feb-2022 09:47:41.013 INFO [main] org.apache.catalina.startup.HostConfig.deployDirectory Deployment of web application directory [C:\Users\Mazzoleni.17108\Desktop\MazzoleniApache\apache-tomcat-10.0.13\webapps\manager] has finished in [52] ms
18-Feb-2022 09:47:41.013 INFO [main] org.apache.catalina.startup.HostConfig.deployDirectory Deploying web application directory [C:\Users\Mazzoleni.17108\Desktop\MazzoleniApache\apache-tomcat-10.0.13\webapps\mazzoleniverifica]
18-Feb-2022 09:47:41.367 INFO [main] org.apache.jasper.servlet.TldScanner.scanJars At least one JAR was scanned for TLDs yet contained no TLDs. Enable debug logging for this logger for a complete list of JARs that were scanned but no TLDs were found in them. Skipping unneeded JARs during scanning can improve startup time and JSP compilation time.
18-Feb-2022 09:47:41.377 INFO [main] org.apache.catalina.startup.HostConfig.deployDirectory Deployment of web application directory [C:\Users\Mazzoleni.17108\Desktop\MazzoleniApache\apache-tomcat-10.0.13\webapps\mazzoleniverifica] has finished in [364] ms
18-Feb-2022 09:47:41.378 INFO [main] org.apache.catalina.startup.HostConfig.deployDirectory Deploying web application directory [C:\Users\Mazzoleni.17108\Desktop\MazzoleniApache\apache-tomcat-10.0.13\webapps\miapplicazione]
18-Feb-2022 09:47:41.428 INFO [main] org.apache.catalina.startup.HostConfig.deployDirectory Deployment of web application directory [C:\Users\Mazzoleni.17108\Desktop\MazzoleniApache\apache-tomcat-10.0.13\webapps\miapplicazione] has finished in [49] ms
18-Feb-2022 09:47:41.428 INFO [main] org.apache.catalina.startup.HostConfig.deployDirectory Deploying web application directory [C:\Users\Mazzoleni.17108\Desktop\MazzoleniApache\apache-tomcat-10.0.13\webapps\nomeutentepassword]
18-Feb-2022 09:47:41.472 INFO [main] org.apache.catalina.startup.HostConfig.deployDirectory Deployment of web application directory [C:\Users\Mazzoleni.17108\Desktop\MazzoleniApache\apache-tomcat-10.0.13\webapps\nomeutentepassword] has finished in [44] ms
18-Feb-2022 09:47:41.473 INFO [main] org.apache.catalina.startup.HostConfig.deployDirectory Deploying web application directory [C:\Users\Mazzoleni.17108\Desktop\MazzoleniApache\apache-tomcat-10.0.13\webapps\provadata]
18-Feb-2022 09:47:41.519 INFO [main] org.apache.catalina.startup.HostConfig.deployDirectory Deployment of web application directory [C:\Users\Mazzoleni.17108\Desktop\MazzoleniApache\apache-tomcat-10.0.13\webapps\provadata] has finished in [46] ms
18-Feb-2022 09:47:41.520 INFO [main] org.apache.catalina.startup.HostConfig.deployDirectory Deploying web application directory [C:\Users\Mazzoleni.17108\Desktop\MazzoleniApache\apache-tomcat-10.0.13\webapps\ROOT]
18-Feb-2022 09:47:41.552 INFO [main] org.apache.catalina.startup.HostConfig.deployDirectory Deployment of web application directory [C:\Users\Mazzoleni.17108\Desktop\MazzoleniApache\apache-tomcat-10.0.13\webapps\ROOT] has finished in [31] ms
18-Feb-2022 09:47:41.552 INFO [main] org.apache.catalina.startup.HostConfig.deployDirectory Deploying web application directory [C:\Users\Mazzoleni.17108\Desktop\MazzoleniApache\apache-tomcat-10.0.13\webapps\sesmysql]
18-Feb-2022 09:47:41.951 INFO [main] org.apache.jasper.servlet.TldScanner.scanJars At least one JAR was scanned for TLDs yet contained no TLDs. Enable debug logging for this logger for a complete list of JARs that were scanned but no TLDs were found in them. Skipping unneeded JARs during scanning can improve startup time and JSP compilation time.
18-Feb-2022 09:47:41.956 INFO [main] org.apache.catalina.startup.HostConfig.deployDirectory Deployment of web application directory [C:\Users\Mazzoleni.17108\Desktop\MazzoleniApache\apache-tomcat-10.0.13\webapps\sesmysql] has finished in [403] ms
18-Feb-2022 09:47:41.956 INFO [main] org.apache.catalina.startup.HostConfig.deployDirectory Deploying web application directory [C:\Users\Mazzoleni.17108\Desktop\MazzoleniApache\apache-tomcat-10.0.13\webapps\sesmysql2]
18-Feb-2022 09:47:42.379 INFO [main] org.apache.jasper.servlet.TldScanner.scanJars At least one JAR was scanned for TLDs yet contained no TLDs. Enable debug logging for this logger for a complete list of JARs that were scanned but no TLDs were found in them. Skipping unneeded JARs during scanning can improve startup time and JSP compilation time.
18-Feb-2022 09:47:42.385 INFO [main] org.apache.catalina.startup.HostConfig.deployDirectory Deployment of web application directory [C:\Users\Mazzoleni.17108\Desktop\MazzoleniApache\apache-tomcat-10.0.13\webapps\sesmysql2] has finished in [429] ms
18-Feb-2022 09:47:42.386 INFO [main] org.apache.catalina.startup.HostConfig.deployDirectory Deploying web application directory [C:\Users\Mazzoleni.17108\Desktop\MazzoleniApache\apache-tomcat-10.0.13\webapps\sessioni]
18-Feb-2022 09:47:42.430 INFO [main] org.apache.catalina.startup.HostConfig.deployDirectory Deployment of web application directory [C:\Users\Mazzoleni.17108\Desktop\MazzoleniApache\apache-tomcat-10.0.13\webapps\sessioni] has finished in [43] ms
18-Feb-2022 09:47:42.435 INFO [main] org.apache.coyote.AbstractProtocol.start Starting ProtocolHandler ["http-nio-8000"]
18-Feb-2022 09:47:42.598 INFO [main] org.apache.catalina.startup.Catalina.start Server startup in [3557] milliseconds
