14-Dec-2021 12:51:29.513 INFORMAZIONI [main] org.apache.catalina.startup.VersionLoggerListener.log Server version name:   Apache Tomcat/10.0.13
14-Dec-2021 12:51:29.517 INFORMAZIONI [main] org.apache.catalina.startup.VersionLoggerListener.log Server built:          Nov 9 2021 22:12:58 UTC
14-Dec-2021 12:51:29.518 INFORMAZIONI [main] org.apache.catalina.startup.VersionLoggerListener.log Server version number: 10.0.13.0
14-Dec-2021 12:51:29.518 INFORMAZIONI [main] org.apache.catalina.startup.VersionLoggerListener.log OS Name:               Windows 10
14-Dec-2021 12:51:29.518 INFORMAZIONI [main] org.apache.catalina.startup.VersionLoggerListener.log OS Version:            10.0
14-Dec-2021 12:51:29.518 INFORMAZIONI [main] org.apache.catalina.startup.VersionLoggerListener.log Architecture:          amd64
14-Dec-2021 12:51:29.518 INFORMAZIONI [main] org.apache.catalina.startup.VersionLoggerListener.log Java Home:             C:\Users\Mazzoleni.17108\Desktop\BlueJ\bluej\jdk
14-Dec-2021 12:51:29.518 INFORMAZIONI [main] org.apache.catalina.startup.VersionLoggerListener.log JVM Version:           11.0.10+9
14-Dec-2021 12:51:29.519 INFORMAZIONI [main] org.apache.catalina.startup.VersionLoggerListener.log JVM Vendor:            AdoptOpenJDK
14-Dec-2021 12:51:29.519 INFORMAZIONI [main] org.apache.catalina.startup.VersionLoggerListener.log CATALINA_BASE:         C:\Users\Mazzoleni.17108\Desktop\apache-tomcat-10.0.13\apache-tomcat-10.0.13
14-Dec-2021 12:51:29.519 INFORMAZIONI [main] org.apache.catalina.startup.VersionLoggerListener.log CATALINA_HOME:         C:\Users\Mazzoleni.17108\Desktop\apache-tomcat-10.0.13\apache-tomcat-10.0.13
14-Dec-2021 12:51:29.538 INFORMAZIONI [main] org.apache.catalina.startup.VersionLoggerListener.log Command line argument: --add-opens=java.base/java.lang=ALL-UNNAMED
14-Dec-2021 12:51:29.538 INFORMAZIONI [main] org.apache.catalina.startup.VersionLoggerListener.log Command line argument: --add-opens=java.base/java.io=ALL-UNNAMED
14-Dec-2021 12:51:29.538 INFORMAZIONI [main] org.apache.catalina.startup.VersionLoggerListener.log Command line argument: --add-opens=java.base/java.util=ALL-UNNAMED
14-Dec-2021 12:51:29.539 INFORMAZIONI [main] org.apache.catalina.startup.VersionLoggerListener.log Command line argument: --add-opens=java.base/java.util.concurrent=ALL-UNNAMED
14-Dec-2021 12:51:29.539 INFORMAZIONI [main] org.apache.catalina.startup.VersionLoggerListener.log Command line argument: --add-opens=java.rmi/sun.rmi.transport=ALL-UNNAMED
14-Dec-2021 12:51:29.539 INFORMAZIONI [main] org.apache.catalina.startup.VersionLoggerListener.log Command line argument: -Djava.util.logging.config.file=C:\Users\Mazzoleni.17108\Desktop\apache-tomcat-10.0.13\apache-tomcat-10.0.13\conf\logging.properties
14-Dec-2021 12:51:29.540 INFORMAZIONI [main] org.apache.catalina.startup.VersionLoggerListener.log Command line argument: -Djava.util.logging.manager=org.apache.juli.ClassLoaderLogManager
14-Dec-2021 12:51:29.543 INFORMAZIONI [main] org.apache.catalina.startup.VersionLoggerListener.log Command line argument: -Djdk.tls.ephemeralDHKeySize=2048
14-Dec-2021 12:51:29.543 INFORMAZIONI [main] org.apache.catalina.startup.VersionLoggerListener.log Command line argument: -Djava.protocol.handler.pkgs=org.apache.catalina.webresources
14-Dec-2021 12:51:29.543 INFORMAZIONI [main] org.apache.catalina.startup.VersionLoggerListener.log Command line argument: -Dignore.endorsed.dirs=
14-Dec-2021 12:51:29.543 INFORMAZIONI [main] org.apache.catalina.startup.VersionLoggerListener.log Command line argument: -Dcatalina.base=C:\Users\Mazzoleni.17108\Desktop\apache-tomcat-10.0.13\apache-tomcat-10.0.13
14-Dec-2021 12:51:29.544 INFORMAZIONI [main] org.apache.catalina.startup.VersionLoggerListener.log Command line argument: -Dcatalina.home=C:\Users\Mazzoleni.17108\Desktop\apache-tomcat-10.0.13\apache-tomcat-10.0.13
14-Dec-2021 12:51:29.545 INFORMAZIONI [main] org.apache.catalina.startup.VersionLoggerListener.log Command line argument: -Djava.io.tmpdir=C:\Users\Mazzoleni.17108\Desktop\apache-tomcat-10.0.13\apache-tomcat-10.0.13\temp
14-Dec-2021 12:51:29.553 INFORMAZIONI [main] org.apache.catalina.core.AprLifecycleListener.lifecycleEvent The Apache Tomcat Native library which allows using OpenSSL was not found on the java.library.path: [C:\Users\Mazzoleni.17108\Desktop\BlueJ\bluej\jdk\bin;C:\WINDOWS\Sun\Java\bin;C:\WINDOWS\system32;C:\WINDOWS;C:\Program Files (x86)\Common Files\Oracle\Java\javapath;C:\Program Files (x86)\Intel\Intel(R) Management Engine Components\iCLS\;C:\Program Files\Intel\Intel(R) Management Engine Components\iCLS\;C:\WINDOWS\system32;C:\WINDOWS;C:\WINDOWS\System32\Wbem;C:\WINDOWS\System32\WindowsPowerShell\v1.0\;C:\WINDOWS\System32\OpenSSH\;C:\Program Files (x86)\Intel\Intel(R) Management Engine Components\DAL;C:\Program Files\Intel\Intel(R) Management Engine Components\DAL;C:\Program Files (x86)\Intel\Intel(R) Management Engine Components\IPT;C:\Program Files\Intel\Intel(R) Management Engine Components\IPT;C:\Program Files (x86)\ATI Technologies\ATI.ACE\Core-Static;C:\Program Files (x86)\IVI Foundation\IVI\bin;C:\Program Files\IVI Foundation\IVI\bin;C:\Program Files\IVI Foundation\VISA\Win64\Bin\;C:\Program Files (x86)\IVI Foundation\VISA\WinNT\Bin\;C:\Program Files (x86)\IVI Foundation\VISA\WinNT\Bin;C:\Program Files (x86)\National Instruments\Motion Assistant\bin\mxwplugins;C:\Program Files (x86)\National Instruments\Shared\System\;c:\Program Files (x86)\Microsoft SQL Server\90\Tools\binn\;C:\Program Files (x86)\Microchip\MPLAB C32 Suite\bin;C:\Program Files\dotnet\;C:\Program Files\Microsoft SQL Server\130\Tools\Binn\;C:\Program Files\Microsoft SQL Server\Client SDK\ODBC\170\Tools\Binn\;C:\Program Files (x86)\dotnet\;C:\Program Files (x86)\Schneider Electric\EcoStruxure Machine Expert - Basic\;C:\Program Files\nodejs\;C:\xampp\php;C:\ProgramData\ComposerSetup\bin;C:\Program Files\Git\cmd;C:\Program Files\Docker\Docker\resources\bin;C:\ProgramData\DockerDesktop\version-bin;C:\Users\Mazzoleni.17108\AppData\Local\Microsoft\WindowsApps;;.]
14-Dec-2021 12:51:29.807 INFORMAZIONI [main] org.apache.coyote.AbstractProtocol.init Initializing ProtocolHandler ["http-nio-8000"]
14-Dec-2021 12:51:29.833 INFORMAZIONI [main] org.apache.catalina.startup.Catalina.load Server initialization in [541] milliseconds
14-Dec-2021 12:51:29.887 INFORMAZIONI [main] org.apache.catalina.core.StandardService.startInternal Starting service [Catalina]
14-Dec-2021 12:51:29.887 INFORMAZIONI [main] org.apache.catalina.core.StandardEngine.startInternal Starting Servlet engine: [Apache Tomcat/10.0.13]
14-Dec-2021 12:51:29.897 INFORMAZIONI [main] org.apache.catalina.startup.HostConfig.deployDirectory Deploying web application directory [C:\Users\Mazzoleni.17108\Desktop\apache-tomcat-10.0.13\apache-tomcat-10.0.13\webapps\app]
14-Dec-2021 12:51:30.242 AVVERTENZA [main] org.apache.catalina.util.SessionIdGeneratorBase.createSecureRandom Creation of SecureRandom instance for session ID generation using [SHA1PRNG] took [139] milliseconds.
14-Dec-2021 12:51:30.273 INFORMAZIONI [main] org.apache.catalina.startup.HostConfig.deployDirectory Deployment of web application directory [C:\Users\Mazzoleni.17108\Desktop\apache-tomcat-10.0.13\apache-tomcat-10.0.13\webapps\app] has finished in [376] ms
14-Dec-2021 12:51:30.273 INFORMAZIONI [main] org.apache.catalina.startup.HostConfig.deployDirectory Deploying web application directory [C:\Users\Mazzoleni.17108\Desktop\apache-tomcat-10.0.13\apache-tomcat-10.0.13\webapps\appdb]
14-Dec-2021 12:51:30.615 INFORMAZIONI [main] org.apache.jasper.servlet.TldScanner.scanJars At least one JAR was scanned for TLDs yet contained no TLDs. Enable debug logging for this logger for a complete list of JARs that were scanned but no TLDs were found in them. Skipping unneeded JARs during scanning can improve startup time and JSP compilation time.
14-Dec-2021 12:51:30.618 INFORMAZIONI [main] org.apache.catalina.startup.HostConfig.deployDirectory Deployment of web application directory [C:\Users\Mazzoleni.17108\Desktop\apache-tomcat-10.0.13\apache-tomcat-10.0.13\webapps\appdb] has finished in [345] ms
14-Dec-2021 12:51:30.618 INFORMAZIONI [main] org.apache.catalina.startup.HostConfig.deployDirectory Deploying web application directory [C:\Users\Mazzoleni.17108\Desktop\apache-tomcat-10.0.13\apache-tomcat-10.0.13\webapps\docs]
14-Dec-2021 12:51:30.643 INFORMAZIONI [main] org.apache.catalina.startup.HostConfig.deployDirectory Deployment of web application directory [C:\Users\Mazzoleni.17108\Desktop\apache-tomcat-10.0.13\apache-tomcat-10.0.13\webapps\docs] has finished in [25] ms
14-Dec-2021 12:51:30.644 INFORMAZIONI [main] org.apache.catalina.startup.HostConfig.deployDirectory Deploying web application directory [C:\Users\Mazzoleni.17108\Desktop\apache-tomcat-10.0.13\apache-tomcat-10.0.13\webapps\examples]
14-Dec-2021 12:51:31.465 INFORMAZIONI [main] org.apache.catalina.startup.HostConfig.deployDirectory Deployment of web application directory [C:\Users\Mazzoleni.17108\Desktop\apache-tomcat-10.0.13\apache-tomcat-10.0.13\webapps\examples] has finished in [821] ms
14-Dec-2021 12:51:31.466 INFORMAZIONI [main] org.apache.catalina.startup.HostConfig.deployDirectory Deploying web application directory [C:\Users\Mazzoleni.17108\Desktop\apache-tomcat-10.0.13\apache-tomcat-10.0.13\webapps\host-manager]
14-Dec-2021 12:51:31.502 INFORMAZIONI [main] org.apache.catalina.startup.HostConfig.deployDirectory Deployment of web application directory [C:\Users\Mazzoleni.17108\Desktop\apache-tomcat-10.0.13\apache-tomcat-10.0.13\webapps\host-manager] has finished in [36] ms
14-Dec-2021 12:51:31.503 INFORMAZIONI [main] org.apache.catalina.startup.HostConfig.deployDirectory Deploying web application directory [C:\Users\Mazzoleni.17108\Desktop\apache-tomcat-10.0.13\apache-tomcat-10.0.13\webapps\manager]
14-Dec-2021 12:51:31.534 INFORMAZIONI [main] org.apache.catalina.startup.HostConfig.deployDirectory Deployment of web application directory [C:\Users\Mazzoleni.17108\Desktop\apache-tomcat-10.0.13\apache-tomcat-10.0.13\webapps\manager] has finished in [30] ms
14-Dec-2021 12:51:31.534 INFORMAZIONI [main] org.apache.catalina.startup.HostConfig.deployDirectory Deploying web application directory [C:\Users\Mazzoleni.17108\Desktop\apache-tomcat-10.0.13\apache-tomcat-10.0.13\webapps\miapplicazione]
14-Dec-2021 12:51:31.573 INFORMAZIONI [main] org.apache.catalina.startup.HostConfig.deployDirectory Deployment of web application directory [C:\Users\Mazzoleni.17108\Desktop\apache-tomcat-10.0.13\apache-tomcat-10.0.13\webapps\miapplicazione] has finished in [39] ms
14-Dec-2021 12:51:31.573 INFORMAZIONI [main] org.apache.catalina.startup.HostConfig.deployDirectory Deploying web application directory [C:\Users\Mazzoleni.17108\Desktop\apache-tomcat-10.0.13\apache-tomcat-10.0.13\webapps\nomeutentepassword]
14-Dec-2021 12:51:31.607 INFORMAZIONI [main] org.apache.catalina.startup.HostConfig.deployDirectory Deployment of web application directory [C:\Users\Mazzoleni.17108\Desktop\apache-tomcat-10.0.13\apache-tomcat-10.0.13\webapps\nomeutentepassword] has finished in [34] ms
14-Dec-2021 12:51:31.608 INFORMAZIONI [main] org.apache.catalina.startup.HostConfig.deployDirectory Deploying web application directory [C:\Users\Mazzoleni.17108\Desktop\apache-tomcat-10.0.13\apache-tomcat-10.0.13\webapps\ROOT]
14-Dec-2021 12:51:31.631 INFORMAZIONI [main] org.apache.catalina.startup.HostConfig.deployDirectory Deployment of web application directory [C:\Users\Mazzoleni.17108\Desktop\apache-tomcat-10.0.13\apache-tomcat-10.0.13\webapps\ROOT] has finished in [23] ms
14-Dec-2021 12:51:31.637 INFORMAZIONI [main] org.apache.coyote.AbstractProtocol.start Starting ProtocolHandler ["http-nio-8000"]
14-Dec-2021 12:51:31.780 INFORMAZIONI [main] org.apache.catalina.startup.Catalina.start Server startup in [1947] milliseconds
