18-Feb-2022 08:52:46.695 INFO [main] org.apache.catalina.core.ApplicationContext.log ContextListener: contextInitialized()
18-Feb-2022 08:52:46.695 INFO [main] org.apache.catalina.core.ApplicationContext.log SessionListener: contextInitialized()
18-Feb-2022 08:52:46.698 INFO [main] org.apache.catalina.core.ApplicationContext.log ContextListener: attributeAdded('StockTicker', 'async.Stockticker@544e8149')
18-Feb-2022 09:44:30.678 INFO [main] org.apache.catalina.core.ApplicationContext.log ContextListener: contextInitialized()
18-Feb-2022 09:44:30.678 INFO [main] org.apache.catalina.core.ApplicationContext.log SessionListener: contextInitialized()
18-Feb-2022 09:44:30.681 INFO [main] org.apache.catalina.core.ApplicationContext.log ContextListener: attributeAdded('StockTicker', 'async.Stockticker@31c628e7')
18-Feb-2022 09:44:38.514 SEVERE [http-nio-8000-exec-4] org.apache.catalina.core.StandardWrapperValve.invoke Servlet.service() for servlet [Protetta] in context with path [/sesmysql2] threw exception
	java.lang.NullPointerException
		at Protetta.doGet(Protetta.java:51)
		at jakarta.servlet.http.HttpServlet.service(HttpServlet.java:668)
		at jakarta.servlet.http.HttpServlet.service(HttpServlet.java:777)
		at org.apache.catalina.core.ApplicationFilterChain.internalDoFilter(ApplicationFilterChain.java:223)
		at org.apache.catalina.core.ApplicationFilterChain.doFilter(ApplicationFilterChain.java:158)
		at org.apache.tomcat.websocket.server.WsFilter.doFilter(WsFilter.java:53)
		at org.apache.catalina.core.ApplicationFilterChain.internalDoFilter(ApplicationFilterChain.java:185)
		at org.apache.catalina.core.ApplicationFilterChain.doFilter(ApplicationFilterChain.java:158)
		at org.apache.catalina.core.StandardWrapperValve.invoke(StandardWrapperValve.java:197)
		at org.apache.catalina.core.StandardContextValve.invoke(StandardContextValve.java:97)
		at org.apache.catalina.authenticator.AuthenticatorBase.invoke(AuthenticatorBase.java:541)
		at org.apache.catalina.core.StandardHostValve.invoke(StandardHostValve.java:119)
		at org.apache.catalina.valves.ErrorReportValve.invoke(ErrorReportValve.java:92)
		at org.apache.catalina.valves.AbstractAccessLogValve.invoke(AbstractAccessLogValve.java:690)
		at org.apache.catalina.core.StandardEngineValve.invoke(StandardEngineValve.java:78)
		at org.apache.catalina.connector.CoyoteAdapter.service(CoyoteAdapter.java:353)
		at org.apache.coyote.http11.Http11Processor.service(Http11Processor.java:382)
		at org.apache.coyote.AbstractProcessorLight.process(AbstractProcessorLight.java:65)
		at org.apache.coyote.AbstractProtocol$ConnectionHandler.process(AbstractProtocol.java:872)
		at org.apache.tomcat.util.net.NioEndpoint$SocketProcessor.doRun(NioEndpoint.java:1695)
		at org.apache.tomcat.util.net.SocketProcessorBase.run(SocketProcessorBase.java:49)
		at org.apache.tomcat.util.threads.ThreadPoolExecutor.runWorker(ThreadPoolExecutor.java:1191)
		at org.apache.tomcat.util.threads.ThreadPoolExecutor$Worker.run(ThreadPoolExecutor.java:659)
		at org.apache.tomcat.util.threads.TaskThread$WrappingRunnable.run(TaskThread.java:61)
		at java.base/java.lang.Thread.run(Thread.java:835)
18-Feb-2022 09:46:15.113 INFO [main] org.apache.catalina.core.ApplicationContext.log ContextListener: contextInitialized()
18-Feb-2022 09:46:15.114 INFO [main] org.apache.catalina.core.ApplicationContext.log SessionListener: contextInitialized()
18-Feb-2022 09:46:15.116 INFO [main] org.apache.catalina.core.ApplicationContext.log ContextListener: attributeAdded('StockTicker', 'async.Stockticker@31c628e7')
18-Feb-2022 09:46:24.461 SEVERE [http-nio-8000-exec-5] org.apache.catalina.core.StandardWrapperValve.invoke Servlet.service() for servlet [Protetta] in context with path [/sesmysql2] threw exception
	java.lang.NullPointerException
		at Protetta.doGet(Protetta.java:51)
		at jakarta.servlet.http.HttpServlet.service(HttpServlet.java:668)
		at jakarta.servlet.http.HttpServlet.service(HttpServlet.java:777)
		at org.apache.catalina.core.ApplicationFilterChain.internalDoFilter(ApplicationFilterChain.java:223)
		at org.apache.catalina.core.ApplicationFilterChain.doFilter(ApplicationFilterChain.java:158)
		at org.apache.tomcat.websocket.server.WsFilter.doFilter(WsFilter.java:53)
		at org.apache.catalina.core.ApplicationFilterChain.internalDoFilter(ApplicationFilterChain.java:185)
		at org.apache.catalina.core.ApplicationFilterChain.doFilter(ApplicationFilterChain.java:158)
		at org.apache.catalina.core.StandardWrapperValve.invoke(StandardWrapperValve.java:197)
		at org.apache.catalina.core.StandardContextValve.invoke(StandardContextValve.java:97)
		at org.apache.catalina.authenticator.AuthenticatorBase.invoke(AuthenticatorBase.java:541)
		at org.apache.catalina.core.StandardHostValve.invoke(StandardHostValve.java:119)
		at org.apache.catalina.valves.ErrorReportValve.invoke(ErrorReportValve.java:92)
		at org.apache.catalina.valves.AbstractAccessLogValve.invoke(AbstractAccessLogValve.java:690)
		at org.apache.catalina.core.StandardEngineValve.invoke(StandardEngineValve.java:78)
		at org.apache.catalina.connector.CoyoteAdapter.service(CoyoteAdapter.java:353)
		at org.apache.coyote.http11.Http11Processor.service(Http11Processor.java:382)
		at org.apache.coyote.AbstractProcessorLight.process(AbstractProcessorLight.java:65)
		at org.apache.coyote.AbstractProtocol$ConnectionHandler.process(AbstractProtocol.java:872)
		at org.apache.tomcat.util.net.NioEndpoint$SocketProcessor.doRun(NioEndpoint.java:1695)
		at org.apache.tomcat.util.net.SocketProcessorBase.run(SocketProcessorBase.java:49)
		at org.apache.tomcat.util.threads.ThreadPoolExecutor.runWorker(ThreadPoolExecutor.java:1191)
		at org.apache.tomcat.util.threads.ThreadPoolExecutor$Worker.run(ThreadPoolExecutor.java:659)
		at org.apache.tomcat.util.threads.TaskThread$WrappingRunnable.run(TaskThread.java:61)
		at java.base/java.lang.Thread.run(Thread.java:835)
18-Feb-2022 09:47:40.891 INFO [main] org.apache.catalina.core.ApplicationContext.log ContextListener: contextInitialized()
18-Feb-2022 09:47:40.892 INFO [main] org.apache.catalina.core.ApplicationContext.log SessionListener: contextInitialized()
18-Feb-2022 09:47:40.894 INFO [main] org.apache.catalina.core.ApplicationContext.log ContextListener: attributeAdded('StockTicker', 'async.Stockticker@1a22e0ef')
18-Feb-2022 09:47:50.484 SEVERE [http-nio-8000-exec-3] org.apache.catalina.core.StandardWrapperValve.invoke Servlet.service() for servlet [Protetta] in context with path [/sesmysql2] threw exception
	java.lang.NullPointerException
		at Protetta.doGet(Protetta.java:51)
		at jakarta.servlet.http.HttpServlet.service(HttpServlet.java:668)
		at jakarta.servlet.http.HttpServlet.service(HttpServlet.java:777)
		at org.apache.catalina.core.ApplicationFilterChain.internalDoFilter(ApplicationFilterChain.java:223)
		at org.apache.catalina.core.ApplicationFilterChain.doFilter(ApplicationFilterChain.java:158)
		at org.apache.tomcat.websocket.server.WsFilter.doFilter(WsFilter.java:53)
		at org.apache.catalina.core.ApplicationFilterChain.internalDoFilter(ApplicationFilterChain.java:185)
		at org.apache.catalina.core.ApplicationFilterChain.doFilter(ApplicationFilterChain.java:158)
		at org.apache.catalina.core.StandardWrapperValve.invoke(StandardWrapperValve.java:197)
		at org.apache.catalina.core.StandardContextValve.invoke(StandardContextValve.java:97)
		at org.apache.catalina.authenticator.AuthenticatorBase.invoke(AuthenticatorBase.java:541)
		at org.apache.catalina.core.StandardHostValve.invoke(StandardHostValve.java:119)
		at org.apache.catalina.valves.ErrorReportValve.invoke(ErrorReportValve.java:92)
		at org.apache.catalina.valves.AbstractAccessLogValve.invoke(AbstractAccessLogValve.java:690)
		at org.apache.catalina.core.StandardEngineValve.invoke(StandardEngineValve.java:78)
		at org.apache.catalina.connector.CoyoteAdapter.service(CoyoteAdapter.java:353)
		at org.apache.coyote.http11.Http11Processor.service(Http11Processor.java:382)
		at org.apache.coyote.AbstractProcessorLight.process(AbstractProcessorLight.java:65)
		at org.apache.coyote.AbstractProtocol$ConnectionHandler.process(AbstractProtocol.java:872)
		at org.apache.tomcat.util.net.NioEndpoint$SocketProcessor.doRun(NioEndpoint.java:1695)
		at org.apache.tomcat.util.net.SocketProcessorBase.run(SocketProcessorBase.java:49)
		at org.apache.tomcat.util.threads.ThreadPoolExecutor.runWorker(ThreadPoolExecutor.java:1191)
		at org.apache.tomcat.util.threads.ThreadPoolExecutor$Worker.run(ThreadPoolExecutor.java:659)
		at org.apache.tomcat.util.threads.TaskThread$WrappingRunnable.run(TaskThread.java:61)
		at java.base/java.lang.Thread.run(Thread.java:835)
18-Feb-2022 19:17:10.007 INFORMAZIONI [main] org.apache.catalina.core.ApplicationContext.log ContextListener: contextInitialized()
18-Feb-2022 19:17:10.007 INFORMAZIONI [main] org.apache.catalina.core.ApplicationContext.log SessionListener: contextInitialized()
18-Feb-2022 19:17:10.009 INFORMAZIONI [main] org.apache.catalina.core.ApplicationContext.log ContextListener: attributeAdded('StockTicker', 'async.Stockticker@3166f664')
18-Feb-2022 19:17:54.969 INFORMAZIONI [main] org.apache.catalina.core.ApplicationContext.log ContextListener: contextInitialized()
18-Feb-2022 19:17:54.969 INFORMAZIONI [main] org.apache.catalina.core.ApplicationContext.log SessionListener: contextInitialized()
18-Feb-2022 19:17:54.970 INFORMAZIONI [main] org.apache.catalina.core.ApplicationContext.log ContextListener: attributeAdded('StockTicker', 'async.Stockticker@355c94be')
18-Feb-2022 19:19:43.706 INFORMAZIONI [main] org.apache.catalina.core.ApplicationContext.log ContextListener: contextInitialized()
18-Feb-2022 19:19:43.706 INFORMAZIONI [main] org.apache.catalina.core.ApplicationContext.log SessionListener: contextInitialized()
18-Feb-2022 19:19:43.708 INFORMAZIONI [main] org.apache.catalina.core.ApplicationContext.log ContextListener: attributeAdded('StockTicker', 'async.Stockticker@176555c')
18-Feb-2022 19:49:56.554 INFORMAZIONI [main] org.apache.catalina.core.ApplicationContext.log ContextListener: contextInitialized()
18-Feb-2022 19:49:56.554 INFORMAZIONI [main] org.apache.catalina.core.ApplicationContext.log SessionListener: contextInitialized()
18-Feb-2022 19:49:56.555 INFORMAZIONI [main] org.apache.catalina.core.ApplicationContext.log ContextListener: attributeAdded('StockTicker', 'async.Stockticker@3166f664')
18-Feb-2022 20:14:14.349 INFORMAZIONI [main] org.apache.catalina.core.ApplicationContext.log ContextListener: contextInitialized()
18-Feb-2022 20:14:14.349 INFORMAZIONI [main] org.apache.catalina.core.ApplicationContext.log SessionListener: contextInitialized()
18-Feb-2022 20:14:14.351 INFORMAZIONI [main] org.apache.catalina.core.ApplicationContext.log ContextListener: attributeAdded('StockTicker', 'async.Stockticker@157ec23b')
18-Feb-2022 20:16:19.087 GRAVE [http-nio-8000-exec-5] org.apache.catalina.core.StandardWrapperValve.invoke Servlet.service() for servlet [Login] in context with path [/sesmysql2] threw exception
	java.lang.IllegalStateException: Cannot call sendRedirect() after the response has been committed
		at org.apache.catalina.connector.ResponseFacade.sendRedirect(ResponseFacade.java:488)
		at Login.doGet(Login.java:97)
		at jakarta.servlet.http.HttpServlet.service(HttpServlet.java:668)
		at jakarta.servlet.http.HttpServlet.service(HttpServlet.java:777)
		at org.apache.catalina.core.ApplicationFilterChain.internalDoFilter(ApplicationFilterChain.java:223)
		at org.apache.catalina.core.ApplicationFilterChain.doFilter(ApplicationFilterChain.java:158)
		at org.apache.tomcat.websocket.server.WsFilter.doFilter(WsFilter.java:53)
		at org.apache.catalina.core.ApplicationFilterChain.internalDoFilter(ApplicationFilterChain.java:185)
		at org.apache.catalina.core.ApplicationFilterChain.doFilter(ApplicationFilterChain.java:158)
		at org.apache.catalina.core.StandardWrapperValve.invoke(StandardWrapperValve.java:197)
		at org.apache.catalina.core.StandardContextValve.invoke(StandardContextValve.java:97)
		at org.apache.catalina.authenticator.AuthenticatorBase.invoke(AuthenticatorBase.java:541)
		at org.apache.catalina.core.StandardHostValve.invoke(StandardHostValve.java:119)
		at org.apache.catalina.valves.ErrorReportValve.invoke(ErrorReportValve.java:92)
		at org.apache.catalina.valves.AbstractAccessLogValve.invoke(AbstractAccessLogValve.java:690)
		at org.apache.catalina.core.StandardEngineValve.invoke(StandardEngineValve.java:78)
		at org.apache.catalina.connector.CoyoteAdapter.service(CoyoteAdapter.java:353)
		at org.apache.coyote.http11.Http11Processor.service(Http11Processor.java:382)
		at org.apache.coyote.AbstractProcessorLight.process(AbstractProcessorLight.java:65)
		at org.apache.coyote.AbstractProtocol$ConnectionHandler.process(AbstractProtocol.java:872)
		at org.apache.tomcat.util.net.NioEndpoint$SocketProcessor.doRun(NioEndpoint.java:1695)
		at org.apache.tomcat.util.net.SocketProcessorBase.run(SocketProcessorBase.java:49)
		at org.apache.tomcat.util.threads.ThreadPoolExecutor.runWorker(ThreadPoolExecutor.java:1191)
		at org.apache.tomcat.util.threads.ThreadPoolExecutor$Worker.run(ThreadPoolExecutor.java:659)
		at org.apache.tomcat.util.threads.TaskThread$WrappingRunnable.run(TaskThread.java:61)
		at java.base/java.lang.Thread.run(Thread.java:834)
18-Feb-2022 20:18:25.107 INFORMAZIONI [main] org.apache.catalina.core.ApplicationContext.log ContextListener: contextInitialized()
18-Feb-2022 20:18:25.107 INFORMAZIONI [main] org.apache.catalina.core.ApplicationContext.log SessionListener: contextInitialized()
18-Feb-2022 20:18:25.109 INFORMAZIONI [main] org.apache.catalina.core.ApplicationContext.log ContextListener: attributeAdded('StockTicker', 'async.Stockticker@66236a0a')
18-Feb-2022 20:20:21.500 INFORMAZIONI [main] org.apache.catalina.core.ApplicationContext.log ContextListener: contextInitialized()
18-Feb-2022 20:20:21.500 INFORMAZIONI [main] org.apache.catalina.core.ApplicationContext.log SessionListener: contextInitialized()
18-Feb-2022 20:20:21.502 INFORMAZIONI [main] org.apache.catalina.core.ApplicationContext.log ContextListener: attributeAdded('StockTicker', 'async.Stockticker@3166f664')
18-Feb-2022 20:25:08.192 INFORMAZIONI [main] org.apache.catalina.core.ApplicationContext.log ContextListener: contextInitialized()
18-Feb-2022 20:25:08.193 INFORMAZIONI [main] org.apache.catalina.core.ApplicationContext.log SessionListener: contextInitialized()
18-Feb-2022 20:25:08.195 INFORMAZIONI [main] org.apache.catalina.core.ApplicationContext.log ContextListener: attributeAdded('StockTicker', 'async.Stockticker@66236a0a')
18-Feb-2022 20:26:30.296 INFORMAZIONI [main] org.apache.catalina.core.ApplicationContext.log ContextListener: contextInitialized()
18-Feb-2022 20:26:30.296 INFORMAZIONI [main] org.apache.catalina.core.ApplicationContext.log SessionListener: contextInitialized()
18-Feb-2022 20:26:30.298 INFORMAZIONI [main] org.apache.catalina.core.ApplicationContext.log ContextListener: attributeAdded('StockTicker', 'async.Stockticker@355c94be')
18-Feb-2022 20:28:30.939 INFORMAZIONI [main] org.apache.catalina.core.ApplicationContext.log ContextListener: contextInitialized()
18-Feb-2022 20:28:30.939 INFORMAZIONI [main] org.apache.catalina.core.ApplicationContext.log SessionListener: contextInitialized()
18-Feb-2022 20:28:30.942 INFORMAZIONI [main] org.apache.catalina.core.ApplicationContext.log ContextListener: attributeAdded('StockTicker', 'async.Stockticker@3166f664')
18-Feb-2022 20:34:35.293 INFORMAZIONI [main] org.apache.catalina.core.ApplicationContext.log ContextListener: contextInitialized()
18-Feb-2022 20:34:35.293 INFORMAZIONI [main] org.apache.catalina.core.ApplicationContext.log SessionListener: contextInitialized()
18-Feb-2022 20:34:35.297 INFORMAZIONI [main] org.apache.catalina.core.ApplicationContext.log ContextListener: attributeAdded('StockTicker', 'async.Stockticker@3166f664')
18-Feb-2022 20:36:16.067 INFORMAZIONI [main] org.apache.catalina.core.ApplicationContext.log ContextListener: contextInitialized()
18-Feb-2022 20:36:16.068 INFORMAZIONI [main] org.apache.catalina.core.ApplicationContext.log SessionListener: contextInitialized()
18-Feb-2022 20:36:16.069 INFORMAZIONI [main] org.apache.catalina.core.ApplicationContext.log ContextListener: attributeAdded('StockTicker', 'async.Stockticker@66236a0a')
18-Feb-2022 20:36:35.360 GRAVE [http-nio-8000-exec-5] org.apache.catalina.core.StandardWrapperValve.invoke Servlet.service() for servlet [Login] in context with path [/sesmysql2] threw exception
	java.lang.NullPointerException
		at Login.doGet(Login.java:42)
		at Login.doPost(Login.java:134)
		at jakarta.servlet.http.HttpServlet.service(HttpServlet.java:694)
		at jakarta.servlet.http.HttpServlet.service(HttpServlet.java:777)
		at org.apache.catalina.core.ApplicationFilterChain.internalDoFilter(ApplicationFilterChain.java:223)
		at org.apache.catalina.core.ApplicationFilterChain.doFilter(ApplicationFilterChain.java:158)
		at org.apache.tomcat.websocket.server.WsFilter.doFilter(WsFilter.java:53)
		at org.apache.catalina.core.ApplicationFilterChain.internalDoFilter(ApplicationFilterChain.java:185)
		at org.apache.catalina.core.ApplicationFilterChain.doFilter(ApplicationFilterChain.java:158)
		at org.apache.catalina.core.StandardWrapperValve.invoke(StandardWrapperValve.java:197)
		at org.apache.catalina.core.StandardContextValve.invoke(StandardContextValve.java:97)
		at org.apache.catalina.authenticator.AuthenticatorBase.invoke(AuthenticatorBase.java:541)
		at org.apache.catalina.core.StandardHostValve.invoke(StandardHostValve.java:119)
		at org.apache.catalina.valves.ErrorReportValve.invoke(ErrorReportValve.java:92)
		at org.apache.catalina.valves.AbstractAccessLogValve.invoke(AbstractAccessLogValve.java:690)
		at org.apache.catalina.core.StandardEngineValve.invoke(StandardEngineValve.java:78)
		at org.apache.catalina.connector.CoyoteAdapter.service(CoyoteAdapter.java:353)
		at org.apache.coyote.http11.Http11Processor.service(Http11Processor.java:382)
		at org.apache.coyote.AbstractProcessorLight.process(AbstractProcessorLight.java:65)
		at org.apache.coyote.AbstractProtocol$ConnectionHandler.process(AbstractProtocol.java:872)
		at org.apache.tomcat.util.net.NioEndpoint$SocketProcessor.doRun(NioEndpoint.java:1695)
		at org.apache.tomcat.util.net.SocketProcessorBase.run(SocketProcessorBase.java:49)
		at org.apache.tomcat.util.threads.ThreadPoolExecutor.runWorker(ThreadPoolExecutor.java:1191)
		at org.apache.tomcat.util.threads.ThreadPoolExecutor$Worker.run(ThreadPoolExecutor.java:659)
		at org.apache.tomcat.util.threads.TaskThread$WrappingRunnable.run(TaskThread.java:61)
		at java.base/java.lang.Thread.run(Thread.java:834)
18-Feb-2022 20:38:38.324 INFORMAZIONI [main] org.apache.catalina.core.ApplicationContext.log ContextListener: contextInitialized()
18-Feb-2022 20:38:38.324 INFORMAZIONI [main] org.apache.catalina.core.ApplicationContext.log SessionListener: contextInitialized()
18-Feb-2022 20:38:38.325 INFORMAZIONI [main] org.apache.catalina.core.ApplicationContext.log ContextListener: attributeAdded('StockTicker', 'async.Stockticker@66236a0a')
18-Feb-2022 20:38:49.737 GRAVE [http-nio-8000-exec-7] org.apache.catalina.core.StandardWrapperValve.invoke Servlet.service() for servlet [Login] in context with path [/sesmysql2] threw exception
	java.lang.NullPointerException
		at Login.doGet(Login.java:42)
		at Login.doPost(Login.java:134)
		at jakarta.servlet.http.HttpServlet.service(HttpServlet.java:694)
		at jakarta.servlet.http.HttpServlet.service(HttpServlet.java:777)
		at org.apache.catalina.core.ApplicationFilterChain.internalDoFilter(ApplicationFilterChain.java:223)
		at org.apache.catalina.core.ApplicationFilterChain.doFilter(ApplicationFilterChain.java:158)
		at org.apache.tomcat.websocket.server.WsFilter.doFilter(WsFilter.java:53)
		at org.apache.catalina.core.ApplicationFilterChain.internalDoFilter(ApplicationFilterChain.java:185)
		at org.apache.catalina.core.ApplicationFilterChain.doFilter(ApplicationFilterChain.java:158)
		at org.apache.catalina.core.StandardWrapperValve.invoke(StandardWrapperValve.java:197)
		at org.apache.catalina.core.StandardContextValve.invoke(StandardContextValve.java:97)
		at org.apache.catalina.authenticator.AuthenticatorBase.invoke(AuthenticatorBase.java:541)
		at org.apache.catalina.core.StandardHostValve.invoke(StandardHostValve.java:119)
		at org.apache.catalina.valves.ErrorReportValve.invoke(ErrorReportValve.java:92)
		at org.apache.catalina.valves.AbstractAccessLogValve.invoke(AbstractAccessLogValve.java:690)
		at org.apache.catalina.core.StandardEngineValve.invoke(StandardEngineValve.java:78)
		at org.apache.catalina.connector.CoyoteAdapter.service(CoyoteAdapter.java:353)
		at org.apache.coyote.http11.Http11Processor.service(Http11Processor.java:382)
		at org.apache.coyote.AbstractProcessorLight.process(AbstractProcessorLight.java:65)
		at org.apache.coyote.AbstractProtocol$ConnectionHandler.process(AbstractProtocol.java:872)
		at org.apache.tomcat.util.net.NioEndpoint$SocketProcessor.doRun(NioEndpoint.java:1695)
		at org.apache.tomcat.util.net.SocketProcessorBase.run(SocketProcessorBase.java:49)
		at org.apache.tomcat.util.threads.ThreadPoolExecutor.runWorker(ThreadPoolExecutor.java:1191)
		at org.apache.tomcat.util.threads.ThreadPoolExecutor$Worker.run(ThreadPoolExecutor.java:659)
		at org.apache.tomcat.util.threads.TaskThread$WrappingRunnable.run(TaskThread.java:61)
		at java.base/java.lang.Thread.run(Thread.java:834)
